{
  "total_files": 16,
  "succeeded": 0,
  "failed": 16,
  "aggregate_duration_seconds": 100.8951849937439,
  "files": [
    {
      "test_file": "/Volumes/code/cywil/ai-paralegal-poc/test_api.py",
      "exit_code": 2,
      "duration_seconds": 7.286412954330444,
      "stdout": "============================= test session starts ==============================\nplatform darwin -- Python 3.11.13, pytest-8.4.0, pluggy-1.6.0\nrootdir: /Volumes/code/cywil/ai-paralegal-poc/tests\nconfigfile: pytest.ini\nplugins: cov-5.0.0, html-4.1.1, json-report-1.5.0, metadata-3.1.1, anyio-4.10.0, asyncio-1.0.0\nasyncio: mode=Mode.AUTO, asyncio_default_fixture_loop_scope=None, asyncio_default_test_loop_scope=function\ncollected 0 items / 1 error\n\n==================================== ERRORS ====================================\n________________________ ERROR collecting test session _________________________\nImportError while importing test module '/Volumes/code/cywil/ai-paralegal-poc/test_api.py'.\nHint: make sure your test modules/packages have valid Python names.\nTraceback:\n/opt/homebrew/Cellar/python@3.11/3.11.13/Frameworks/Python.framework/Versions/3.11/lib/python3.11/importlib/__init__.py:126: in import_module\n    return _bootstrap._gcd_import(name[level:], package, level)\n           ^^^^^^^^^^^^^^^^^^^^^^^^^^^^^^^^^^^^^^^^^^^^^^^^^^^^\ntest_api.py:17: in <module>\n    from app.database import AsyncSessionLocal, init_db\napp/database.py:5: in <module>\n    from app.core.database_manager import (\nE   ImportError: cannot import name 'get_async_session_factory' from 'app.core.database_manager' (/Volumes/code/cywil/ai-paralegal-poc/app/core/database_manager.py)\n=============================== warnings summary ===============================\n.venv/lib/python3.11/site-packages/_pytest/config/__init__.py:1474\n  /Volumes/code/cywil/ai-paralegal-poc/.venv/lib/python3.11/site-packages/_pytest/config/__init__.py:1474: PytestConfigWarning: Unknown config option: timeout\n  \n    self._warn_or_fail_if_strict(f\"Unknown config option: {key}\\n\")\n\n-- Docs: https://docs.pytest.org/en/stable/how-to/capture-warnings.html\n- generated xml file: /Volumes/code/cywil/ai-paralegal-poc/reports/20250823-233409/test_api/test_api.xml -\n--------------------------------- JSON report ----------------------------------\nreport saved to: /Volumes/code/cywil/ai-paralegal-poc/reports/20250823-233409/test_api/test_api.json\n\n--------- coverage: platform darwin, python 3.11.13-final-0 ----------\nName                                           Stmts   Miss  Cover   Missing\n----------------------------------------------------------------------------\napp/__init__.py                                    0      0   100%\napp/auth.py                                       68     68     0%   1-126\napp/auth_routes.py                               133    133     0%   1-350\napp/core/__init__.py                               7      0   100%\napp/core/auth_middleware.py                       92     92     0%   4-212\napp/core/celery_service_wrapper.py               202    202     0%   5-520\napp/core/config_service.py                       166     56    66%   42, 60, 65, 80-82, 98-100, 117-119, 150-152, 156-159, 171-173, 177-183, 187, 191, 196-202, 207-212, 216, 222, 230, 234, 238, 242, 246, 250-252, 263-265\napp/core/conversation_manager.py                 171    171     0%   4-349\napp/core/database_manager.py                     130     86    34%   33-39, 44-89, 93-96, 100-118, 128-139, 146-148, 152-154, 159, 164, 173-176, 180-181, 185-190, 194-198, 202-206, 211-213, 222, 226-233, 239, 244, 248\napp/core/db_optimizations.py                      82     82     0%   4-321\napp/core/exceptions.py                            97     36    63%   11-13, 25-26, 33, 49-50, 57, 64-66, 73-74, 101-102, 119-121, 128-133, 145-146, 163-165, 177-178, 200-203\napp/core/llm_manager.py                          162    120    26%   27-29, 33-39, 43-53, 58, 62-63, 73-78, 83-108, 112-114, 118-138, 145-148, 158-177, 186-204, 212-256, 260-270, 277-286, 290-291, 295, 303\napp/core/logger_manager.py                       279    203    27%   61-78, 83-131, 148-149, 156-159, 165-233, 240-243, 256-269, 286-309, 324-336, 347-352, 436-441, 483-530, 537-547, 554-583, 592-598, 606-620, 627-693, 703-743, 747-788\napp/core/performance_utils.py                    205    205     0%   4-412\napp/core/service_interface.py                    140     87    38%   33-36, 46-49, 56-73, 78, 84-99, 104, 110-135, 143, 148, 153, 161, 173-176, 180-181, 185-186, 191-199, 203-205, 209-210, 214-217, 226, 230-242, 246-248, 252\napp/core/streaming_handler.py                    121    121     0%   5-246\napp/core/tool_executor.py                        226    163    28%   58-60, 65-67, 74-80, 84-98, 102-112, 116-131, 143-147, 151-162, 171-176, 181-186, 190, 194-222, 230, 234-237, 241, 264-314, 323-331, 335-365, 379-384, 390-399, 404-411, 416-421, 424\napp/core/tool_registry.py                        156     98    37%   39-47, 63-71, 84-101, 139-188, 199, 203-206, 210-213, 217-239, 243-252, 256-260, 282, 296, 306-312, 319\napp/database.py                                    1      0   100%\napp/dependencies.py                                7      7     0%   2-12\napp/main.py                                      281    281     0%   5-639\napp/main_celery.py                               236    236     0%   4-491\napp/models.py                                    187      2    99%   11, 230\napp/orchestrator.py                                1      1     0%   4\napp/paralegal_agents/__init__.py                   3      3     0%   2-5\napp/paralegal_agents/refactored_agent_sdk.py     148    148     0%   6-429\napp/paralegal_agents/tool_wrappers.py            229    229     0%   6-652\napp/routes/__init__.py                             3      3     0%   4-7\napp/routes/auth_routes_refactored.py             120    120     0%   4-398\napp/routes/case_management_routes.py              52     52     0%   4-117\napp/services/__init__.py                          18     18     0%   4-48\napp/services/auth_service.py                      79     79     0%   1-123\napp/services/case_management_service.py          106    106     0%   1-312\napp/services/document_generation_service.py      140    140     0%   4-374\napp/services/optimized_statute_search.py          87     87     0%   4-233\napp/services/statute_search_service.py           102    102     0%   4-257\napp/services/supreme_court_service.py            149    149     0%   4-376\napp/task_processors.py                           172    172     0%   1-319\napp/validator.py                                  19     19     0%   1-183\n----------------------------------------------------------------------------\nTOTAL                                           4577   3877    15%\nCoverage HTML written to dir htmlcov\n\nFAIL Required test coverage of 80% not reached. Total coverage: 15.29%\n- Generated html report: file:///Volumes/code/cywil/ai-paralegal-poc/reports/20250823-233409/test_api/test_api.html -\n=========================== short test summary info ============================\nERROR tests\n!!!!!!!!!!!!!!!!!!!! Interrupted: 1 error during collection !!!!!!!!!!!!!!!!!!!!\n========================= 1 warning, 1 error in 5.82s ==========================\n",
      "stderr": "",
      "junit_xml": "/Volumes/code/cywil/ai-paralegal-poc/reports/20250823-233409/test_api/test_api.xml",
      "html_report": "/Volumes/code/cywil/ai-paralegal-poc/reports/20250823-233409/test_api/test_api.html",
      "json_report": "/Volumes/code/cywil/ai-paralegal-poc/reports/20250823-233409/test_api/test_api.json"
    },
    {
      "test_file": "/Volumes/code/cywil/ai-paralegal-poc/test_celery_integration.py",
      "exit_code": 1,
      "duration_seconds": 6.118736743927002,
      "stdout": "============================= test session starts ==============================\nplatform darwin -- Python 3.11.13, pytest-8.4.0, pluggy-1.6.0\nrootdir: /Volumes/code/cywil/ai-paralegal-poc/tests\nconfigfile: pytest.ini\nplugins: cov-5.0.0, html-4.1.1, json-report-1.5.0, metadata-3.1.1, anyio-4.10.0, asyncio-1.0.0\nasyncio: mode=Mode.AUTO, asyncio_default_fixture_loop_scope=None, asyncio_default_test_loop_scope=function\ncollected 0 items\n\n=============================== warnings summary ===============================\n.venv/lib/python3.11/site-packages/_pytest/config/__init__.py:1474\n  /Volumes/code/cywil/ai-paralegal-poc/.venv/lib/python3.11/site-packages/_pytest/config/__init__.py:1474: PytestConfigWarning: Unknown config option: timeout\n  \n    self._warn_or_fail_if_strict(f\"Unknown config option: {key}\\n\")\n\n-- Docs: https://docs.pytest.org/en/stable/how-to/capture-warnings.html\n- generated xml file: /Volumes/code/cywil/ai-paralegal-poc/reports/20250823-233409/test_celery_integration/test_celery_integration.xml -\n--------------------------------- JSON report ----------------------------------\nreport saved to: /Volumes/code/cywil/ai-paralegal-poc/reports/20250823-233409/test_celery_integration/test_celery_integration.json\n\n--------- coverage: platform darwin, python 3.11.13-final-0 ----------\nName                                           Stmts   Miss  Cover   Missing\n----------------------------------------------------------------------------\napp/__init__.py                                    0      0   100%\napp/auth.py                                       68     68     0%   1-126\napp/auth_routes.py                               133    133     0%   1-350\napp/core/__init__.py                               7      0   100%\napp/core/auth_middleware.py                       92     92     0%   4-212\napp/core/celery_service_wrapper.py               202    202     0%   5-520\napp/core/config_service.py                       166     28    83%   42, 60, 65, 82, 99, 117-119, 151, 158, 187, 191, 200-202, 209, 212, 222, 234, 238, 242, 246, 250-252, 263-265\napp/core/conversation_manager.py                 171    171     0%   4-349\napp/core/database_manager.py                     130     86    34%   33-39, 44-89, 93-96, 100-118, 128-139, 146-148, 152-154, 159, 164, 173-176, 180-181, 185-190, 194-198, 202-206, 211-213, 222, 226-233, 239, 244, 248\napp/core/db_optimizations.py                      82     82     0%   4-321\napp/core/exceptions.py                            97     36    63%   11-13, 25-26, 33, 49-50, 57, 64-66, 73-74, 101-102, 119-121, 128-133, 145-146, 163-165, 177-178, 200-203\napp/core/llm_manager.py                          162    120    26%   27-29, 33-39, 43-53, 58, 62-63, 73-78, 83-108, 112-114, 118-138, 145-148, 158-177, 186-204, 212-256, 260-270, 277-286, 290-291, 295, 303\napp/core/logger_manager.py                       279    170    39%   67-72, 75, 105, 111, 121, 148-149, 156-159, 165-233, 240-243, 256-269, 286-309, 324-336, 347-352, 436-441, 483-530, 537-547, 554-583, 592-598, 606-620, 627-693, 703-743, 747-788\napp/core/performance_utils.py                    205    205     0%   4-412\napp/core/service_interface.py                    140     83    41%   33-36, 56-73, 78, 84-99, 104, 110-135, 143, 148, 153, 161, 173-176, 180-181, 185-186, 191-199, 203-205, 209-210, 214-217, 226, 230-242, 246-248, 252\napp/core/streaming_handler.py                    121    121     0%   5-246\napp/core/tool_executor.py                        226    163    28%   58-60, 65-67, 74-80, 84-98, 102-112, 116-131, 143-147, 151-162, 171-176, 181-186, 190, 194-222, 230, 234-237, 241, 264-314, 323-331, 335-365, 379-384, 390-399, 404-411, 416-421, 424\napp/core/tool_registry.py                        156     98    37%   39-47, 63-71, 84-101, 139-188, 199, 203-206, 210-213, 217-239, 243-252, 256-260, 282, 296, 306-312, 319\napp/database.py                                    1      1     0%   5\napp/dependencies.py                                7      7     0%   2-12\napp/main.py                                      281    281     0%   5-639\napp/main_celery.py                               236    236     0%   4-491\napp/models.py                                    187      2    99%   11, 230\napp/orchestrator.py                                1      1     0%   4\napp/paralegal_agents/__init__.py                   3      3     0%   2-5\napp/paralegal_agents/refactored_agent_sdk.py     148    148     0%   6-429\napp/paralegal_agents/tool_wrappers.py            229    229     0%   6-652\napp/routes/__init__.py                             3      3     0%   4-7\napp/routes/auth_routes_refactored.py             120    120     0%   4-398\napp/routes/case_management_routes.py              52     52     0%   4-117\napp/services/__init__.py                          18     18     0%   4-48\napp/services/auth_service.py                      79     79     0%   1-123\napp/services/case_management_service.py          106    106     0%   1-312\napp/services/document_generation_service.py      140    140     0%   4-374\napp/services/optimized_statute_search.py          87     87     0%   4-233\napp/services/statute_search_service.py           102    102     0%   4-257\napp/services/supreme_court_service.py            149    149     0%   4-376\napp/task_processors.py                           172    172     0%   1-319\napp/validator.py                                  19     19     0%   1-183\napp/worker/celery_app.py                          26      6    77%   35, 40, 45, 50, 55, 58\napp/worker/config.py                              42      2    95%   206-236\n----------------------------------------------------------------------------\nTOTAL                                           4645   3821    18%\nCoverage HTML written to dir htmlcov\n\nFAIL Required test coverage of 80% not reached. Total coverage: 17.74%\n- Generated html report: file:///Volumes/code/cywil/ai-paralegal-poc/reports/20250823-233409/test_celery_integration/test_celery_integration.html -\n============================== 1 warning in 4.74s ==============================\n",
      "stderr": "",
      "junit_xml": "/Volumes/code/cywil/ai-paralegal-poc/reports/20250823-233409/test_celery_integration/test_celery_integration.xml",
      "html_report": "/Volumes/code/cywil/ai-paralegal-poc/reports/20250823-233409/test_celery_integration/test_celery_integration.html",
      "json_report": "/Volumes/code/cywil/ai-paralegal-poc/reports/20250823-233409/test_celery_integration/test_celery_integration.json"
    },
    {
      "test_file": "/Volumes/code/cywil/ai-paralegal-poc/test_celery_tasks.py",
      "exit_code": 2,
      "duration_seconds": 6.9946722984313965,
      "stdout": "============================= test session starts ==============================\nplatform darwin -- Python 3.11.13, pytest-8.4.0, pluggy-1.6.0\nrootdir: /Volumes/code/cywil/ai-paralegal-poc/tests\nconfigfile: pytest.ini\nplugins: cov-5.0.0, html-4.1.1, json-report-1.5.0, metadata-3.1.1, anyio-4.10.0, asyncio-1.0.0\nasyncio: mode=Mode.AUTO, asyncio_default_fixture_loop_scope=None, asyncio_default_test_loop_scope=function\ncollected 0 items / 1 error\n\n==================================== ERRORS ====================================\n________________________ ERROR collecting test session _________________________\nImportError while importing test module '/Volumes/code/cywil/ai-paralegal-poc/test_celery_tasks.py'.\nHint: make sure your test modules/packages have valid Python names.\nTraceback:\n/opt/homebrew/Cellar/python@3.11/3.11.13/Frameworks/Python.framework/Versions/3.11/lib/python3.11/importlib/__init__.py:126: in import_module\n    return _bootstrap._gcd_import(name[level:], package, level)\n           ^^^^^^^^^^^^^^^^^^^^^^^^^^^^^^^^^^^^^^^^^^^^^^^^^^^^\ntest_celery_tasks.py:13: in <module>\n    from app.worker.tasks.ruling_tasks import get_ruling_processing_status\napp/worker/tasks/ruling_tasks.py:16: in <module>\n    from .preprocess_sn_o3 import preprocess_sn_rulings, process_batch\napp/worker/tasks/preprocess_sn_o3.py:18: in <module>\n    from langchain_openai import ChatOpenAI\nE   ModuleNotFoundError: No module named 'langchain_openai'\n------------------------------- Captured stdout --------------------------------\n2025-08-23 23:34:26,894 - [\u2205] [trace=0 span=] user_id=<anon> - Creating service: ConfigService (service_interface.__init__:49)\n2025-08-23 23:34:26,900 - [\u2205] [trace=0 span=] user_id=<anon> - Configuration loaded for environment: production (config_service._load_config:198)\n=============================== warnings summary ===============================\n.venv/lib/python3.11/site-packages/_pytest/config/__init__.py:1474\n  /Volumes/code/cywil/ai-paralegal-poc/.venv/lib/python3.11/site-packages/_pytest/config/__init__.py:1474: PytestConfigWarning: Unknown config option: timeout\n  \n    self._warn_or_fail_if_strict(f\"Unknown config option: {key}\\n\")\n\n-- Docs: https://docs.pytest.org/en/stable/how-to/capture-warnings.html\n- generated xml file: /Volumes/code/cywil/ai-paralegal-poc/reports/20250823-233409/test_celery_tasks/test_celery_tasks.xml -\n--------------------------------- JSON report ----------------------------------\nreport saved to: /Volumes/code/cywil/ai-paralegal-poc/reports/20250823-233409/test_celery_tasks/test_celery_tasks.json\n\n--------- coverage: platform darwin, python 3.11.13-final-0 ----------\nName                                           Stmts   Miss  Cover   Missing\n----------------------------------------------------------------------------\napp/__init__.py                                    0      0   100%\napp/auth.py                                       68     68     0%   1-126\napp/auth_routes.py                               133    133     0%   1-350\napp/core/__init__.py                               7      0   100%\napp/core/auth_middleware.py                       92     92     0%   4-212\napp/core/celery_service_wrapper.py               202    202     0%   5-520\napp/core/config_service.py                       166     28    83%   42, 60, 65, 82, 99, 117-119, 151, 158, 187, 191, 200-202, 209, 212, 222, 234, 238, 242, 246, 250-252, 263-265\napp/core/conversation_manager.py                 171    171     0%   4-349\napp/core/database_manager.py                     130     86    34%   33-39, 44-89, 93-96, 100-118, 128-139, 146-148, 152-154, 159, 164, 173-176, 180-181, 185-190, 194-198, 202-206, 211-213, 222, 226-233, 239, 244, 248\napp/core/db_optimizations.py                      82     82     0%   4-321\napp/core/exceptions.py                            97     36    63%   11-13, 25-26, 33, 49-50, 57, 64-66, 73-74, 101-102, 119-121, 128-133, 145-146, 163-165, 177-178, 200-203\napp/core/llm_manager.py                          162    120    26%   27-29, 33-39, 43-53, 58, 62-63, 73-78, 83-108, 112-114, 118-138, 145-148, 158-177, 186-204, 212-256, 260-270, 277-286, 290-291, 295, 303\napp/core/logger_manager.py                       279    170    39%   67-72, 75, 105, 111, 121, 148-149, 156-159, 165-233, 240-243, 256-269, 286-309, 324-336, 347-352, 436-441, 483-530, 537-547, 554-583, 592-598, 606-620, 627-693, 703-743, 747-788\napp/core/performance_utils.py                    205    205     0%   4-412\napp/core/service_interface.py                    140     83    41%   33-36, 56-73, 78, 84-99, 104, 110-135, 143, 148, 153, 161, 173-176, 180-181, 185-186, 191-199, 203-205, 209-210, 214-217, 226, 230-242, 246-248, 252\napp/core/streaming_handler.py                    121    121     0%   5-246\napp/core/tool_executor.py                        226    163    28%   58-60, 65-67, 74-80, 84-98, 102-112, 116-131, 143-147, 151-162, 171-176, 181-186, 190, 194-222, 230, 234-237, 241, 264-314, 323-331, 335-365, 379-384, 390-399, 404-411, 416-421, 424\napp/core/tool_registry.py                        156     98    37%   39-47, 63-71, 84-101, 139-188, 199, 203-206, 210-213, 217-239, 243-252, 256-260, 282, 296, 306-312, 319\napp/database.py                                    1      1     0%   5\napp/dependencies.py                                7      7     0%   2-12\napp/main.py                                      281    281     0%   5-639\napp/main_celery.py                               236    236     0%   4-491\napp/models.py                                    187      2    99%   11, 230\napp/orchestrator.py                                1      1     0%   4\napp/paralegal_agents/__init__.py                   3      3     0%   2-5\napp/paralegal_agents/refactored_agent_sdk.py     148    148     0%   6-429\napp/paralegal_agents/tool_wrappers.py            229    229     0%   6-652\napp/routes/__init__.py                             3      3     0%   4-7\napp/routes/auth_routes_refactored.py             120    120     0%   4-398\napp/routes/case_management_routes.py              52     52     0%   4-117\napp/services/__init__.py                          18     18     0%   4-48\napp/services/auth_service.py                      79     79     0%   1-123\napp/services/case_management_service.py          106    106     0%   1-312\napp/services/document_generation_service.py      140    140     0%   4-374\napp/services/optimized_statute_search.py          87     87     0%   4-233\napp/services/statute_search_service.py           102    102     0%   4-257\napp/services/supreme_court_service.py            149    149     0%   4-376\napp/task_processors.py                           172    172     0%   1-319\napp/validator.py                                  19     19     0%   1-183\napp/worker/celery_app.py                          26      6    77%   35, 40, 45, 50, 55, 58\napp/worker/config.py                              42      2    95%   206-236\napp/worker/tasks/pdf2chunks.py                   213    165    23%   58-130, 134-138, 142-160, 172-188, 192-270, 274-304, 309-326, 330-342, 346, 372-373, 385-427, 431-466, 484-523, 528-550\napp/worker/tasks/preprocess_sn_o3.py             361    353     2%   19-742\napp/worker/tasks/ruling_tasks.py                 104     94    10%   17-256\napp/worker/tasks/statute_tasks.py                 88     68    23%   23-28, 44-75, 94-136, 150-182, 199-229\n----------------------------------------------------------------------------\nTOTAL                                           5411   4501    17%\nCoverage HTML written to dir htmlcov\n\nFAIL Required test coverage of 80% not reached. Total coverage: 16.82%\n- Generated html report: file:///Volumes/code/cywil/ai-paralegal-poc/reports/20250823-233409/test_celery_tasks/test_celery_tasks.html -\n=========================== short test summary info ============================\nERROR tests\n!!!!!!!!!!!!!!!!!!!! Interrupted: 1 error during collection !!!!!!!!!!!!!!!!!!!!\n========================= 1 warning, 1 error in 5.70s ==========================\n",
      "stderr": "",
      "junit_xml": "/Volumes/code/cywil/ai-paralegal-poc/reports/20250823-233409/test_celery_tasks/test_celery_tasks.xml",
      "html_report": "/Volumes/code/cywil/ai-paralegal-poc/reports/20250823-233409/test_celery_tasks/test_celery_tasks.html",
      "json_report": "/Volumes/code/cywil/ai-paralegal-poc/reports/20250823-233409/test_celery_tasks/test_celery_tasks.json"
    },
    {
      "test_file": "/Volumes/code/cywil/ai-paralegal-poc/test_migration.py",
      "exit_code": 1,
      "duration_seconds": 16.382454872131348,
      "stdout": "============================= test session starts ==============================\nplatform darwin -- Python 3.11.13, pytest-8.4.0, pluggy-1.6.0\nrootdir: /Volumes/code/cywil/ai-paralegal-poc/tests\nconfigfile: pytest.ini\nplugins: cov-5.0.0, html-4.1.1, json-report-1.5.0, metadata-3.1.1, anyio-4.10.0, asyncio-1.0.0\nasyncio: mode=Mode.AUTO, asyncio_default_fixture_loop_scope=None, asyncio_default_test_loop_scope=function\ncollected 2 items\n\ntests ..                                                                 [100%]\n\n=============================== warnings summary ===============================\n.venv/lib/python3.11/site-packages/_pytest/config/__init__.py:1474\n  /Volumes/code/cywil/ai-paralegal-poc/.venv/lib/python3.11/site-packages/_pytest/config/__init__.py:1474: PytestConfigWarning: Unknown config option: timeout\n  \n    self._warn_or_fail_if_strict(f\"Unknown config option: {key}\\n\")\n\n-- Docs: https://docs.pytest.org/en/stable/how-to/capture-warnings.html\n- generated xml file: /Volumes/code/cywil/ai-paralegal-poc/reports/20250823-233409/test_migration/test_migration.xml -\n--------------------------------- JSON report ----------------------------------\nreport saved to: /Volumes/code/cywil/ai-paralegal-poc/reports/20250823-233409/test_migration/test_migration.json\n\n--------- coverage: platform darwin, python 3.11.13-final-0 ----------\nName                                           Stmts   Miss  Cover   Missing\n----------------------------------------------------------------------------\napp/__init__.py                                    0      0   100%\napp/auth.py                                       68     41    40%   28, 32, 36-44, 48, 56-84, 90-92, 99-116, 120, 123, 126\napp/auth_routes.py                               133    133     0%   1-350\napp/core/__init__.py                               7      0   100%\napp/core/auth_middleware.py                       92     72    22%   25-29, 41-76, 84-90, 98-103, 111-116, 119, 128-142, 156-182, 191-212\napp/core/celery_service_wrapper.py               202    202     0%   5-520\napp/core/config_service.py                       166     27    84%   42, 60, 65, 80-82, 99, 117-119, 151, 158, 187, 191, 200-202, 209, 212, 222, 234, 238, 242, 246, 250-252\napp/core/conversation_manager.py                 171    123    28%   37, 50, 67-71, 75-87, 91-92, 96-121, 133-150, 156-160, 169-178, 184-201, 205-226, 230-238, 242-262, 267-278, 282-293, 297-304, 308-335, 340-344, 347\napp/core/database_manager.py                     130     86    34%   33-39, 44-89, 93-96, 100-118, 128-139, 146-148, 152-154, 159, 164, 173-176, 180-181, 185-190, 194-198, 202-206, 211-213, 222, 226-233, 239, 244, 248\napp/core/db_optimizations.py                      82     82     0%   4-321\napp/core/exceptions.py                            97     36    63%   11-13, 25-26, 33, 49-50, 57, 64-66, 73-74, 101-102, 119-121, 128-133, 145-146, 163-165, 177-178, 200-203\napp/core/llm_manager.py                          162    102    37%   33-39, 43-53, 58, 62-63, 112-114, 118-138, 145-148, 158-177, 186-204, 212-256, 260-270, 277-286, 290-291, 295, 303\napp/core/logger_manager.py                       279    165    41%   67-72, 75, 105, 111, 121, 148-149, 156-159, 165-233, 240-243, 256-269, 286-309, 324-336, 347-352, 436-441, 483-530, 537-547, 554-583, 592-598, 606-620, 634-693, 703-743, 747-788\napp/core/performance_utils.py                    205    205     0%   4-412\napp/core/service_interface.py                    140     76    46%   33-36, 57-58, 70-73, 78, 84-99, 104, 110-135, 143, 148, 153, 161, 173-176, 180-181, 185-186, 191-199, 203-205, 209-210, 214-217, 226, 230-242, 246-248, 252\napp/core/streaming_handler.py                    121     81    33%   61-64, 68, 72-147, 154-184, 192-193, 200, 203-207, 210, 213, 220, 229-240, 243, 246\napp/core/tool_executor.py                        226    163    28%   58-60, 65-67, 74-80, 84-98, 102-112, 116-131, 143-147, 151-162, 171-176, 181-186, 190, 194-222, 230, 234-237, 241, 264-314, 323-331, 335-365, 379-384, 390-399, 404-411, 416-421, 424\napp/core/tool_registry.py                        156     84    46%   39-47, 63-71, 84-101, 149, 175-184, 199, 203-206, 210-213, 217-239, 243-252, 256-260, 282, 296, 306-312, 319\napp/database.py                                    1      1     0%   5\napp/dependencies.py                                7      2    71%   11-12\napp/main.py                                      281    215    23%   40, 58-129, 136-177, 210-229, 248-320, 328-357, 372-418, 425-430, 442-457, 465-475, 484-494, 503-511, 520-532, 548-572, 585-603, 615-639\napp/main_celery.py                               236    236     0%   4-491\napp/models.py                                    187      2    99%   11, 230\napp/orchestrator.py                                1      1     0%   4\napp/paralegal_agents/__init__.py                   3      0   100%\napp/paralegal_agents/refactored_agent_sdk.py     148    104    30%   36, 44, 47-48, 53-54, 59-60, 67-68, 75-76, 87-102, 109-129, 140, 144, 151-163, 173-282, 293, 306, 321-362, 365-382, 403-412, 417, 421, 425, 429\napp/paralegal_agents/tool_wrappers.py            229    119    48%   235-259, 284-295, 311-322, 338-377, 393-422, 438-444, 460-469, 485-491, 507-530, 546-556, 572-596, 612-647, 652\napp/repositories/case_repository.py               55     35    36%   17, 21-22, 25-31, 34-38, 41-45, 48-54, 57-58, 61-65, 68-76, 80\napp/repositories/user_repository.py               38     22    42%   13, 16-17, 20-22, 25-27, 30-38, 46-53, 56\napp/routes/__init__.py                             3      0   100%\napp/routes/auth_routes_refactored.py             120     61    49%   66, 69-72, 84-146, 159-213, 223-248, 258-275, 283, 301-327, 345-382, 390-398\napp/routes/case_management_routes.py              52     26    50%   17, 20-23, 35, 44, 53-56, 66-69, 78-80, 89-92, 101, 111-117\napp/services/__init__.py                          18      2    89%   30, 44\napp/services/auth_service.py                      79     48    39%   16-17, 20, 23, 26, 29-30, 33, 36, 40, 43-47, 50-53, 56-63, 66-72, 82-91, 94-95, 98-103, 108-109, 113-114, 117, 121\napp/services/case_management_service.py          106     72    32%   18-20, 23-24, 27, 30, 33, 36, 39, 42, 57-69, 151-155, 159-162, 165, 168-186, 202-224, 245-300, 310\napp/services/document_generation_service.py      140    103    26%   29-34, 38, 44, 48-61, 75-82, 106-124, 139-174, 190-193, 197-225, 229-233, 237-246, 259-298, 316-351, 355-369, 372\napp/services/optimized_statute_search.py          87     87     0%   4-233\napp/services/statute_search_service.py           102     74    27%   27-31, 36-58, 62-63, 67-83, 104-138, 142-163, 169-202, 217-243, 247, 251, 255\napp/services/supreme_court_service.py            149    100    33%   52-57, 61-85, 89-90, 94-110, 129-173, 177-204, 210-246, 259-266, 279-310, 314-338, 342-367, 374\napp/task_processors.py                           172    172     0%   1-319\napp/validator.py                                  19     19     0%   1-183\n----------------------------------------------------------------------------\nTOTAL                                           4670   3179    32%\nCoverage HTML written to dir htmlcov\n\nFAIL Required test coverage of 80% not reached. Total coverage: 31.93%\n- Generated html report: file:///Volumes/code/cywil/ai-paralegal-poc/reports/20250823-233409/test_migration/test_migration.html -\n======================== 2 passed, 1 warning in 14.69s =========================\n",
      "stderr": "--- Logging error ---\nTraceback (most recent call last):\n  File \"/opt/homebrew/Cellar/python@3.11/3.11.13/Frameworks/Python.framework/Versions/3.11/lib/python3.11/logging/__init__.py\", line 1113, in emit\n    stream.write(msg + self.terminator)\nValueError: I/O operation on closed file.\nCall stack:\n  File \"/Volumes/code/cywil/ai-paralegal-poc/.venv/lib/python3.11/site-packages/agents/tracing/provider.py\", line 291, in shutdown\n    logger.debug(\"Shutting down trace provider\")\nMessage: 'Shutting down trace provider'\nArguments: ()\n--- Logging error ---\nTraceback (most recent call last):\n  File \"/opt/homebrew/Cellar/python@3.11/3.11.13/Frameworks/Python.framework/Versions/3.11/lib/python3.11/logging/__init__.py\", line 1113, in emit\n    stream.write(msg + self.terminator)\nValueError: I/O operation on closed file.\nCall stack:\n  File \"/Volumes/code/cywil/ai-paralegal-poc/.venv/lib/python3.11/site-packages/agents/tracing/provider.py\", line 292, in shutdown\n    self._multi_processor.shutdown()\n  File \"/Volumes/code/cywil/ai-paralegal-poc/.venv/lib/python3.11/site-packages/agents/tracing/provider.py\", line 74, in shutdown\n    logger.debug(f\"Shutting down trace processor {processor}\")\nMessage: 'Shutting down trace processor <agents.tracing.processors.BatchTraceProcessor object at 0x320d709d0>'\nArguments: ()\n",
      "junit_xml": "/Volumes/code/cywil/ai-paralegal-poc/reports/20250823-233409/test_migration/test_migration.xml",
      "html_report": "/Volumes/code/cywil/ai-paralegal-poc/reports/20250823-233409/test_migration/test_migration.html",
      "json_report": "/Volumes/code/cywil/ai-paralegal-poc/reports/20250823-233409/test_migration/test_migration.json"
    },
    {
      "test_file": "/Volumes/code/cywil/ai-paralegal-poc/test_registration_key.py",
      "exit_code": 1,
      "duration_seconds": 1.6208369731903076,
      "stdout": "============================= test session starts ==============================\nplatform darwin -- Python 3.11.13, pytest-8.4.0, pluggy-1.6.0\nrootdir: /Volumes/code/cywil/ai-paralegal-poc/tests\nconfigfile: pytest.ini\nplugins: cov-5.0.0, html-4.1.1, json-report-1.5.0, metadata-3.1.1, anyio-4.10.0, asyncio-1.0.0\nasyncio: mode=Mode.AUTO, asyncio_default_fixture_loop_scope=None, asyncio_default_test_loop_scope=function\ncollected 3 items\n\ntests EFF                                                                [100%]\n\n==================================== ERRORS ====================================\n______________ ERROR at setup of test_registration_with_valid_key ______________\nfile /Volumes/code/cywil/ai-paralegal-poc/test_registration_key.py, line 63\n  def test_registration_with_valid_key(secret_key):\nE       fixture 'secret_key' not found\n>       available fixtures: _class_event_loop, _function_event_loop, _module_event_loop, _package_event_loop, _session_event_loop, anyio_backend, anyio_backend_name, anyio_backend_options, cache, capfd, capfdbinary, caplog, capsys, capsysbinary, capteesys, cov, doctest_namespace, event_loop_policy, extra, extras, free_tcp_port, free_tcp_port_factory, free_udp_port, free_udp_port_factory, include_metadata_in_junit_xml, json_metadata, metadata, monkeypatch, no_cover, pytestconfig, record_property, record_testsuite_property, record_xml_attribute, recwarn, tmp_path, tmp_path_factory, tmpdir, tmpdir_factory, unused_tcp_port, unused_tcp_port_factory, unused_udp_port, unused_udp_port_factory\n>       use 'pytest --fixtures [testpath]' for help on them.\n\n/Volumes/code/cywil/ai-paralegal-poc/test_registration_key.py:63\n=================================== FAILURES ===================================\n______________________ test_registration_with_invalid_key ______________________\n\nself = <urllib3.connection.HTTPConnection object at 0x1057bd590>\n\n    def _new_conn(self) -> socket.socket:\n        \"\"\"Establish a socket connection and set nodelay settings on it.\n    \n        :return: New socket connection.\n        \"\"\"\n        try:\n>           sock = connection.create_connection(\n                (self._dns_host, self.port),\n                self.timeout,\n                source_address=self.source_address,\n                socket_options=self.socket_options,\n            )\n\n.venv/lib/python3.11/site-packages/urllib3/connection.py:198: \n_ _ _ _ _ _ _ _ _ _ _ _ _ _ _ _ _ _ _ _ _ _ _ _ _ _ _ _ _ _ _ _ _ _ _ _ _ _ _ _ \n.venv/lib/python3.11/site-packages/urllib3/util/connection.py:85: in create_connection\n    raise err\n_ _ _ _ _ _ _ _ _ _ _ _ _ _ _ _ _ _ _ _ _ _ _ _ _ _ _ _ _ _ _ _ _ _ _ _ _ _ _ _ \n\naddress = ('localhost', 8000), timeout = None, source_address = None\nsocket_options = [(6, 1, 1)]\n\n    def create_connection(\n        address: tuple[str, int],\n        timeout: _TYPE_TIMEOUT = _DEFAULT_TIMEOUT,\n        source_address: tuple[str, int] | None = None,\n        socket_options: _TYPE_SOCKET_OPTIONS | None = None,\n    ) -> socket.socket:\n        \"\"\"Connect to *address* and return the socket object.\n    \n        Convenience function.  Connect to *address* (a 2-tuple ``(host,\n        port)``) and return the socket object.  Passing the optional\n        *timeout* parameter will set the timeout on the socket instance\n        before attempting to connect.  If no *timeout* is supplied, the\n        global default timeout setting returned by :func:`socket.getdefaulttimeout`\n        is used.  If *source_address* is set it must be a tuple of (host, port)\n        for the socket to bind as a source address before making the connection.\n        An host of '' or port 0 tells the OS to use the default.\n        \"\"\"\n    \n        host, port = address\n        if host.startswith(\"[\"):\n            host = host.strip(\"[]\")\n        err = None\n    \n        # Using the value from allowed_gai_family() in the context of getaddrinfo lets\n        # us select whether to work with IPv4 DNS records, IPv6 records, or both.\n        # The original create_connection function always returns all records.\n        family = allowed_gai_family()\n    \n        try:\n            host.encode(\"idna\")\n        except UnicodeError:\n            raise LocationParseError(f\"'{host}', label empty or too long\") from None\n    \n        for res in socket.getaddrinfo(host, port, family, socket.SOCK_STREAM):\n            af, socktype, proto, canonname, sa = res\n            sock = None\n            try:\n                sock = socket.socket(af, socktype, proto)\n    \n                # If provided, set socket level options before connecting.\n                _set_socket_options(sock, socket_options)\n    \n                if timeout is not _DEFAULT_TIMEOUT:\n                    sock.settimeout(timeout)\n                if source_address:\n                    sock.bind(source_address)\n>               sock.connect(sa)\nE               ConnectionRefusedError: [Errno 61] Connection refused\n\n.venv/lib/python3.11/site-packages/urllib3/util/connection.py:73: ConnectionRefusedError\n\nThe above exception was the direct cause of the following exception:\n\nself = <urllib3.connectionpool.HTTPConnectionPool object at 0x1057b6fd0>\nmethod = 'POST', url = '/api/auth/register'\nbody = b'{\"email\": \"invalid_20250823233446@example.com\", \"password\": \"TestPassword123!\", \"full_name\": \"Invalid Test User\", \"secret_key\": \"invalid-key-12345\"}'\nheaders = {'User-Agent': 'python-requests/2.32.5', 'Accept-Encoding': 'gzip, deflate', 'Accept': '*/*', 'Connection': 'keep-alive', 'Content-Length': '148', 'Content-Type': 'application/json'}\nretries = Retry(total=0, connect=None, read=False, redirect=None, status=None)\nredirect = False, assert_same_host = False\ntimeout = Timeout(connect=None, read=None, total=None), pool_timeout = None\nrelease_conn = False, chunked = False, body_pos = None, preload_content = False\ndecode_content = False, response_kw = {}\nparsed_url = Url(scheme=None, auth=None, host=None, port=None, path='/api/auth/register', query=None, fragment=None)\ndestination_scheme = None, conn = None, release_this_conn = True\nhttp_tunnel_required = False, err = None, clean_exit = False\n\n    def urlopen(  # type: ignore[override]\n        self,\n        method: str,\n        url: str,\n        body: _TYPE_BODY | None = None,\n        headers: typing.Mapping[str, str] | None = None,\n        retries: Retry | bool | int | None = None,\n        redirect: bool = True,\n        assert_same_host: bool = True,\n        timeout: _TYPE_TIMEOUT = _DEFAULT_TIMEOUT,\n        pool_timeout: int | None = None,\n        release_conn: bool | None = None,\n        chunked: bool = False,\n        body_pos: _TYPE_BODY_POSITION | None = None,\n        preload_content: bool = True,\n        decode_content: bool = True,\n        **response_kw: typing.Any,\n    ) -> BaseHTTPResponse:\n        \"\"\"\n        Get a connection from the pool and perform an HTTP request. This is the\n        lowest level call for making a request, so you'll need to specify all\n        the raw details.\n    \n        .. note::\n    \n           More commonly, it's appropriate to use a convenience method\n           such as :meth:`request`.\n    \n        .. note::\n    \n           `release_conn` will only behave as expected if\n           `preload_content=False` because we want to make\n           `preload_content=False` the default behaviour someday soon without\n           breaking backwards compatibility.\n    \n        :param method:\n            HTTP request method (such as GET, POST, PUT, etc.)\n    \n        :param url:\n            The URL to perform the request on.\n    \n        :param body:\n            Data to send in the request body, either :class:`str`, :class:`bytes`,\n            an iterable of :class:`str`/:class:`bytes`, or a file-like object.\n    \n        :param headers:\n            Dictionary of custom headers to send, such as User-Agent,\n            If-None-Match, etc. If None, pool headers are used. If provided,\n            these headers completely replace any pool-specific headers.\n    \n        :param retries:\n            Configure the number of retries to allow before raising a\n            :class:`~urllib3.exceptions.MaxRetryError` exception.\n    \n            If ``None`` (default) will retry 3 times, see ``Retry.DEFAULT``. Pass a\n            :class:`~urllib3.util.retry.Retry` object for fine-grained control\n            over different types of retries.\n            Pass an integer number to retry connection errors that many times,\n            but no other types of errors. Pass zero to never retry.\n    \n            If ``False``, then retries are disabled and any exception is raised\n            immediately. Also, instead of raising a MaxRetryError on redirects,\n            the redirect response will be returned.\n    \n        :type retries: :class:`~urllib3.util.retry.Retry`, False, or an int.\n    \n        :param redirect:\n            If True, automatically handle redirects (status codes 301, 302,\n            303, 307, 308). Each redirect counts as a retry. Disabling retries\n            will disable redirect, too.\n    \n        :param assert_same_host:\n            If ``True``, will make sure that the host of the pool requests is\n            consistent else will raise HostChangedError. When ``False``, you can\n            use the pool on an HTTP proxy and request foreign hosts.\n    \n        :param timeout:\n            If specified, overrides the default timeout for this one\n            request. It may be a float (in seconds) or an instance of\n            :class:`urllib3.util.Timeout`.\n    \n        :param pool_timeout:\n            If set and the pool is set to block=True, then this method will\n            block for ``pool_timeout`` seconds and raise EmptyPoolError if no\n            connection is available within the time period.\n    \n        :param bool preload_content:\n            If True, the response's body will be preloaded into memory.\n    \n        :param bool decode_content:\n            If True, will attempt to decode the body based on the\n            'content-encoding' header.\n    \n        :param release_conn:\n            If False, then the urlopen call will not release the connection\n            back into the pool once a response is received (but will release if\n            you read the entire contents of the response such as when\n            `preload_content=True`). This is useful if you're not preloading\n            the response's content immediately. You will need to call\n            ``r.release_conn()`` on the response ``r`` to return the connection\n            back into the pool. If None, it takes the value of ``preload_content``\n            which defaults to ``True``.\n    \n        :param bool chunked:\n            If True, urllib3 will send the body using chunked transfer\n            encoding. Otherwise, urllib3 will send the body using the standard\n            content-length form. Defaults to False.\n    \n        :param int body_pos:\n            Position to seek to in file-like body in the event of a retry or\n            redirect. Typically this won't need to be set because urllib3 will\n            auto-populate the value when needed.\n        \"\"\"\n        parsed_url = parse_url(url)\n        destination_scheme = parsed_url.scheme\n    \n        if headers is None:\n            headers = self.headers\n    \n        if not isinstance(retries, Retry):\n            retries = Retry.from_int(retries, redirect=redirect, default=self.retries)\n    \n        if release_conn is None:\n            release_conn = preload_content\n    \n        # Check host\n        if assert_same_host and not self.is_same_host(url):\n            raise HostChangedError(self, url, retries)\n    \n        # Ensure that the URL we're connecting to is properly encoded\n        if url.startswith(\"/\"):\n            url = to_str(_encode_target(url))\n        else:\n            url = to_str(parsed_url.url)\n    \n        conn = None\n    \n        # Track whether `conn` needs to be released before\n        # returning/raising/recursing. Update this variable if necessary, and\n        # leave `release_conn` constant throughout the function. That way, if\n        # the function recurses, the original value of `release_conn` will be\n        # passed down into the recursive call, and its value will be respected.\n        #\n        # See issue #651 [1] for details.\n        #\n        # [1] <https://github.com/urllib3/urllib3/issues/651>\n        release_this_conn = release_conn\n    \n        http_tunnel_required = connection_requires_http_tunnel(\n            self.proxy, self.proxy_config, destination_scheme\n        )\n    \n        # Merge the proxy headers. Only done when not using HTTP CONNECT. We\n        # have to copy the headers dict so we can safely change it without those\n        # changes being reflected in anyone else's copy.\n        if not http_tunnel_required:\n            headers = headers.copy()  # type: ignore[attr-defined]\n            headers.update(self.proxy_headers)  # type: ignore[union-attr]\n    \n        # Must keep the exception bound to a separate variable or else Python 3\n        # complains about UnboundLocalError.\n        err = None\n    \n        # Keep track of whether we cleanly exited the except block. This\n        # ensures we do proper cleanup in finally.\n        clean_exit = False\n    \n        # Rewind body position, if needed. Record current position\n        # for future rewinds in the event of a redirect/retry.\n        body_pos = set_file_position(body, body_pos)\n    \n        try:\n            # Request a connection from the queue.\n            timeout_obj = self._get_timeout(timeout)\n            conn = self._get_conn(timeout=pool_timeout)\n    \n            conn.timeout = timeout_obj.connect_timeout  # type: ignore[assignment]\n    \n            # Is this a closed/new connection that requires CONNECT tunnelling?\n            if self.proxy is not None and http_tunnel_required and conn.is_closed:\n                try:\n                    self._prepare_proxy(conn)\n                except (BaseSSLError, OSError, SocketTimeout) as e:\n                    self._raise_timeout(\n                        err=e, url=self.proxy.url, timeout_value=conn.timeout\n                    )\n                    raise\n    \n            # If we're going to release the connection in ``finally:``, then\n            # the response doesn't need to know about the connection. Otherwise\n            # it will also try to release it and we'll have a double-release\n            # mess.\n            response_conn = conn if not release_conn else None\n    \n            # Make the request on the HTTPConnection object\n>           response = self._make_request(\n                conn,\n                method,\n                url,\n                timeout=timeout_obj,\n                body=body,\n                headers=headers,\n                chunked=chunked,\n                retries=retries,\n                response_conn=response_conn,\n                preload_content=preload_content,\n                decode_content=decode_content,\n                **response_kw,\n            )\n\n.venv/lib/python3.11/site-packages/urllib3/connectionpool.py:787: \n_ _ _ _ _ _ _ _ _ _ _ _ _ _ _ _ _ _ _ _ _ _ _ _ _ _ _ _ _ _ _ _ _ _ _ _ _ _ _ _ \n.venv/lib/python3.11/site-packages/urllib3/connectionpool.py:493: in _make_request\n    conn.request(\n.venv/lib/python3.11/site-packages/urllib3/connection.py:494: in request\n    self.endheaders()\n/opt/homebrew/Cellar/python@3.11/3.11.13/Frameworks/Python.framework/Versions/3.11/lib/python3.11/http/client.py:1298: in endheaders\n    self._send_output(message_body, encode_chunked=encode_chunked)\n/opt/homebrew/Cellar/python@3.11/3.11.13/Frameworks/Python.framework/Versions/3.11/lib/python3.11/http/client.py:1058: in _send_output\n    self.send(msg)\n/opt/homebrew/Cellar/python@3.11/3.11.13/Frameworks/Python.framework/Versions/3.11/lib/python3.11/http/client.py:996: in send\n    self.connect()\n.venv/lib/python3.11/site-packages/urllib3/connection.py:325: in connect\n    self.sock = self._new_conn()\n                ^^^^^^^^^^^^^^^^\n_ _ _ _ _ _ _ _ _ _ _ _ _ _ _ _ _ _ _ _ _ _ _ _ _ _ _ _ _ _ _ _ _ _ _ _ _ _ _ _ \n\nself = <urllib3.connection.HTTPConnection object at 0x1057bd590>\n\n    def _new_conn(self) -> socket.socket:\n        \"\"\"Establish a socket connection and set nodelay settings on it.\n    \n        :return: New socket connection.\n        \"\"\"\n        try:\n            sock = connection.create_connection(\n                (self._dns_host, self.port),\n                self.timeout,\n                source_address=self.source_address,\n                socket_options=self.socket_options,\n            )\n        except socket.gaierror as e:\n            raise NameResolutionError(self.host, self, e) from e\n        except SocketTimeout as e:\n            raise ConnectTimeoutError(\n                self,\n                f\"Connection to {self.host} timed out. (connect timeout={self.timeout})\",\n            ) from e\n    \n        except OSError as e:\n>           raise NewConnectionError(\n                self, f\"Failed to establish a new connection: {e}\"\n            ) from e\nE           urllib3.exceptions.NewConnectionError: <urllib3.connection.HTTPConnection object at 0x1057bd590>: Failed to establish a new connection: [Errno 61] Connection refused\n\n.venv/lib/python3.11/site-packages/urllib3/connection.py:213: NewConnectionError\n\nThe above exception was the direct cause of the following exception:\n\nself = <requests.adapters.HTTPAdapter object at 0x1057bb810>\nrequest = <PreparedRequest [POST]>, stream = False\ntimeout = Timeout(connect=None, read=None, total=None), verify = True\ncert = None, proxies = OrderedDict()\n\n    def send(\n        self, request, stream=False, timeout=None, verify=True, cert=None, proxies=None\n    ):\n        \"\"\"Sends PreparedRequest object. Returns Response object.\n    \n        :param request: The :class:`PreparedRequest <PreparedRequest>` being sent.\n        :param stream: (optional) Whether to stream the request content.\n        :param timeout: (optional) How long to wait for the server to send\n            data before giving up, as a float, or a :ref:`(connect timeout,\n            read timeout) <timeouts>` tuple.\n        :type timeout: float or tuple or urllib3 Timeout object\n        :param verify: (optional) Either a boolean, in which case it controls whether\n            we verify the server's TLS certificate, or a string, in which case it\n            must be a path to a CA bundle to use\n        :param cert: (optional) Any user-provided SSL certificate to be trusted.\n        :param proxies: (optional) The proxies dictionary to apply to the request.\n        :rtype: requests.Response\n        \"\"\"\n    \n        try:\n            conn = self.get_connection_with_tls_context(\n                request, verify, proxies=proxies, cert=cert\n            )\n        except LocationValueError as e:\n            raise InvalidURL(e, request=request)\n    \n        self.cert_verify(conn, request.url, verify, cert)\n        url = self.request_url(request, proxies)\n        self.add_headers(\n            request,\n            stream=stream,\n            timeout=timeout,\n            verify=verify,\n            cert=cert,\n            proxies=proxies,\n        )\n    \n        chunked = not (request.body is None or \"Content-Length\" in request.headers)\n    \n        if isinstance(timeout, tuple):\n            try:\n                connect, read = timeout\n                timeout = TimeoutSauce(connect=connect, read=read)\n            except ValueError:\n                raise ValueError(\n                    f\"Invalid timeout {timeout}. Pass a (connect, read) timeout tuple, \"\n                    f\"or a single float to set both timeouts to the same value.\"\n                )\n        elif isinstance(timeout, TimeoutSauce):\n            pass\n        else:\n            timeout = TimeoutSauce(connect=timeout, read=timeout)\n    \n        try:\n>           resp = conn.urlopen(\n                method=request.method,\n                url=url,\n                body=request.body,\n                headers=request.headers,\n                redirect=False,\n                assert_same_host=False,\n                preload_content=False,\n                decode_content=False,\n                retries=self.max_retries,\n                timeout=timeout,\n                chunked=chunked,\n            )\n\n.venv/lib/python3.11/site-packages/requests/adapters.py:644: \n_ _ _ _ _ _ _ _ _ _ _ _ _ _ _ _ _ _ _ _ _ _ _ _ _ _ _ _ _ _ _ _ _ _ _ _ _ _ _ _ \n.venv/lib/python3.11/site-packages/urllib3/connectionpool.py:841: in urlopen\n    retries = retries.increment(\n_ _ _ _ _ _ _ _ _ _ _ _ _ _ _ _ _ _ _ _ _ _ _ _ _ _ _ _ _ _ _ _ _ _ _ _ _ _ _ _ \n\nself = Retry(total=0, connect=None, read=False, redirect=None, status=None)\nmethod = 'POST', url = '/api/auth/register', response = None\nerror = NewConnectionError('<urllib3.connection.HTTPConnection object at 0x1057bd590>: Failed to establish a new connection: [Errno 61] Connection refused')\n_pool = <urllib3.connectionpool.HTTPConnectionPool object at 0x1057b6fd0>\n_stacktrace = <traceback object at 0x1057bd900>\n\n    def increment(\n        self,\n        method: str | None = None,\n        url: str | None = None,\n        response: BaseHTTPResponse | None = None,\n        error: Exception | None = None,\n        _pool: ConnectionPool | None = None,\n        _stacktrace: TracebackType | None = None,\n    ) -> Self:\n        \"\"\"Return a new Retry object with incremented retry counters.\n    \n        :param response: A response object, or None, if the server did not\n            return a response.\n        :type response: :class:`~urllib3.response.BaseHTTPResponse`\n        :param Exception error: An error encountered during the request, or\n            None if the response was received successfully.\n    \n        :return: A new ``Retry`` object.\n        \"\"\"\n        if self.total is False and error:\n            # Disabled, indicate to re-raise the error.\n            raise reraise(type(error), error, _stacktrace)\n    \n        total = self.total\n        if total is not None:\n            total -= 1\n    \n        connect = self.connect\n        read = self.read\n        redirect = self.redirect\n        status_count = self.status\n        other = self.other\n        cause = \"unknown\"\n        status = None\n        redirect_location = None\n    \n        if error and self._is_connection_error(error):\n            # Connect retry?\n            if connect is False:\n                raise reraise(type(error), error, _stacktrace)\n            elif connect is not None:\n                connect -= 1\n    \n        elif error and self._is_read_error(error):\n            # Read retry?\n            if read is False or method is None or not self._is_method_retryable(method):\n                raise reraise(type(error), error, _stacktrace)\n            elif read is not None:\n                read -= 1\n    \n        elif error:\n            # Other retry?\n            if other is not None:\n                other -= 1\n    \n        elif response and response.get_redirect_location():\n            # Redirect retry?\n            if redirect is not None:\n                redirect -= 1\n            cause = \"too many redirects\"\n            response_redirect_location = response.get_redirect_location()\n            if response_redirect_location:\n                redirect_location = response_redirect_location\n            status = response.status\n    \n        else:\n            # Incrementing because of a server error like a 500 in\n            # status_forcelist and the given method is in the allowed_methods\n            cause = ResponseError.GENERIC_ERROR\n            if response and response.status:\n                if status_count is not None:\n                    status_count -= 1\n                cause = ResponseError.SPECIFIC_ERROR.format(status_code=response.status)\n                status = response.status\n    \n        history = self.history + (\n            RequestHistory(method, url, error, status, redirect_location),\n        )\n    \n        new_retry = self.new(\n            total=total,\n            connect=connect,\n            read=read,\n            redirect=redirect,\n            status=status_count,\n            other=other,\n            history=history,\n        )\n    \n        if new_retry.is_exhausted():\n            reason = error or ResponseError(cause)\n>           raise MaxRetryError(_pool, url, reason) from reason  # type: ignore[arg-type]\n            ^^^^^^^^^^^^^^^^^^^^^^^^^^^^^^^^^^^^^^^^^^^^^^^^^^^\nE           urllib3.exceptions.MaxRetryError: HTTPConnectionPool(host='localhost', port=8000): Max retries exceeded with url: /api/auth/register (Caused by NewConnectionError('<urllib3.connection.HTTPConnection object at 0x1057bd590>: Failed to establish a new connection: [Errno 61] Connection refused'))\n\n.venv/lib/python3.11/site-packages/urllib3/util/retry.py:519: MaxRetryError\n\nDuring handling of the above exception, another exception occurred:\n\n    def test_registration_with_invalid_key():\n        \"\"\"Test registration with an invalid secret key.\"\"\"\n        print(f\"\\n\u274c Testing registration with invalid key...\")\n        test_user = {\n            \"email\": f\"invalid_{datetime.now().strftime('%Y%m%d%H%M%S')}@example.com\",\n            \"password\": \"TestPassword123!\",\n            \"full_name\": \"Invalid Test User\",\n            \"secret_key\": \"invalid-key-12345\"\n        }\n    \n>       response = requests.post(f\"{BASE_URL}/auth/register\", json=test_user)\n                   ^^^^^^^^^^^^^^^^^^^^^^^^^^^^^^^^^^^^^^^^^^^^^^^^^^^^^^^^^^\n\ntest_registration_key.py:95: \n_ _ _ _ _ _ _ _ _ _ _ _ _ _ _ _ _ _ _ _ _ _ _ _ _ _ _ _ _ _ _ _ _ _ _ _ _ _ _ _ \n.venv/lib/python3.11/site-packages/requests/api.py:115: in post\n    return request(\"post\", url, data=data, json=json, **kwargs)\n           ^^^^^^^^^^^^^^^^^^^^^^^^^^^^^^^^^^^^^^^^^^^^^^^^^^^^\n.venv/lib/python3.11/site-packages/requests/api.py:59: in request\n    return session.request(method=method, url=url, **kwargs)\n           ^^^^^^^^^^^^^^^^^^^^^^^^^^^^^^^^^^^^^^^^^^^^^^^^^\n.venv/lib/python3.11/site-packages/requests/sessions.py:589: in request\n    resp = self.send(prep, **send_kwargs)\n           ^^^^^^^^^^^^^^^^^^^^^^^^^^^^^^\n.venv/lib/python3.11/site-packages/requests/sessions.py:703: in send\n    r = adapter.send(request, **kwargs)\n        ^^^^^^^^^^^^^^^^^^^^^^^^^^^^^^^\n_ _ _ _ _ _ _ _ _ _ _ _ _ _ _ _ _ _ _ _ _ _ _ _ _ _ _ _ _ _ _ _ _ _ _ _ _ _ _ _ \n\nself = <requests.adapters.HTTPAdapter object at 0x1057bb810>\nrequest = <PreparedRequest [POST]>, stream = False\ntimeout = Timeout(connect=None, read=None, total=None), verify = True\ncert = None, proxies = OrderedDict()\n\n    def send(\n        self, request, stream=False, timeout=None, verify=True, cert=None, proxies=None\n    ):\n        \"\"\"Sends PreparedRequest object. Returns Response object.\n    \n        :param request: The :class:`PreparedRequest <PreparedRequest>` being sent.\n        :param stream: (optional) Whether to stream the request content.\n        :param timeout: (optional) How long to wait for the server to send\n            data before giving up, as a float, or a :ref:`(connect timeout,\n            read timeout) <timeouts>` tuple.\n        :type timeout: float or tuple or urllib3 Timeout object\n        :param verify: (optional) Either a boolean, in which case it controls whether\n            we verify the server's TLS certificate, or a string, in which case it\n            must be a path to a CA bundle to use\n        :param cert: (optional) Any user-provided SSL certificate to be trusted.\n        :param proxies: (optional) The proxies dictionary to apply to the request.\n        :rtype: requests.Response\n        \"\"\"\n    \n        try:\n            conn = self.get_connection_with_tls_context(\n                request, verify, proxies=proxies, cert=cert\n            )\n        except LocationValueError as e:\n            raise InvalidURL(e, request=request)\n    \n        self.cert_verify(conn, request.url, verify, cert)\n        url = self.request_url(request, proxies)\n        self.add_headers(\n            request,\n            stream=stream,\n            timeout=timeout,\n            verify=verify,\n            cert=cert,\n            proxies=proxies,\n        )\n    \n        chunked = not (request.body is None or \"Content-Length\" in request.headers)\n    \n        if isinstance(timeout, tuple):\n            try:\n                connect, read = timeout\n                timeout = TimeoutSauce(connect=connect, read=read)\n            except ValueError:\n                raise ValueError(\n                    f\"Invalid timeout {timeout}. Pass a (connect, read) timeout tuple, \"\n                    f\"or a single float to set both timeouts to the same value.\"\n                )\n        elif isinstance(timeout, TimeoutSauce):\n            pass\n        else:\n            timeout = TimeoutSauce(connect=timeout, read=timeout)\n    \n        try:\n            resp = conn.urlopen(\n                method=request.method,\n                url=url,\n                body=request.body,\n                headers=request.headers,\n                redirect=False,\n                assert_same_host=False,\n                preload_content=False,\n                decode_content=False,\n                retries=self.max_retries,\n                timeout=timeout,\n                chunked=chunked,\n            )\n    \n        except (ProtocolError, OSError) as err:\n            raise ConnectionError(err, request=request)\n    \n        except MaxRetryError as e:\n            if isinstance(e.reason, ConnectTimeoutError):\n                # TODO: Remove this in 3.0.0: see #2811\n                if not isinstance(e.reason, NewConnectionError):\n                    raise ConnectTimeout(e, request=request)\n    \n            if isinstance(e.reason, ResponseError):\n                raise RetryError(e, request=request)\n    \n            if isinstance(e.reason, _ProxyError):\n                raise ProxyError(e, request=request)\n    \n            if isinstance(e.reason, _SSLError):\n                # This branch is for urllib3 v1.22 and later.\n                raise SSLError(e, request=request)\n    \n>           raise ConnectionError(e, request=request)\nE           requests.exceptions.ConnectionError: HTTPConnectionPool(host='localhost', port=8000): Max retries exceeded with url: /api/auth/register (Caused by NewConnectionError('<urllib3.connection.HTTPConnection object at 0x1057bd590>: Failed to establish a new connection: [Errno 61] Connection refused'))\n\n.venv/lib/python3.11/site-packages/requests/adapters.py:677: ConnectionError\n----------------------------- Captured stdout call -----------------------------\n\n\u274c Testing registration with invalid key...\n________________________ test_registration_without_key _________________________\n\nself = <urllib3.connection.HTTPConnection object at 0x105f1d050>\n\n    def _new_conn(self) -> socket.socket:\n        \"\"\"Establish a socket connection and set nodelay settings on it.\n    \n        :return: New socket connection.\n        \"\"\"\n        try:\n>           sock = connection.create_connection(\n                (self._dns_host, self.port),\n                self.timeout,\n                source_address=self.source_address,\n                socket_options=self.socket_options,\n            )\n\n.venv/lib/python3.11/site-packages/urllib3/connection.py:198: \n_ _ _ _ _ _ _ _ _ _ _ _ _ _ _ _ _ _ _ _ _ _ _ _ _ _ _ _ _ _ _ _ _ _ _ _ _ _ _ _ \n.venv/lib/python3.11/site-packages/urllib3/util/connection.py:85: in create_connection\n    raise err\n_ _ _ _ _ _ _ _ _ _ _ _ _ _ _ _ _ _ _ _ _ _ _ _ _ _ _ _ _ _ _ _ _ _ _ _ _ _ _ _ \n\naddress = ('localhost', 8000), timeout = None, source_address = None\nsocket_options = [(6, 1, 1)]\n\n    def create_connection(\n        address: tuple[str, int],\n        timeout: _TYPE_TIMEOUT = _DEFAULT_TIMEOUT,\n        source_address: tuple[str, int] | None = None,\n        socket_options: _TYPE_SOCKET_OPTIONS | None = None,\n    ) -> socket.socket:\n        \"\"\"Connect to *address* and return the socket object.\n    \n        Convenience function.  Connect to *address* (a 2-tuple ``(host,\n        port)``) and return the socket object.  Passing the optional\n        *timeout* parameter will set the timeout on the socket instance\n        before attempting to connect.  If no *timeout* is supplied, the\n        global default timeout setting returned by :func:`socket.getdefaulttimeout`\n        is used.  If *source_address* is set it must be a tuple of (host, port)\n        for the socket to bind as a source address before making the connection.\n        An host of '' or port 0 tells the OS to use the default.\n        \"\"\"\n    \n        host, port = address\n        if host.startswith(\"[\"):\n            host = host.strip(\"[]\")\n        err = None\n    \n        # Using the value from allowed_gai_family() in the context of getaddrinfo lets\n        # us select whether to work with IPv4 DNS records, IPv6 records, or both.\n        # The original create_connection function always returns all records.\n        family = allowed_gai_family()\n    \n        try:\n            host.encode(\"idna\")\n        except UnicodeError:\n            raise LocationParseError(f\"'{host}', label empty or too long\") from None\n    \n        for res in socket.getaddrinfo(host, port, family, socket.SOCK_STREAM):\n            af, socktype, proto, canonname, sa = res\n            sock = None\n            try:\n                sock = socket.socket(af, socktype, proto)\n    \n                # If provided, set socket level options before connecting.\n                _set_socket_options(sock, socket_options)\n    \n                if timeout is not _DEFAULT_TIMEOUT:\n                    sock.settimeout(timeout)\n                if source_address:\n                    sock.bind(source_address)\n>               sock.connect(sa)\nE               ConnectionRefusedError: [Errno 61] Connection refused\n\n.venv/lib/python3.11/site-packages/urllib3/util/connection.py:73: ConnectionRefusedError\n\nThe above exception was the direct cause of the following exception:\n\nself = <urllib3.connectionpool.HTTPConnectionPool object at 0x105f1ca50>\nmethod = 'POST', url = '/api/auth/register'\nbody = b'{\"email\": \"nokey_20250823233446@example.com\", \"password\": \"TestPassword123!\", \"full_name\": \"No Key Test User\"}'\nheaders = {'User-Agent': 'python-requests/2.32.5', 'Accept-Encoding': 'gzip, deflate', 'Accept': '*/*', 'Connection': 'keep-alive', 'Content-Length': '110', 'Content-Type': 'application/json'}\nretries = Retry(total=0, connect=None, read=False, redirect=None, status=None)\nredirect = False, assert_same_host = False\ntimeout = Timeout(connect=None, read=None, total=None), pool_timeout = None\nrelease_conn = False, chunked = False, body_pos = None, preload_content = False\ndecode_content = False, response_kw = {}\nparsed_url = Url(scheme=None, auth=None, host=None, port=None, path='/api/auth/register', query=None, fragment=None)\ndestination_scheme = None, conn = None, release_this_conn = True\nhttp_tunnel_required = False, err = None, clean_exit = False\n\n    def urlopen(  # type: ignore[override]\n        self,\n        method: str,\n        url: str,\n        body: _TYPE_BODY | None = None,\n        headers: typing.Mapping[str, str] | None = None,\n        retries: Retry | bool | int | None = None,\n        redirect: bool = True,\n        assert_same_host: bool = True,\n        timeout: _TYPE_TIMEOUT = _DEFAULT_TIMEOUT,\n        pool_timeout: int | None = None,\n        release_conn: bool | None = None,\n        chunked: bool = False,\n        body_pos: _TYPE_BODY_POSITION | None = None,\n        preload_content: bool = True,\n        decode_content: bool = True,\n        **response_kw: typing.Any,\n    ) -> BaseHTTPResponse:\n        \"\"\"\n        Get a connection from the pool and perform an HTTP request. This is the\n        lowest level call for making a request, so you'll need to specify all\n        the raw details.\n    \n        .. note::\n    \n           More commonly, it's appropriate to use a convenience method\n           such as :meth:`request`.\n    \n        .. note::\n    \n           `release_conn` will only behave as expected if\n           `preload_content=False` because we want to make\n           `preload_content=False` the default behaviour someday soon without\n           breaking backwards compatibility.\n    \n        :param method:\n            HTTP request method (such as GET, POST, PUT, etc.)\n    \n        :param url:\n            The URL to perform the request on.\n    \n        :param body:\n            Data to send in the request body, either :class:`str`, :class:`bytes`,\n            an iterable of :class:`str`/:class:`bytes`, or a file-like object.\n    \n        :param headers:\n            Dictionary of custom headers to send, such as User-Agent,\n            If-None-Match, etc. If None, pool headers are used. If provided,\n            these headers completely replace any pool-specific headers.\n    \n        :param retries:\n            Configure the number of retries to allow before raising a\n            :class:`~urllib3.exceptions.MaxRetryError` exception.\n    \n            If ``None`` (default) will retry 3 times, see ``Retry.DEFAULT``. Pass a\n            :class:`~urllib3.util.retry.Retry` object for fine-grained control\n            over different types of retries.\n            Pass an integer number to retry connection errors that many times,\n            but no other types of errors. Pass zero to never retry.\n    \n            If ``False``, then retries are disabled and any exception is raised\n            immediately. Also, instead of raising a MaxRetryError on redirects,\n            the redirect response will be returned.\n    \n        :type retries: :class:`~urllib3.util.retry.Retry`, False, or an int.\n    \n        :param redirect:\n            If True, automatically handle redirects (status codes 301, 302,\n            303, 307, 308). Each redirect counts as a retry. Disabling retries\n            will disable redirect, too.\n    \n        :param assert_same_host:\n            If ``True``, will make sure that the host of the pool requests is\n            consistent else will raise HostChangedError. When ``False``, you can\n            use the pool on an HTTP proxy and request foreign hosts.\n    \n        :param timeout:\n            If specified, overrides the default timeout for this one\n            request. It may be a float (in seconds) or an instance of\n            :class:`urllib3.util.Timeout`.\n    \n        :param pool_timeout:\n            If set and the pool is set to block=True, then this method will\n            block for ``pool_timeout`` seconds and raise EmptyPoolError if no\n            connection is available within the time period.\n    \n        :param bool preload_content:\n            If True, the response's body will be preloaded into memory.\n    \n        :param bool decode_content:\n            If True, will attempt to decode the body based on the\n            'content-encoding' header.\n    \n        :param release_conn:\n            If False, then the urlopen call will not release the connection\n            back into the pool once a response is received (but will release if\n            you read the entire contents of the response such as when\n            `preload_content=True`). This is useful if you're not preloading\n            the response's content immediately. You will need to call\n            ``r.release_conn()`` on the response ``r`` to return the connection\n            back into the pool. If None, it takes the value of ``preload_content``\n            which defaults to ``True``.\n    \n        :param bool chunked:\n            If True, urllib3 will send the body using chunked transfer\n            encoding. Otherwise, urllib3 will send the body using the standard\n            content-length form. Defaults to False.\n    \n        :param int body_pos:\n            Position to seek to in file-like body in the event of a retry or\n            redirect. Typically this won't need to be set because urllib3 will\n            auto-populate the value when needed.\n        \"\"\"\n        parsed_url = parse_url(url)\n        destination_scheme = parsed_url.scheme\n    \n        if headers is None:\n            headers = self.headers\n    \n        if not isinstance(retries, Retry):\n            retries = Retry.from_int(retries, redirect=redirect, default=self.retries)\n    \n        if release_conn is None:\n            release_conn = preload_content\n    \n        # Check host\n        if assert_same_host and not self.is_same_host(url):\n            raise HostChangedError(self, url, retries)\n    \n        # Ensure that the URL we're connecting to is properly encoded\n        if url.startswith(\"/\"):\n            url = to_str(_encode_target(url))\n        else:\n            url = to_str(parsed_url.url)\n    \n        conn = None\n    \n        # Track whether `conn` needs to be released before\n        # returning/raising/recursing. Update this variable if necessary, and\n        # leave `release_conn` constant throughout the function. That way, if\n        # the function recurses, the original value of `release_conn` will be\n        # passed down into the recursive call, and its value will be respected.\n        #\n        # See issue #651 [1] for details.\n        #\n        # [1] <https://github.com/urllib3/urllib3/issues/651>\n        release_this_conn = release_conn\n    \n        http_tunnel_required = connection_requires_http_tunnel(\n            self.proxy, self.proxy_config, destination_scheme\n        )\n    \n        # Merge the proxy headers. Only done when not using HTTP CONNECT. We\n        # have to copy the headers dict so we can safely change it without those\n        # changes being reflected in anyone else's copy.\n        if not http_tunnel_required:\n            headers = headers.copy()  # type: ignore[attr-defined]\n            headers.update(self.proxy_headers)  # type: ignore[union-attr]\n    \n        # Must keep the exception bound to a separate variable or else Python 3\n        # complains about UnboundLocalError.\n        err = None\n    \n        # Keep track of whether we cleanly exited the except block. This\n        # ensures we do proper cleanup in finally.\n        clean_exit = False\n    \n        # Rewind body position, if needed. Record current position\n        # for future rewinds in the event of a redirect/retry.\n        body_pos = set_file_position(body, body_pos)\n    \n        try:\n            # Request a connection from the queue.\n            timeout_obj = self._get_timeout(timeout)\n            conn = self._get_conn(timeout=pool_timeout)\n    \n            conn.timeout = timeout_obj.connect_timeout  # type: ignore[assignment]\n    \n            # Is this a closed/new connection that requires CONNECT tunnelling?\n            if self.proxy is not None and http_tunnel_required and conn.is_closed:\n                try:\n                    self._prepare_proxy(conn)\n                except (BaseSSLError, OSError, SocketTimeout) as e:\n                    self._raise_timeout(\n                        err=e, url=self.proxy.url, timeout_value=conn.timeout\n                    )\n                    raise\n    \n            # If we're going to release the connection in ``finally:``, then\n            # the response doesn't need to know about the connection. Otherwise\n            # it will also try to release it and we'll have a double-release\n            # mess.\n            response_conn = conn if not release_conn else None\n    \n            # Make the request on the HTTPConnection object\n>           response = self._make_request(\n                conn,\n                method,\n                url,\n                timeout=timeout_obj,\n                body=body,\n                headers=headers,\n                chunked=chunked,\n                retries=retries,\n                response_conn=response_conn,\n                preload_content=preload_content,\n                decode_content=decode_content,\n                **response_kw,\n            )\n\n.venv/lib/python3.11/site-packages/urllib3/connectionpool.py:787: \n_ _ _ _ _ _ _ _ _ _ _ _ _ _ _ _ _ _ _ _ _ _ _ _ _ _ _ _ _ _ _ _ _ _ _ _ _ _ _ _ \n.venv/lib/python3.11/site-packages/urllib3/connectionpool.py:493: in _make_request\n    conn.request(\n.venv/lib/python3.11/site-packages/urllib3/connection.py:494: in request\n    self.endheaders()\n/opt/homebrew/Cellar/python@3.11/3.11.13/Frameworks/Python.framework/Versions/3.11/lib/python3.11/http/client.py:1298: in endheaders\n    self._send_output(message_body, encode_chunked=encode_chunked)\n/opt/homebrew/Cellar/python@3.11/3.11.13/Frameworks/Python.framework/Versions/3.11/lib/python3.11/http/client.py:1058: in _send_output\n    self.send(msg)\n/opt/homebrew/Cellar/python@3.11/3.11.13/Frameworks/Python.framework/Versions/3.11/lib/python3.11/http/client.py:996: in send\n    self.connect()\n.venv/lib/python3.11/site-packages/urllib3/connection.py:325: in connect\n    self.sock = self._new_conn()\n                ^^^^^^^^^^^^^^^^\n_ _ _ _ _ _ _ _ _ _ _ _ _ _ _ _ _ _ _ _ _ _ _ _ _ _ _ _ _ _ _ _ _ _ _ _ _ _ _ _ \n\nself = <urllib3.connection.HTTPConnection object at 0x105f1d050>\n\n    def _new_conn(self) -> socket.socket:\n        \"\"\"Establish a socket connection and set nodelay settings on it.\n    \n        :return: New socket connection.\n        \"\"\"\n        try:\n            sock = connection.create_connection(\n                (self._dns_host, self.port),\n                self.timeout,\n                source_address=self.source_address,\n                socket_options=self.socket_options,\n            )\n        except socket.gaierror as e:\n            raise NameResolutionError(self.host, self, e) from e\n        except SocketTimeout as e:\n            raise ConnectTimeoutError(\n                self,\n                f\"Connection to {self.host} timed out. (connect timeout={self.timeout})\",\n            ) from e\n    \n        except OSError as e:\n>           raise NewConnectionError(\n                self, f\"Failed to establish a new connection: {e}\"\n            ) from e\nE           urllib3.exceptions.NewConnectionError: <urllib3.connection.HTTPConnection object at 0x105f1d050>: Failed to establish a new connection: [Errno 61] Connection refused\n\n.venv/lib/python3.11/site-packages/urllib3/connection.py:213: NewConnectionError\n\nThe above exception was the direct cause of the following exception:\n\nself = <requests.adapters.HTTPAdapter object at 0x105f1f290>\nrequest = <PreparedRequest [POST]>, stream = False\ntimeout = Timeout(connect=None, read=None, total=None), verify = True\ncert = None, proxies = OrderedDict()\n\n    def send(\n        self, request, stream=False, timeout=None, verify=True, cert=None, proxies=None\n    ):\n        \"\"\"Sends PreparedRequest object. Returns Response object.\n    \n        :param request: The :class:`PreparedRequest <PreparedRequest>` being sent.\n        :param stream: (optional) Whether to stream the request content.\n        :param timeout: (optional) How long to wait for the server to send\n            data before giving up, as a float, or a :ref:`(connect timeout,\n            read timeout) <timeouts>` tuple.\n        :type timeout: float or tuple or urllib3 Timeout object\n        :param verify: (optional) Either a boolean, in which case it controls whether\n            we verify the server's TLS certificate, or a string, in which case it\n            must be a path to a CA bundle to use\n        :param cert: (optional) Any user-provided SSL certificate to be trusted.\n        :param proxies: (optional) The proxies dictionary to apply to the request.\n        :rtype: requests.Response\n        \"\"\"\n    \n        try:\n            conn = self.get_connection_with_tls_context(\n                request, verify, proxies=proxies, cert=cert\n            )\n        except LocationValueError as e:\n            raise InvalidURL(e, request=request)\n    \n        self.cert_verify(conn, request.url, verify, cert)\n        url = self.request_url(request, proxies)\n        self.add_headers(\n            request,\n            stream=stream,\n            timeout=timeout,\n            verify=verify,\n            cert=cert,\n            proxies=proxies,\n        )\n    \n        chunked = not (request.body is None or \"Content-Length\" in request.headers)\n    \n        if isinstance(timeout, tuple):\n            try:\n                connect, read = timeout\n                timeout = TimeoutSauce(connect=connect, read=read)\n            except ValueError:\n                raise ValueError(\n                    f\"Invalid timeout {timeout}. Pass a (connect, read) timeout tuple, \"\n                    f\"or a single float to set both timeouts to the same value.\"\n                )\n        elif isinstance(timeout, TimeoutSauce):\n            pass\n        else:\n            timeout = TimeoutSauce(connect=timeout, read=timeout)\n    \n        try:\n>           resp = conn.urlopen(\n                method=request.method,\n                url=url,\n                body=request.body,\n                headers=request.headers,\n                redirect=False,\n                assert_same_host=False,\n                preload_content=False,\n                decode_content=False,\n                retries=self.max_retries,\n                timeout=timeout,\n                chunked=chunked,\n            )\n\n.venv/lib/python3.11/site-packages/requests/adapters.py:644: \n_ _ _ _ _ _ _ _ _ _ _ _ _ _ _ _ _ _ _ _ _ _ _ _ _ _ _ _ _ _ _ _ _ _ _ _ _ _ _ _ \n.venv/lib/python3.11/site-packages/urllib3/connectionpool.py:841: in urlopen\n    retries = retries.increment(\n_ _ _ _ _ _ _ _ _ _ _ _ _ _ _ _ _ _ _ _ _ _ _ _ _ _ _ _ _ _ _ _ _ _ _ _ _ _ _ _ \n\nself = Retry(total=0, connect=None, read=False, redirect=None, status=None)\nmethod = 'POST', url = '/api/auth/register', response = None\nerror = NewConnectionError('<urllib3.connection.HTTPConnection object at 0x105f1d050>: Failed to establish a new connection: [Errno 61] Connection refused')\n_pool = <urllib3.connectionpool.HTTPConnectionPool object at 0x105f1ca50>\n_stacktrace = <traceback object at 0x105f1eb80>\n\n    def increment(\n        self,\n        method: str | None = None,\n        url: str | None = None,\n        response: BaseHTTPResponse | None = None,\n        error: Exception | None = None,\n        _pool: ConnectionPool | None = None,\n        _stacktrace: TracebackType | None = None,\n    ) -> Self:\n        \"\"\"Return a new Retry object with incremented retry counters.\n    \n        :param response: A response object, or None, if the server did not\n            return a response.\n        :type response: :class:`~urllib3.response.BaseHTTPResponse`\n        :param Exception error: An error encountered during the request, or\n            None if the response was received successfully.\n    \n        :return: A new ``Retry`` object.\n        \"\"\"\n        if self.total is False and error:\n            # Disabled, indicate to re-raise the error.\n            raise reraise(type(error), error, _stacktrace)\n    \n        total = self.total\n        if total is not None:\n            total -= 1\n    \n        connect = self.connect\n        read = self.read\n        redirect = self.redirect\n        status_count = self.status\n        other = self.other\n        cause = \"unknown\"\n        status = None\n        redirect_location = None\n    \n        if error and self._is_connection_error(error):\n            # Connect retry?\n            if connect is False:\n                raise reraise(type(error), error, _stacktrace)\n            elif connect is not None:\n                connect -= 1\n    \n        elif error and self._is_read_error(error):\n            # Read retry?\n            if read is False or method is None or not self._is_method_retryable(method):\n                raise reraise(type(error), error, _stacktrace)\n            elif read is not None:\n                read -= 1\n    \n        elif error:\n            # Other retry?\n            if other is not None:\n                other -= 1\n    \n        elif response and response.get_redirect_location():\n            # Redirect retry?\n            if redirect is not None:\n                redirect -= 1\n            cause = \"too many redirects\"\n            response_redirect_location = response.get_redirect_location()\n            if response_redirect_location:\n                redirect_location = response_redirect_location\n            status = response.status\n    \n        else:\n            # Incrementing because of a server error like a 500 in\n            # status_forcelist and the given method is in the allowed_methods\n            cause = ResponseError.GENERIC_ERROR\n            if response and response.status:\n                if status_count is not None:\n                    status_count -= 1\n                cause = ResponseError.SPECIFIC_ERROR.format(status_code=response.status)\n                status = response.status\n    \n        history = self.history + (\n            RequestHistory(method, url, error, status, redirect_location),\n        )\n    \n        new_retry = self.new(\n            total=total,\n            connect=connect,\n            read=read,\n            redirect=redirect,\n            status=status_count,\n            other=other,\n            history=history,\n        )\n    \n        if new_retry.is_exhausted():\n            reason = error or ResponseError(cause)\n>           raise MaxRetryError(_pool, url, reason) from reason  # type: ignore[arg-type]\n            ^^^^^^^^^^^^^^^^^^^^^^^^^^^^^^^^^^^^^^^^^^^^^^^^^^^\nE           urllib3.exceptions.MaxRetryError: HTTPConnectionPool(host='localhost', port=8000): Max retries exceeded with url: /api/auth/register (Caused by NewConnectionError('<urllib3.connection.HTTPConnection object at 0x105f1d050>: Failed to establish a new connection: [Errno 61] Connection refused'))\n\n.venv/lib/python3.11/site-packages/urllib3/util/retry.py:519: MaxRetryError\n\nDuring handling of the above exception, another exception occurred:\n\n    def test_registration_without_key():\n        \"\"\"Test registration without providing a secret key.\"\"\"\n        print(f\"\\n\u274c Testing registration without key...\")\n        test_user = {\n            \"email\": f\"nokey_{datetime.now().strftime('%Y%m%d%H%M%S')}@example.com\",\n            \"password\": \"TestPassword123!\",\n            \"full_name\": \"No Key Test User\"\n        }\n    \n>       response = requests.post(f\"{BASE_URL}/auth/register\", json=test_user)\n                   ^^^^^^^^^^^^^^^^^^^^^^^^^^^^^^^^^^^^^^^^^^^^^^^^^^^^^^^^^^\n\ntest_registration_key.py:112: \n_ _ _ _ _ _ _ _ _ _ _ _ _ _ _ _ _ _ _ _ _ _ _ _ _ _ _ _ _ _ _ _ _ _ _ _ _ _ _ _ \n.venv/lib/python3.11/site-packages/requests/api.py:115: in post\n    return request(\"post\", url, data=data, json=json, **kwargs)\n           ^^^^^^^^^^^^^^^^^^^^^^^^^^^^^^^^^^^^^^^^^^^^^^^^^^^^\n.venv/lib/python3.11/site-packages/requests/api.py:59: in request\n    return session.request(method=method, url=url, **kwargs)\n           ^^^^^^^^^^^^^^^^^^^^^^^^^^^^^^^^^^^^^^^^^^^^^^^^^\n.venv/lib/python3.11/site-packages/requests/sessions.py:589: in request\n    resp = self.send(prep, **send_kwargs)\n           ^^^^^^^^^^^^^^^^^^^^^^^^^^^^^^\n.venv/lib/python3.11/site-packages/requests/sessions.py:703: in send\n    r = adapter.send(request, **kwargs)\n        ^^^^^^^^^^^^^^^^^^^^^^^^^^^^^^^\n_ _ _ _ _ _ _ _ _ _ _ _ _ _ _ _ _ _ _ _ _ _ _ _ _ _ _ _ _ _ _ _ _ _ _ _ _ _ _ _ \n\nself = <requests.adapters.HTTPAdapter object at 0x105f1f290>\nrequest = <PreparedRequest [POST]>, stream = False\ntimeout = Timeout(connect=None, read=None, total=None), verify = True\ncert = None, proxies = OrderedDict()\n\n    def send(\n        self, request, stream=False, timeout=None, verify=True, cert=None, proxies=None\n    ):\n        \"\"\"Sends PreparedRequest object. Returns Response object.\n    \n        :param request: The :class:`PreparedRequest <PreparedRequest>` being sent.\n        :param stream: (optional) Whether to stream the request content.\n        :param timeout: (optional) How long to wait for the server to send\n            data before giving up, as a float, or a :ref:`(connect timeout,\n            read timeout) <timeouts>` tuple.\n        :type timeout: float or tuple or urllib3 Timeout object\n        :param verify: (optional) Either a boolean, in which case it controls whether\n            we verify the server's TLS certificate, or a string, in which case it\n            must be a path to a CA bundle to use\n        :param cert: (optional) Any user-provided SSL certificate to be trusted.\n        :param proxies: (optional) The proxies dictionary to apply to the request.\n        :rtype: requests.Response\n        \"\"\"\n    \n        try:\n            conn = self.get_connection_with_tls_context(\n                request, verify, proxies=proxies, cert=cert\n            )\n        except LocationValueError as e:\n            raise InvalidURL(e, request=request)\n    \n        self.cert_verify(conn, request.url, verify, cert)\n        url = self.request_url(request, proxies)\n        self.add_headers(\n            request,\n            stream=stream,\n            timeout=timeout,\n            verify=verify,\n            cert=cert,\n            proxies=proxies,\n        )\n    \n        chunked = not (request.body is None or \"Content-Length\" in request.headers)\n    \n        if isinstance(timeout, tuple):\n            try:\n                connect, read = timeout\n                timeout = TimeoutSauce(connect=connect, read=read)\n            except ValueError:\n                raise ValueError(\n                    f\"Invalid timeout {timeout}. Pass a (connect, read) timeout tuple, \"\n                    f\"or a single float to set both timeouts to the same value.\"\n                )\n        elif isinstance(timeout, TimeoutSauce):\n            pass\n        else:\n            timeout = TimeoutSauce(connect=timeout, read=timeout)\n    \n        try:\n            resp = conn.urlopen(\n                method=request.method,\n                url=url,\n                body=request.body,\n                headers=request.headers,\n                redirect=False,\n                assert_same_host=False,\n                preload_content=False,\n                decode_content=False,\n                retries=self.max_retries,\n                timeout=timeout,\n                chunked=chunked,\n            )\n    \n        except (ProtocolError, OSError) as err:\n            raise ConnectionError(err, request=request)\n    \n        except MaxRetryError as e:\n            if isinstance(e.reason, ConnectTimeoutError):\n                # TODO: Remove this in 3.0.0: see #2811\n                if not isinstance(e.reason, NewConnectionError):\n                    raise ConnectTimeout(e, request=request)\n    \n            if isinstance(e.reason, ResponseError):\n                raise RetryError(e, request=request)\n    \n            if isinstance(e.reason, _ProxyError):\n                raise ProxyError(e, request=request)\n    \n            if isinstance(e.reason, _SSLError):\n                # This branch is for urllib3 v1.22 and later.\n                raise SSLError(e, request=request)\n    \n>           raise ConnectionError(e, request=request)\nE           requests.exceptions.ConnectionError: HTTPConnectionPool(host='localhost', port=8000): Max retries exceeded with url: /api/auth/register (Caused by NewConnectionError('<urllib3.connection.HTTPConnection object at 0x105f1d050>: Failed to establish a new connection: [Errno 61] Connection refused'))\n\n.venv/lib/python3.11/site-packages/requests/adapters.py:677: ConnectionError\n----------------------------- Captured stdout call -----------------------------\n\n\u274c Testing registration without key...\n=============================== warnings summary ===============================\n.venv/lib/python3.11/site-packages/_pytest/config/__init__.py:1474\n  /Volumes/code/cywil/ai-paralegal-poc/.venv/lib/python3.11/site-packages/_pytest/config/__init__.py:1474: PytestConfigWarning: Unknown config option: timeout\n  \n    self._warn_or_fail_if_strict(f\"Unknown config option: {key}\\n\")\n\n-- Docs: https://docs.pytest.org/en/stable/how-to/capture-warnings.html\n- generated xml file: /Volumes/code/cywil/ai-paralegal-poc/reports/20250823-233409/test_registration_key/test_registration_key.xml -\n--------------------------------- JSON report ----------------------------------\nreport saved to: /Volumes/code/cywil/ai-paralegal-poc/reports/20250823-233409/test_registration_key/test_registration_key.json\n\n--------- coverage: platform darwin, python 3.11.13-final-0 ----------\nName                                           Stmts   Miss  Cover   Missing\n----------------------------------------------------------------------------\napp/__init__.py                                    0      0   100%\napp/auth.py                                       68     68     0%   1-126\napp/auth_routes.py                               133    133     0%   1-350\napp/core/__init__.py                               7      7     0%   4-38\napp/core/auth_middleware.py                       92     92     0%   4-212\napp/core/celery_service_wrapper.py               202    202     0%   5-520\napp/core/config_service.py                       166    166     0%   4-265\napp/core/conversation_manager.py                 171    171     0%   4-349\napp/core/database_manager.py                     130    130     0%   4-250\napp/core/db_optimizations.py                      82     82     0%   4-321\napp/core/exceptions.py                            97     97     0%   4-203\napp/core/llm_manager.py                          162    162     0%   4-305\napp/core/logger_manager.py                       279    279     0%   6-794\napp/core/performance_utils.py                    205    205     0%   4-412\napp/core/service_interface.py                    140    140     0%   4-252\napp/core/streaming_handler.py                    121    121     0%   5-246\napp/core/tool_executor.py                        226    226     0%   4-426\napp/core/tool_registry.py                        156    156     0%   4-323\napp/database.py                                    1      1     0%   5\napp/dependencies.py                                7      7     0%   2-12\napp/main.py                                      281    281     0%   5-639\napp/main_celery.py                               236    236     0%   4-491\napp/models.py                                    187    187     0%   1-230\napp/orchestrator.py                                1      1     0%   4\napp/paralegal_agents/__init__.py                   3      3     0%   2-5\napp/paralegal_agents/refactored_agent_sdk.py     148    148     0%   6-429\napp/paralegal_agents/tool_wrappers.py            229    229     0%   6-652\napp/routes/__init__.py                             3      3     0%   4-7\napp/routes/auth_routes_refactored.py             120    120     0%   4-398\napp/routes/case_management_routes.py              52     52     0%   4-117\napp/services/__init__.py                          18     18     0%   4-48\napp/services/auth_service.py                      79     79     0%   1-123\napp/services/case_management_service.py          106    106     0%   1-312\napp/services/document_generation_service.py      140    140     0%   4-374\napp/services/optimized_statute_search.py          87     87     0%   4-233\napp/services/statute_search_service.py           102    102     0%   4-257\napp/services/supreme_court_service.py            149    149     0%   4-376\napp/task_processors.py                           172    172     0%   1-319\napp/validator.py                                  19     19     0%   1-183\n----------------------------------------------------------------------------\nTOTAL                                           4577   4577     0%\nCoverage HTML written to dir htmlcov\n\nFAIL Required test coverage of 80% not reached. Total coverage: 0.00%\n- Generated html report: file:///Volumes/code/cywil/ai-paralegal-poc/reports/20250823-233409/test_registration_key/test_registration_key.html -\n=========================== short test summary info ============================\nERROR tests::test_registration_with_valid_key\nFAILED tests::test_registration_with_invalid_key - requests.exceptions.Connec...\nFAILED tests::test_registration_without_key - requests.exceptions.ConnectionE...\n==================== 2 failed, 1 warning, 1 error in 1.26s =====================\n",
      "stderr": "/Volumes/code/cywil/ai-paralegal-poc/.venv/lib/python3.11/site-packages/coverage/control.py:945: CoverageWarning: No data was collected. (no-data-collected)\n  self._warn(\"No data was collected.\", slug=\"no-data-collected\")\n",
      "junit_xml": "/Volumes/code/cywil/ai-paralegal-poc/reports/20250823-233409/test_registration_key/test_registration_key.xml",
      "html_report": "/Volumes/code/cywil/ai-paralegal-poc/reports/20250823-233409/test_registration_key/test_registration_key.html",
      "json_report": "/Volumes/code/cywil/ai-paralegal-poc/reports/20250823-233409/test_registration_key/test_registration_key.json"
    },
    {
      "test_file": "/Volumes/code/cywil/ai-paralegal-poc/test_streaming.py",
      "exit_code": 2,
      "duration_seconds": 8.14701795578003,
      "stdout": "============================= test session starts ==============================\nplatform darwin -- Python 3.11.13, pytest-8.4.0, pluggy-1.6.0\nrootdir: /Volumes/code/cywil/ai-paralegal-poc/tests\nconfigfile: pytest.ini\nplugins: cov-5.0.0, html-4.1.1, json-report-1.5.0, metadata-3.1.1, anyio-4.10.0, asyncio-1.0.0\nasyncio: mode=Mode.AUTO, asyncio_default_fixture_loop_scope=None, asyncio_default_test_loop_scope=function\ncollected 0 items / 1 error\n\n==================================== ERRORS ====================================\n________________________ ERROR collecting test session _________________________\nImportError while importing test module '/Volumes/code/cywil/ai-paralegal-poc/test_streaming.py'.\nHint: make sure your test modules/packages have valid Python names.\nTraceback:\n/opt/homebrew/Cellar/python@3.11/3.11.13/Frameworks/Python.framework/Versions/3.11/lib/python3.11/importlib/__init__.py:126: in import_module\n    return _bootstrap._gcd_import(name[level:], package, level)\n           ^^^^^^^^^^^^^^^^^^^^^^^^^^^^^^^^^^^^^^^^^^^^^^^^^^^^\ntest_streaming.py:12: in <module>\n    from app.orchestrator import ParalegalAgent\napp/orchestrator.py:4: in <module>\n    from app.paralegal_agents.refactored_agent_sdk import ParalegalAgent  # re-export\n    ^^^^^^^^^^^^^^^^^^^^^^^^^^^^^^^^^^^^^^^^^^^^^^^^^^^^^^^^^^^^^^^^^^^^\nE   ImportError: cannot import name 'ParalegalAgent' from 'app.paralegal_agents.refactored_agent_sdk' (/Volumes/code/cywil/ai-paralegal-poc/app/paralegal_agents/refactored_agent_sdk.py)\n------------------------------- Captured stdout --------------------------------\n2025-08-23 23:34:53,177 - [\u2205] [trace=0 span=] user_id=<anon> - Registered tool 'search_statute' in category search (tool_registry.decorator:169)\n2025-08-23 23:34:53,177 - [\u2205] [trace=0 span=] user_id=<anon> - Registered tool 'summarize_passages' in category analysis (tool_registry.decorator:169)\n2025-08-23 23:34:53,179 - [\u2205] [trace=0 span=] user_id=<anon> - Registered tool 'search_sn_rulings' in category search (tool_registry.decorator:169)\n2025-08-23 23:34:53,179 - [\u2205] [trace=0 span=] user_id=<anon> - Registered tool 'get_sn_ruling' in category search (tool_registry.decorator:169)\n2025-08-23 23:34:53,179 - [\u2205] [trace=0 span=] user_id=<anon> - Registered tool 'summarize_sn_rulings' in category analysis (tool_registry.decorator:169)\n2025-08-23 23:34:53,179 - [\u2205] [trace=0 span=] user_id=<anon> - Registered tool 'list_available_templates' in category document (tool_registry.decorator:169)\n2025-08-23 23:34:53,179 - [\u2205] [trace=0 span=] user_id=<anon> - Registered tool 'find_template' in category document (tool_registry.decorator:169)\n2025-08-23 23:34:53,179 - [\u2205] [trace=0 span=] user_id=<anon> - Registered tool 'draft_document' in category document (tool_registry.decorator:169)\n2025-08-23 23:34:53,179 - [\u2205] [trace=0 span=] user_id=<anon> - Registered tool 'analyze_contract' in category analysis (tool_registry.decorator:169)\n2025-08-23 23:34:53,179 - [\u2205] [trace=0 span=] user_id=<anon> - Registered tool 'validate_against_statute' in category document (tool_registry.decorator:169)\n2025-08-23 23:34:53,181 - [\u2205] [trace=0 span=] user_id=<anon> - Registered tool 'describe_case' in category case_management (tool_registry.decorator:169)\n2025-08-23 23:34:53,181 - [\u2205] [trace=0 span=] user_id=<anon> - Registered tool 'schedule_reminder' in category case_management (tool_registry.decorator:169)\n2025-08-23 23:34:53,181 - [\u2205] [trace=0 span=] user_id=<anon> - Registered tool 'compute_deadline' in category case_management (tool_registry.decorator:169)\n2025-08-23 23:34:53,232 - [\u2205] [trace=0 span=] user_id=<anon> - loaded lazy attr 'SafeConfigParser': <class 'configparser.ConfigParser'> (__init__.__getattr__:449)\n2025-08-23 23:34:53,232 - [\u2205] [trace=0 span=] user_id=<anon> - loaded lazy attr 'NativeStringIO': <class '_io.StringIO'> (__init__.__getattr__:449)\n2025-08-23 23:34:53,232 - [\u2205] [trace=0 span=] user_id=<anon> - loaded lazy attr 'BytesIO': <class '_io.BytesIO'> (__init__.__getattr__:449)\n2025-08-23 23:34:53,235 - [\u2205] [trace=0 span=] user_id=<anon> - registered 'bcrypt' handler: <class 'passlib.handlers.bcrypt.bcrypt'> (registry.register_crypt_handler:296)\n2025-08-23 23:34:53,353 - [\u2205] [trace=0 span=] user_id=<anon> - SearchSNRulingsParams: {'$defs': {'SearchSNRulingsFilters': {'additionalProperties': False, 'properties': {'date_from': {'anyOf': [{'type': 'string'}, {'type': 'null'}], 'default': None, 'description': 'Date from', 'title': 'Date From'}, 'date_to': {'anyOf': [{'type': 'string'}, {'type': 'null'}], 'default': None, 'description': 'Date to', 'title': 'Date To'}, 'section': {'anyOf': [{'type': 'string'}, {'type': 'null'}], 'default': None, 'description': 'Section', 'title': 'Section'}}, 'title': 'SearchSNRulingsFilters', 'type': 'object'}}, 'additionalProperties': False, 'description': 'Parameters for Supreme Court rulings search.', 'properties': {'query': {'description': 'Search query in Polish', 'title': 'Query', 'type': 'string'}, 'top_k': {'default': 5, 'description': 'Number of results to return', 'title': 'Top K', 'type': 'integer'}, 'filters': {'$ref': '#/$defs/SearchSNRulingsFilters', 'default': {'date_from': None, 'date_to': None, 'section': None}, 'description': 'Optional filters (date_from, date_to, section)'}}, 'required': ['query'], 'title': 'SearchSNRulingsParams', 'type': 'object'} (tool_wrappers.<module>:206)\n=============================== warnings summary ===============================\n.venv/lib/python3.11/site-packages/_pytest/config/__init__.py:1474\n  /Volumes/code/cywil/ai-paralegal-poc/.venv/lib/python3.11/site-packages/_pytest/config/__init__.py:1474: PytestConfigWarning: Unknown config option: timeout\n  \n    self._warn_or_fail_if_strict(f\"Unknown config option: {key}\\n\")\n\n-- Docs: https://docs.pytest.org/en/stable/how-to/capture-warnings.html\n- generated xml file: /Volumes/code/cywil/ai-paralegal-poc/reports/20250823-233409/test_streaming/test_streaming.xml -\n--------------------------------- JSON report ----------------------------------\nreport saved to: /Volumes/code/cywil/ai-paralegal-poc/reports/20250823-233409/test_streaming/test_streaming.json\n\n--------- coverage: platform darwin, python 3.11.13-final-0 ----------\nName                                           Stmts   Miss  Cover   Missing\n----------------------------------------------------------------------------\napp/__init__.py                                    0      0   100%\napp/auth.py                                       68     68     0%   1-126\napp/auth_routes.py                               133    133     0%   1-350\napp/core/__init__.py                               7      0   100%\napp/core/auth_middleware.py                       92     92     0%   4-212\napp/core/celery_service_wrapper.py               202    202     0%   5-520\napp/core/config_service.py                       166     56    66%   42, 60, 65, 80-82, 98-100, 117-119, 150-152, 156-159, 171-173, 177-183, 187, 191, 196-202, 207-212, 216, 222, 230, 234, 238, 242, 246, 250-252, 263-265\napp/core/conversation_manager.py                 171    123    28%   37, 50, 67-71, 75-87, 91-92, 96-121, 133-150, 156-160, 169-178, 184-201, 205-226, 230-238, 242-262, 267-278, 282-293, 297-304, 308-335, 340-344, 347\napp/core/database_manager.py                     130     86    34%   33-39, 44-89, 93-96, 100-118, 128-139, 146-148, 152-154, 159, 164, 173-176, 180-181, 185-190, 194-198, 202-206, 211-213, 222, 226-233, 239, 244, 248\napp/core/db_optimizations.py                      82     82     0%   4-321\napp/core/exceptions.py                            97     36    63%   11-13, 25-26, 33, 49-50, 57, 64-66, 73-74, 101-102, 119-121, 128-133, 145-146, 163-165, 177-178, 200-203\napp/core/llm_manager.py                          162    120    26%   27-29, 33-39, 43-53, 58, 62-63, 73-78, 83-108, 112-114, 118-138, 145-148, 158-177, 186-204, 212-256, 260-270, 277-286, 290-291, 295, 303\napp/core/logger_manager.py                       279    170    39%   67-72, 75, 105, 111, 121, 148-149, 156-159, 165-233, 240-243, 256-269, 286-309, 324-336, 347-352, 436-441, 483-530, 537-547, 554-583, 592-598, 606-620, 627-693, 703-743, 747-788\napp/core/performance_utils.py                    205    205     0%   4-412\napp/core/service_interface.py                    140     87    38%   33-36, 46-49, 56-73, 78, 84-99, 104, 110-135, 143, 148, 153, 161, 173-176, 180-181, 185-186, 191-199, 203-205, 209-210, 214-217, 226, 230-242, 246-248, 252\napp/core/streaming_handler.py                    121     81    33%   61-64, 68, 72-147, 154-184, 192-193, 200, 203-207, 210, 213, 220, 229-240, 243, 246\napp/core/tool_executor.py                        226    163    28%   58-60, 65-67, 74-80, 84-98, 102-112, 116-131, 143-147, 151-162, 171-176, 181-186, 190, 194-222, 230, 234-237, 241, 264-314, 323-331, 335-365, 379-384, 390-399, 404-411, 416-421, 424\napp/core/tool_registry.py                        156     84    46%   39-47, 63-71, 84-101, 149, 175-184, 199, 203-206, 210-213, 217-239, 243-252, 256-260, 282, 296, 306-312, 319\napp/database.py                                    1      1     0%   5\napp/dependencies.py                                7      2    71%   11-12\napp/main.py                                      281    281     0%   5-639\napp/main_celery.py                               236    236     0%   4-491\napp/models.py                                    187      2    99%   11, 230\napp/orchestrator.py                                1      0   100%\napp/paralegal_agents/__init__.py                   3      0   100%\napp/paralegal_agents/refactored_agent_sdk.py     148    104    30%   36, 44, 47-48, 53-54, 59-60, 67-68, 75-76, 87-102, 109-129, 140, 144, 151-163, 173-282, 293, 306, 321-362, 365-382, 403-412, 417, 421, 425, 429\napp/paralegal_agents/tool_wrappers.py            229    119    48%   235-259, 284-295, 311-322, 338-377, 393-422, 438-444, 460-469, 485-491, 507-530, 546-556, 572-596, 612-647, 652\napp/repositories/case_repository.py               55     35    36%   17, 21-22, 25-31, 34-38, 41-45, 48-54, 57-58, 61-65, 68-76, 80\napp/repositories/user_repository.py               38     22    42%   13, 16-17, 20-22, 25-27, 30-38, 46-53, 56\napp/routes/__init__.py                             3      3     0%   4-7\napp/routes/auth_routes_refactored.py             120    120     0%   4-398\napp/routes/case_management_routes.py              52     52     0%   4-117\napp/services/__init__.py                          18      2    89%   30, 44\napp/services/auth_service.py                      79     48    39%   16-17, 20, 23, 26, 29-30, 33, 36, 40, 43-47, 50-53, 56-63, 66-72, 82-91, 94-95, 98-103, 108-109, 113-114, 117, 121\napp/services/case_management_service.py          106     72    32%   18-20, 23-24, 27, 30, 33, 36, 39, 42, 57-69, 151-155, 159-162, 165, 168-186, 202-224, 245-300, 310\napp/services/document_generation_service.py      140    103    26%   29-34, 38, 44, 48-61, 75-82, 106-124, 139-174, 190-193, 197-225, 229-233, 237-246, 259-298, 316-351, 355-369, 372\napp/services/optimized_statute_search.py          87     87     0%   4-233\napp/services/statute_search_service.py           102     74    27%   27-31, 36-58, 62-63, 67-83, 104-138, 142-163, 169-202, 217-243, 247, 251, 255\napp/services/supreme_court_service.py            149    100    33%   52-57, 61-85, 89-90, 94-110, 129-173, 177-204, 210-246, 259-266, 279-310, 314-338, 342-367, 374\napp/task_processors.py                           172    172     0%   1-319\napp/validator.py                                  19     19     0%   1-183\n----------------------------------------------------------------------------\nTOTAL                                           4670   3442    26%\nCoverage HTML written to dir htmlcov\n\nFAIL Required test coverage of 80% not reached. Total coverage: 26.30%\n- Generated html report: file:///Volumes/code/cywil/ai-paralegal-poc/reports/20250823-233409/test_streaming/test_streaming.html -\n=========================== short test summary info ============================\nERROR tests\n!!!!!!!!!!!!!!!!!!!! Interrupted: 1 error during collection !!!!!!!!!!!!!!!!!!!!\n========================= 1 warning, 1 error in 6.65s ==========================\n",
      "stderr": "--- Logging error ---\nTraceback (most recent call last):\n  File \"/opt/homebrew/Cellar/python@3.11/3.11.13/Frameworks/Python.framework/Versions/3.11/lib/python3.11/logging/__init__.py\", line 1113, in emit\n    stream.write(msg + self.terminator)\nValueError: I/O operation on closed file.\nCall stack:\n  File \"/Volumes/code/cywil/ai-paralegal-poc/.venv/lib/python3.11/site-packages/agents/tracing/provider.py\", line 291, in shutdown\n    logger.debug(\"Shutting down trace provider\")\nMessage: 'Shutting down trace provider'\nArguments: ()\n--- Logging error ---\nTraceback (most recent call last):\n  File \"/opt/homebrew/Cellar/python@3.11/3.11.13/Frameworks/Python.framework/Versions/3.11/lib/python3.11/logging/__init__.py\", line 1113, in emit\n    stream.write(msg + self.terminator)\nValueError: I/O operation on closed file.\nCall stack:\n  File \"/Volumes/code/cywil/ai-paralegal-poc/.venv/lib/python3.11/site-packages/agents/tracing/provider.py\", line 292, in shutdown\n    self._multi_processor.shutdown()\n  File \"/Volumes/code/cywil/ai-paralegal-poc/.venv/lib/python3.11/site-packages/agents/tracing/provider.py\", line 74, in shutdown\n    logger.debug(f\"Shutting down trace processor {processor}\")\nMessage: 'Shutting down trace processor <agents.tracing.processors.BatchTraceProcessor object at 0x11045bcd0>'\nArguments: ()\n",
      "junit_xml": "/Volumes/code/cywil/ai-paralegal-poc/reports/20250823-233409/test_streaming/test_streaming.xml",
      "html_report": "/Volumes/code/cywil/ai-paralegal-poc/reports/20250823-233409/test_streaming/test_streaming.html",
      "json_report": "/Volumes/code/cywil/ai-paralegal-poc/reports/20250823-233409/test_streaming/test_streaming.json"
    },
    {
      "test_file": "/Volumes/code/cywil/ai-paralegal-poc/tests/test_agent_sdk.py",
      "exit_code": 2,
      "duration_seconds": 1.241715908050537,
      "stdout": "============================= test session starts ==============================\nplatform darwin -- Python 3.11.13, pytest-8.4.0, pluggy-1.6.0\nrootdir: /Volumes/code/cywil/ai-paralegal-poc/tests\nconfigfile: pytest.ini\nplugins: cov-5.0.0, html-4.1.1, json-report-1.5.0, metadata-3.1.1, anyio-4.10.0, asyncio-1.0.0\nasyncio: mode=Mode.AUTO, asyncio_default_fixture_loop_scope=None, asyncio_default_test_loop_scope=function\ncollected 0 items / 1 error\n\n==================================== ERRORS ====================================\n______________________ ERROR collecting test_agent_sdk.py ______________________\nImportError while importing test module '/Volumes/code/cywil/ai-paralegal-poc/tests/test_agent_sdk.py'.\nHint: make sure your test modules/packages have valid Python names.\nTraceback:\n/opt/homebrew/Cellar/python@3.11/3.11.13/Frameworks/Python.framework/Versions/3.11/lib/python3.11/importlib/__init__.py:126: in import_module\n    return _bootstrap._gcd_import(name[level:], package, level)\n           ^^^^^^^^^^^^^^^^^^^^^^^^^^^^^^^^^^^^^^^^^^^^^^^^^^^^\ntests/test_agent_sdk.py:6: in <module>\n    from app.agents import ParalegalAgentSDK\nE   ModuleNotFoundError: No module named 'app.agents'\n=============================== warnings summary ===============================\n.venv/lib/python3.11/site-packages/_pytest/config/__init__.py:1474\n  /Volumes/code/cywil/ai-paralegal-poc/.venv/lib/python3.11/site-packages/_pytest/config/__init__.py:1474: PytestConfigWarning: Unknown config option: timeout\n  \n    self._warn_or_fail_if_strict(f\"Unknown config option: {key}\\n\")\n\n-- Docs: https://docs.pytest.org/en/stable/how-to/capture-warnings.html\n- generated xml file: /Volumes/code/cywil/ai-paralegal-poc/reports/20250823-233409/test_agent_sdk/test_agent_sdk.xml -\n--------------------------------- JSON report ----------------------------------\nreport saved to: /Volumes/code/cywil/ai-paralegal-poc/reports/20250823-233409/test_agent_sdk/test_agent_sdk.json\n\n--------- coverage: platform darwin, python 3.11.13-final-0 ----------\nName                                           Stmts   Miss  Cover   Missing\n----------------------------------------------------------------------------\napp/__init__.py                                    0      0   100%\napp/auth.py                                       68     68     0%   1-126\napp/auth_routes.py                               133    133     0%   1-350\napp/core/__init__.py                               7      7     0%   4-38\napp/core/auth_middleware.py                       92     92     0%   4-212\napp/core/celery_service_wrapper.py               202    202     0%   5-520\napp/core/config_service.py                       166    166     0%   4-265\napp/core/conversation_manager.py                 171    171     0%   4-349\napp/core/database_manager.py                     130    130     0%   4-250\napp/core/db_optimizations.py                      82     82     0%   4-321\napp/core/exceptions.py                            97     97     0%   4-203\napp/core/llm_manager.py                          162    162     0%   4-305\napp/core/logger_manager.py                       279    279     0%   6-794\napp/core/performance_utils.py                    205    205     0%   4-412\napp/core/service_interface.py                    140    140     0%   4-252\napp/core/streaming_handler.py                    121    121     0%   5-246\napp/core/tool_executor.py                        226    226     0%   4-426\napp/core/tool_registry.py                        156    156     0%   4-323\napp/database.py                                    1      1     0%   5\napp/dependencies.py                                7      7     0%   2-12\napp/main.py                                      281    281     0%   5-639\napp/main_celery.py                               236    236     0%   4-491\napp/models.py                                    187    187     0%   1-230\napp/orchestrator.py                                1      1     0%   4\napp/paralegal_agents/__init__.py                   3      3     0%   2-5\napp/paralegal_agents/refactored_agent_sdk.py     148    148     0%   6-429\napp/paralegal_agents/tool_wrappers.py            229    229     0%   6-652\napp/routes/__init__.py                             3      3     0%   4-7\napp/routes/auth_routes_refactored.py             120    120     0%   4-398\napp/routes/case_management_routes.py              52     52     0%   4-117\napp/services/__init__.py                          18     18     0%   4-48\napp/services/auth_service.py                      79     79     0%   1-123\napp/services/case_management_service.py          106    106     0%   1-312\napp/services/document_generation_service.py      140    140     0%   4-374\napp/services/optimized_statute_search.py          87     87     0%   4-233\napp/services/statute_search_service.py           102    102     0%   4-257\napp/services/supreme_court_service.py            149    149     0%   4-376\napp/task_processors.py                           172    172     0%   1-319\napp/validator.py                                  19     19     0%   1-183\n----------------------------------------------------------------------------\nTOTAL                                           4577   4577     0%\nCoverage HTML written to dir htmlcov\n\nFAIL Required test coverage of 80% not reached. Total coverage: 0.00%\n- Generated html report: file:///Volumes/code/cywil/ai-paralegal-poc/reports/20250823-233409/test_agent_sdk/test_agent_sdk.html -\n=========================== short test summary info ============================\nERROR tests/test_agent_sdk.py\n!!!!!!!!!!!!!!!!!!!! Interrupted: 1 error during collection !!!!!!!!!!!!!!!!!!!!\n========================= 1 warning, 1 error in 0.90s ==========================\n",
      "stderr": "",
      "junit_xml": "/Volumes/code/cywil/ai-paralegal-poc/reports/20250823-233409/test_agent_sdk/test_agent_sdk.xml",
      "html_report": "/Volumes/code/cywil/ai-paralegal-poc/reports/20250823-233409/test_agent_sdk/test_agent_sdk.html",
      "json_report": "/Volumes/code/cywil/ai-paralegal-poc/reports/20250823-233409/test_agent_sdk/test_agent_sdk.json"
    },
    {
      "test_file": "/Volumes/code/cywil/ai-paralegal-poc/tests/test_conversation_manager.py",
      "exit_code": 1,
      "duration_seconds": 6.238103151321411,
      "stdout": "============================= test session starts ==============================\nplatform darwin -- Python 3.11.13, pytest-8.4.0, pluggy-1.6.0\nrootdir: /Volumes/code/cywil/ai-paralegal-poc/tests\nconfigfile: pytest.ini\nplugins: cov-5.0.0, html-4.1.1, json-report-1.5.0, metadata-3.1.1, anyio-4.10.0, asyncio-1.0.0\nasyncio: mode=Mode.AUTO, asyncio_default_fixture_loop_scope=None, asyncio_default_test_loop_scope=function\ncollected 24 items\n\ntests/test_conversation_manager.py EEEEEEEEEEEEEEEEEEEEEEEE              [100%]\n\n==================================== ERRORS ====================================\n_ ERROR at setup of TestConversationStateManagement.test_conversation_state_creation _\n\n    @pytest.fixture(autouse=True)\n    def reset_singletons():\n        \"\"\"Reset singleton instances between tests\"\"\"\n        # Reset service container\n>       from app.core.service_container import service_container\nE       ModuleNotFoundError: No module named 'app.core.service_container'\n\ntests/conftest.py:26: ModuleNotFoundError\n_ ERROR at setup of TestConversationStateManagement.test_conversation_state_serialization _\n\n    @pytest.fixture(autouse=True)\n    def reset_singletons():\n        \"\"\"Reset singleton instances between tests\"\"\"\n        # Reset service container\n>       from app.core.service_container import service_container\nE       ModuleNotFoundError: No module named 'app.core.service_container'\n\ntests/conftest.py:26: ModuleNotFoundError\n_ ERROR at setup of TestConversationStateManagement.test_conversation_state_deserialization _\n\n    @pytest.fixture(autouse=True)\n    def reset_singletons():\n        \"\"\"Reset singleton instances between tests\"\"\"\n        # Reset service container\n>       from app.core.service_container import service_container\nE       ModuleNotFoundError: No module named 'app.core.service_container'\n\ntests/conftest.py:26: ModuleNotFoundError\n__ ERROR at setup of TestInitialization.test_successful_redis_initialization ___\n\n    @pytest.fixture(autouse=True)\n    def reset_singletons():\n        \"\"\"Reset singleton instances between tests\"\"\"\n        # Reset service container\n>       from app.core.service_container import service_container\nE       ModuleNotFoundError: No module named 'app.core.service_container'\n\ntests/conftest.py:26: ModuleNotFoundError\n_______ ERROR at setup of TestInitialization.test_redis_failure_fallback _______\n\n    @pytest.fixture(autouse=True)\n    def reset_singletons():\n        \"\"\"Reset singleton instances between tests\"\"\"\n        # Reset service container\n>       from app.core.service_container import service_container\nE       ModuleNotFoundError: No module named 'app.core.service_container'\n\ntests/conftest.py:26: ModuleNotFoundError\n__________ ERROR at setup of TestCachingStrategy.test_redis_cache_hit __________\n\n    @pytest.fixture(autouse=True)\n    def reset_singletons():\n        \"\"\"Reset singleton instances between tests\"\"\"\n        # Reset service container\n>       from app.core.service_container import service_container\nE       ModuleNotFoundError: No module named 'app.core.service_container'\n\ntests/conftest.py:26: ModuleNotFoundError\n_________ ERROR at setup of TestCachingStrategy.test_redis_cache_miss __________\n\n    @pytest.fixture(autouse=True)\n    def reset_singletons():\n        \"\"\"Reset singleton instances between tests\"\"\"\n        # Reset service container\n>       from app.core.service_container import service_container\nE       ModuleNotFoundError: No module named 'app.core.service_container'\n\ntests/conftest.py:26: ModuleNotFoundError\n_______ ERROR at setup of TestCachingStrategy.test_memory_cache_fallback _______\n\n    @pytest.fixture(autouse=True)\n    def reset_singletons():\n        \"\"\"Reset singleton instances between tests\"\"\"\n        # Reset service container\n>       from app.core.service_container import service_container\nE       ModuleNotFoundError: No module named 'app.core.service_container'\n\ntests/conftest.py:26: ModuleNotFoundError\n________ ERROR at setup of TestCachingStrategy.test_save_to_redis_cache ________\n\n    @pytest.fixture(autouse=True)\n    def reset_singletons():\n        \"\"\"Reset singleton instances between tests\"\"\"\n        # Reset service container\n>       from app.core.service_container import service_container\nE       ModuleNotFoundError: No module named 'app.core.service_container'\n\ntests/conftest.py:26: ModuleNotFoundError\n_______ ERROR at setup of TestCachingStrategy.test_save_to_memory_cache ________\n\n    @pytest.fixture(autouse=True)\n    def reset_singletons():\n        \"\"\"Reset singleton instances between tests\"\"\"\n        # Reset service container\n>       from app.core.service_container import service_container\nE       ModuleNotFoundError: No module named 'app.core.service_container'\n\ntests/conftest.py:26: ModuleNotFoundError\n_______ ERROR at setup of TestDatabasePersistence.test_get_from_database _______\n\n    @pytest.fixture(autouse=True)\n    def reset_singletons():\n        \"\"\"Reset singleton instances between tests\"\"\"\n        # Reset service container\n>       from app.core.service_container import service_container\nE       ModuleNotFoundError: No module named 'app.core.service_container'\n\ntests/conftest.py:26: ModuleNotFoundError\n___ ERROR at setup of TestDatabasePersistence.test_save_conversation_history ___\n\n    @pytest.fixture(autouse=True)\n    def reset_singletons():\n        \"\"\"Reset singleton instances between tests\"\"\"\n        # Reset service container\n>       from app.core.service_container import service_container\nE       ModuleNotFoundError: No module named 'app.core.service_container'\n\ntests/conftest.py:26: ModuleNotFoundError\n___ ERROR at setup of TestDatabasePersistence.test_get_conversation_history ____\n\n    @pytest.fixture(autouse=True)\n    def reset_singletons():\n        \"\"\"Reset singleton instances between tests\"\"\"\n        # Reset service container\n>       from app.core.service_container import service_container\nE       ModuleNotFoundError: No module named 'app.core.service_container'\n\ntests/conftest.py:26: ModuleNotFoundError\n___ ERROR at setup of TestConversationContext.test_conversation_context_new ____\n\n    @pytest.fixture(autouse=True)\n    def reset_singletons():\n        \"\"\"Reset singleton instances between tests\"\"\"\n        # Reset service container\n>       from app.core.service_container import service_container\nE       ModuleNotFoundError: No module named 'app.core.service_container'\n\ntests/conftest.py:26: ModuleNotFoundError\n_ ERROR at setup of TestConversationContext.test_conversation_context_existing _\n\n    @pytest.fixture(autouse=True)\n    def reset_singletons():\n        \"\"\"Reset singleton instances between tests\"\"\"\n        # Reset service container\n>       from app.core.service_container import service_container\nE       ModuleNotFoundError: No module named 'app.core.service_container'\n\ntests/conftest.py:26: ModuleNotFoundError\n_____________ ERROR at setup of TestCaseLinking.test_link_to_case ______________\n\n    @pytest.fixture(autouse=True)\n    def reset_singletons():\n        \"\"\"Reset singleton instances between tests\"\"\"\n        # Reset service container\n>       from app.core.service_container import service_container\nE       ModuleNotFoundError: No module named 'app.core.service_container'\n\ntests/conftest.py:26: ModuleNotFoundError\n_____________ ERROR at setup of TestHealthCheck.test_healthy_state _____________\n\n    @pytest.fixture(autouse=True)\n    def reset_singletons():\n        \"\"\"Reset singleton instances between tests\"\"\"\n        # Reset service container\n>       from app.core.service_container import service_container\nE       ModuleNotFoundError: No module named 'app.core.service_container'\n\ntests/conftest.py:26: ModuleNotFoundError\n__________ ERROR at setup of TestHealthCheck.test_redis_disconnected ___________\n\n    @pytest.fixture(autouse=True)\n    def reset_singletons():\n        \"\"\"Reset singleton instances between tests\"\"\"\n        # Reset service container\n>       from app.core.service_container import service_container\nE       ModuleNotFoundError: No module named 'app.core.service_container'\n\ntests/conftest.py:26: ModuleNotFoundError\n__________ ERROR at setup of TestHealthCheck.test_database_unhealthy ___________\n\n    @pytest.fixture(autouse=True)\n    def reset_singletons():\n        \"\"\"Reset singleton instances between tests\"\"\"\n        # Reset service container\n>       from app.core.service_container import service_container\nE       ModuleNotFoundError: No module named 'app.core.service_container'\n\ntests/conftest.py:26: ModuleNotFoundError\n_____ ERROR at setup of TestConcurrentAccess.test_concurrent_cache_updates _____\n\n    @pytest.fixture(autouse=True)\n    def reset_singletons():\n        \"\"\"Reset singleton instances between tests\"\"\"\n        # Reset service container\n>       from app.core.service_container import service_container\nE       ModuleNotFoundError: No module named 'app.core.service_container'\n\ntests/conftest.py:26: ModuleNotFoundError\n____ ERROR at setup of TestConcurrentAccess.test_memory_cache_thread_safety ____\n\n    @pytest.fixture(autouse=True)\n    def reset_singletons():\n        \"\"\"Reset singleton instances between tests\"\"\"\n        # Reset service container\n>       from app.core.service_container import service_container\nE       ModuleNotFoundError: No module named 'app.core.service_container'\n\ntests/conftest.py:26: ModuleNotFoundError\n__________ ERROR at setup of TestEdgeCases.test_cache_ttl_expiration ___________\n\n    @pytest.fixture(autouse=True)\n    def reset_singletons():\n        \"\"\"Reset singleton instances between tests\"\"\"\n        # Reset service container\n>       from app.core.service_container import service_container\nE       ModuleNotFoundError: No module named 'app.core.service_container'\n\ntests/conftest.py:26: ModuleNotFoundError\n__________ ERROR at setup of TestEdgeCases.test_invalid_json_in_cache __________\n\n    @pytest.fixture(autouse=True)\n    def reset_singletons():\n        \"\"\"Reset singleton instances between tests\"\"\"\n        # Reset service container\n>       from app.core.service_container import service_container\nE       ModuleNotFoundError: No module named 'app.core.service_container'\n\ntests/conftest.py:26: ModuleNotFoundError\n_______ ERROR at setup of TestEdgeCases.test_get_or_create_with_metadata _______\n\n    @pytest.fixture(autouse=True)\n    def reset_singletons():\n        \"\"\"Reset singleton instances between tests\"\"\"\n        # Reset service container\n>       from app.core.service_container import service_container\nE       ModuleNotFoundError: No module named 'app.core.service_container'\n\ntests/conftest.py:26: ModuleNotFoundError\n=============================== warnings summary ===============================\n.venv/lib/python3.11/site-packages/_pytest/config/__init__.py:1474\n  /Volumes/code/cywil/ai-paralegal-poc/.venv/lib/python3.11/site-packages/_pytest/config/__init__.py:1474: PytestConfigWarning: Unknown config option: timeout\n  \n    self._warn_or_fail_if_strict(f\"Unknown config option: {key}\\n\")\n\n-- Docs: https://docs.pytest.org/en/stable/how-to/capture-warnings.html\n- generated xml file: /Volumes/code/cywil/ai-paralegal-poc/reports/20250823-233409/test_conversation_manager/test_conversation_manager.xml -\n--------------------------------- JSON report ----------------------------------\nreport saved to: /Volumes/code/cywil/ai-paralegal-poc/reports/20250823-233409/test_conversation_manager/test_conversation_manager.json\n\n--------- coverage: platform darwin, python 3.11.13-final-0 ----------\nName                                           Stmts   Miss  Cover   Missing\n----------------------------------------------------------------------------\napp/__init__.py                                    0      0   100%\napp/auth.py                                       68     68     0%   1-126\napp/auth_routes.py                               133    133     0%   1-350\napp/core/__init__.py                               7      0   100%\napp/core/auth_middleware.py                       92     92     0%   4-212\napp/core/celery_service_wrapper.py               202    202     0%   5-520\napp/core/config_service.py                       166     56    66%   42, 60, 65, 80-82, 98-100, 117-119, 150-152, 156-159, 171-173, 177-183, 187, 191, 196-202, 207-212, 216, 222, 230, 234, 238, 242, 246, 250-252, 263-265\napp/core/conversation_manager.py                 171    123    28%   37, 50, 67-71, 75-87, 91-92, 96-121, 133-150, 156-160, 169-178, 184-201, 205-226, 230-238, 242-262, 267-278, 282-293, 297-304, 308-335, 340-344, 347\napp/core/database_manager.py                     130     86    34%   33-39, 44-89, 93-96, 100-118, 128-139, 146-148, 152-154, 159, 164, 173-176, 180-181, 185-190, 194-198, 202-206, 211-213, 222, 226-233, 239, 244, 248\napp/core/db_optimizations.py                      82     82     0%   4-321\napp/core/exceptions.py                            97     36    63%   11-13, 25-26, 33, 49-50, 57, 64-66, 73-74, 101-102, 119-121, 128-133, 145-146, 163-165, 177-178, 200-203\napp/core/llm_manager.py                          162    120    26%   27-29, 33-39, 43-53, 58, 62-63, 73-78, 83-108, 112-114, 118-138, 145-148, 158-177, 186-204, 212-256, 260-270, 277-286, 290-291, 295, 303\napp/core/logger_manager.py                       279    203    27%   61-78, 83-131, 148-149, 156-159, 165-233, 240-243, 256-269, 286-309, 324-336, 347-352, 436-441, 483-530, 537-547, 554-583, 592-598, 606-620, 627-693, 703-743, 747-788\napp/core/performance_utils.py                    205    205     0%   4-412\napp/core/service_interface.py                    140     87    38%   33-36, 46-49, 56-73, 78, 84-99, 104, 110-135, 143, 148, 153, 161, 173-176, 180-181, 185-186, 191-199, 203-205, 209-210, 214-217, 226, 230-242, 246-248, 252\napp/core/streaming_handler.py                    121    121     0%   5-246\napp/core/tool_executor.py                        226    163    28%   58-60, 65-67, 74-80, 84-98, 102-112, 116-131, 143-147, 151-162, 171-176, 181-186, 190, 194-222, 230, 234-237, 241, 264-314, 323-331, 335-365, 379-384, 390-399, 404-411, 416-421, 424\napp/core/tool_registry.py                        156     98    37%   39-47, 63-71, 84-101, 139-188, 199, 203-206, 210-213, 217-239, 243-252, 256-260, 282, 296, 306-312, 319\napp/database.py                                    1      1     0%   5\napp/dependencies.py                                7      7     0%   2-12\napp/main.py                                      281    281     0%   5-639\napp/main_celery.py                               236    236     0%   4-491\napp/models.py                                    187      2    99%   11, 230\napp/orchestrator.py                                1      1     0%   4\napp/paralegal_agents/__init__.py                   3      3     0%   2-5\napp/paralegal_agents/refactored_agent_sdk.py     148    148     0%   6-429\napp/paralegal_agents/tool_wrappers.py            229    229     0%   6-652\napp/routes/__init__.py                             3      3     0%   4-7\napp/routes/auth_routes_refactored.py             120    120     0%   4-398\napp/routes/case_management_routes.py              52     52     0%   4-117\napp/services/__init__.py                          18     18     0%   4-48\napp/services/auth_service.py                      79     79     0%   1-123\napp/services/case_management_service.py          106    106     0%   1-312\napp/services/document_generation_service.py      140    140     0%   4-374\napp/services/optimized_statute_search.py          87     87     0%   4-233\napp/services/statute_search_service.py           102    102     0%   4-257\napp/services/supreme_court_service.py            149    149     0%   4-376\napp/task_processors.py                           172    172     0%   1-319\napp/validator.py                                  19     19     0%   1-183\n----------------------------------------------------------------------------\nTOTAL                                           4577   3830    16%\nCoverage HTML written to dir htmlcov\n\nFAIL Required test coverage of 80% not reached. Total coverage: 16.32%\n- Generated html report: file:///Volumes/code/cywil/ai-paralegal-poc/reports/20250823-233409/test_conversation_manager/test_conversation_manager.html -\n=========================== short test summary info ============================\nERROR tests/test_conversation_manager.py::TestConversationStateManagement::test_conversation_state_creation\nERROR tests/test_conversation_manager.py::TestConversationStateManagement::test_conversation_state_serialization\nERROR tests/test_conversation_manager.py::TestConversationStateManagement::test_conversation_state_deserialization\nERROR tests/test_conversation_manager.py::TestInitialization::test_successful_redis_initialization\nERROR tests/test_conversation_manager.py::TestInitialization::test_redis_failure_fallback\nERROR tests/test_conversation_manager.py::TestCachingStrategy::test_redis_cache_hit\nERROR tests/test_conversation_manager.py::TestCachingStrategy::test_redis_cache_miss\nERROR tests/test_conversation_manager.py::TestCachingStrategy::test_memory_cache_fallback\nERROR tests/test_conversation_manager.py::TestCachingStrategy::test_save_to_redis_cache\nERROR tests/test_conversation_manager.py::TestCachingStrategy::test_save_to_memory_cache\nERROR tests/test_conversation_manager.py::TestDatabasePersistence::test_get_from_database\nERROR tests/test_conversation_manager.py::TestDatabasePersistence::test_save_conversation_history\nERROR tests/test_conversation_manager.py::TestDatabasePersistence::test_get_conversation_history\nERROR tests/test_conversation_manager.py::TestConversationContext::test_conversation_context_new\nERROR tests/test_conversation_manager.py::TestConversationContext::test_conversation_context_existing\nERROR tests/test_conversation_manager.py::TestCaseLinking::test_link_to_case\nERROR tests/test_conversation_manager.py::TestHealthCheck::test_healthy_state\nERROR tests/test_conversation_manager.py::TestHealthCheck::test_redis_disconnected\nERROR tests/test_conversation_manager.py::TestHealthCheck::test_database_unhealthy\nERROR tests/test_conversation_manager.py::TestConcurrentAccess::test_concurrent_cache_updates\nERROR tests/test_conversation_manager.py::TestConcurrentAccess::test_memory_cache_thread_safety\nERROR tests/test_conversation_manager.py::TestEdgeCases::test_cache_ttl_expiration\nERROR tests/test_conversation_manager.py::TestEdgeCases::test_invalid_json_in_cache\nERROR tests/test_conversation_manager.py::TestEdgeCases::test_get_or_create_with_metadata\n======================== 1 warning, 24 errors in 4.94s =========================\n",
      "stderr": "",
      "junit_xml": "/Volumes/code/cywil/ai-paralegal-poc/reports/20250823-233409/test_conversation_manager/test_conversation_manager.xml",
      "html_report": "/Volumes/code/cywil/ai-paralegal-poc/reports/20250823-233409/test_conversation_manager/test_conversation_manager.html",
      "json_report": "/Volumes/code/cywil/ai-paralegal-poc/reports/20250823-233409/test_conversation_manager/test_conversation_manager.json"
    },
    {
      "test_file": "/Volumes/code/cywil/ai-paralegal-poc/tests/test_database_manager.py",
      "exit_code": 1,
      "duration_seconds": 5.879676103591919,
      "stdout": "============================= test session starts ==============================\nplatform darwin -- Python 3.11.13, pytest-8.4.0, pluggy-1.6.0\nrootdir: /Volumes/code/cywil/ai-paralegal-poc/tests\nconfigfile: pytest.ini\nplugins: cov-5.0.0, html-4.1.1, json-report-1.5.0, metadata-3.1.1, anyio-4.10.0, asyncio-1.0.0\nasyncio: mode=Mode.AUTO, asyncio_default_fixture_loop_scope=None, asyncio_default_test_loop_scope=function\ncollected 16 items\n\ntests/test_database_manager.py EEEEEEEEEEEEEEEE                          [100%]\n\n==================================== ERRORS ====================================\n_ ERROR at setup of TestDatabaseManagerInitialization.test_successful_initialization _\n\n    @pytest.fixture(autouse=True)\n    def reset_singletons():\n        \"\"\"Reset singleton instances between tests\"\"\"\n        # Reset service container\n>       from app.core.service_container import service_container\nE       ModuleNotFoundError: No module named 'app.core.service_container'\n\ntests/conftest.py:26: ModuleNotFoundError\n_ ERROR at setup of TestDatabaseManagerInitialization.test_initialization_failure _\n\n    @pytest.fixture(autouse=True)\n    def reset_singletons():\n        \"\"\"Reset singleton instances between tests\"\"\"\n        # Reset service container\n>       from app.core.service_container import service_container\nE       ModuleNotFoundError: No module named 'app.core.service_container'\n\ntests/conftest.py:26: ModuleNotFoundError\n_ ERROR at setup of TestDatabaseManagerInitialization.test_double_initialization _\n\n    @pytest.fixture(autouse=True)\n    def reset_singletons():\n        \"\"\"Reset singleton instances between tests\"\"\"\n        # Reset service container\n>       from app.core.service_container import service_container\nE       ModuleNotFoundError: No module named 'app.core.service_container'\n\ntests/conftest.py:26: ModuleNotFoundError\n_______ ERROR at setup of TestConnectionPooling.test_pool_configuration ________\n\n    @pytest.fixture(autouse=True)\n    def reset_singletons():\n        \"\"\"Reset singleton instances between tests\"\"\"\n        # Reset service container\n>       from app.core.service_container import service_container\nE       ModuleNotFoundError: No module named 'app.core.service_container'\n\ntests/conftest.py:26: ModuleNotFoundError\n_________ ERROR at setup of TestConnectionPooling.test_pool_exhaustion _________\n\n    @pytest.fixture(autouse=True)\n    def reset_singletons():\n        \"\"\"Reset singleton instances between tests\"\"\"\n        # Reset service container\n>       from app.core.service_container import service_container\nE       ModuleNotFoundError: No module named 'app.core.service_container'\n\ntests/conftest.py:26: ModuleNotFoundError\n___ ERROR at setup of TestTransactionManagement.test_successful_transaction ____\n\n    @pytest.fixture(autouse=True)\n    def reset_singletons():\n        \"\"\"Reset singleton instances between tests\"\"\"\n        # Reset service container\n>       from app.core.service_container import service_container\nE       ModuleNotFoundError: No module named 'app.core.service_container'\n\ntests/conftest.py:26: ModuleNotFoundError\n_ ERROR at setup of TestTransactionManagement.test_transaction_rollback_on_exception _\n\n    @pytest.fixture(autouse=True)\n    def reset_singletons():\n        \"\"\"Reset singleton instances between tests\"\"\"\n        # Reset service container\n>       from app.core.service_container import service_container\nE       ModuleNotFoundError: No module named 'app.core.service_container'\n\ntests/conftest.py:26: ModuleNotFoundError\n_ ERROR at setup of TestTransactionManagement.test_explicit_transaction_context _\n\n    @pytest.fixture(autouse=True)\n    def reset_singletons():\n        \"\"\"Reset singleton instances between tests\"\"\"\n        # Reset service container\n>       from app.core.service_container import service_container\nE       ModuleNotFoundError: No module named 'app.core.service_container'\n\ntests/conftest.py:26: ModuleNotFoundError\n__________ ERROR at setup of TestUnitOfWork.test_unit_of_work_commit ___________\n\n    @pytest.fixture(autouse=True)\n    def reset_singletons():\n        \"\"\"Reset singleton instances between tests\"\"\"\n        # Reset service container\n>       from app.core.service_container import service_container\nE       ModuleNotFoundError: No module named 'app.core.service_container'\n\ntests/conftest.py:26: ModuleNotFoundError\n_________ ERROR at setup of TestUnitOfWork.test_unit_of_work_rollback __________\n\n    @pytest.fixture(autouse=True)\n    def reset_singletons():\n        \"\"\"Reset singleton instances between tests\"\"\"\n        # Reset service container\n>       from app.core.service_container import service_container\nE       ModuleNotFoundError: No module named 'app.core.service_container'\n\ntests/conftest.py:26: ModuleNotFoundError\n_______ ERROR at setup of TestUnitOfWork.test_unit_of_work_manual_commit _______\n\n    @pytest.fixture(autouse=True)\n    def reset_singletons():\n        \"\"\"Reset singleton instances between tests\"\"\"\n        # Reset service container\n>       from app.core.service_container import service_container\nE       ModuleNotFoundError: No module named 'app.core.service_container'\n\ntests/conftest.py:26: ModuleNotFoundError\n____ ERROR at setup of TestUnitOfWork.test_unit_of_work_double_commit_error ____\n\n    @pytest.fixture(autouse=True)\n    def reset_singletons():\n        \"\"\"Reset singleton instances between tests\"\"\"\n        # Reset service container\n>       from app.core.service_container import service_container\nE       ModuleNotFoundError: No module named 'app.core.service_container'\n\ntests/conftest.py:26: ModuleNotFoundError\n___________ ERROR at setup of TestHealthCheck.test_healthy_database ____________\n\n    @pytest.fixture(autouse=True)\n    def reset_singletons():\n        \"\"\"Reset singleton instances between tests\"\"\"\n        # Reset service container\n>       from app.core.service_container import service_container\nE       ModuleNotFoundError: No module named 'app.core.service_container'\n\ntests/conftest.py:26: ModuleNotFoundError\n__________ ERROR at setup of TestHealthCheck.test_unhealthy_database ___________\n\n    @pytest.fixture(autouse=True)\n    def reset_singletons():\n        \"\"\"Reset singleton instances between tests\"\"\"\n        # Reset service container\n>       from app.core.service_container import service_container\nE       ModuleNotFoundError: No module named 'app.core.service_container'\n\ntests/conftest.py:26: ModuleNotFoundError\n_______ ERROR at setup of TestConcurrentAccess.test_concurrent_sessions ________\n\n    @pytest.fixture(autouse=True)\n    def reset_singletons():\n        \"\"\"Reset singleton instances between tests\"\"\"\n        # Reset service container\n>       from app.core.service_container import service_container\nE       ModuleNotFoundError: No module named 'app.core.service_container'\n\ntests/conftest.py:26: ModuleNotFoundError\n_____________ ERROR at setup of TestShutdown.test_engine_disposal ______________\n\n    @pytest.fixture(autouse=True)\n    def reset_singletons():\n        \"\"\"Reset singleton instances between tests\"\"\"\n        # Reset service container\n>       from app.core.service_container import service_container\nE       ModuleNotFoundError: No module named 'app.core.service_container'\n\ntests/conftest.py:26: ModuleNotFoundError\n=============================== warnings summary ===============================\n.venv/lib/python3.11/site-packages/_pytest/config/__init__.py:1474\n  /Volumes/code/cywil/ai-paralegal-poc/.venv/lib/python3.11/site-packages/_pytest/config/__init__.py:1474: PytestConfigWarning: Unknown config option: timeout\n  \n    self._warn_or_fail_if_strict(f\"Unknown config option: {key}\\n\")\n\n-- Docs: https://docs.pytest.org/en/stable/how-to/capture-warnings.html\n- generated xml file: /Volumes/code/cywil/ai-paralegal-poc/reports/20250823-233409/test_database_manager/test_database_manager.xml -\n--------------------------------- JSON report ----------------------------------\nreport saved to: /Volumes/code/cywil/ai-paralegal-poc/reports/20250823-233409/test_database_manager/test_database_manager.json\n\n--------- coverage: platform darwin, python 3.11.13-final-0 ----------\nName                                           Stmts   Miss  Cover   Missing\n----------------------------------------------------------------------------\napp/__init__.py                                    0      0   100%\napp/auth.py                                       68     68     0%   1-126\napp/auth_routes.py                               133    133     0%   1-350\napp/core/__init__.py                               7      0   100%\napp/core/auth_middleware.py                       92     92     0%   4-212\napp/core/celery_service_wrapper.py               202    202     0%   5-520\napp/core/config_service.py                       166     56    66%   42, 60, 65, 80-82, 98-100, 117-119, 150-152, 156-159, 171-173, 177-183, 187, 191, 196-202, 207-212, 216, 222, 230, 234, 238, 242, 246, 250-252, 263-265\napp/core/conversation_manager.py                 171    171     0%   4-349\napp/core/database_manager.py                     130     86    34%   33-39, 44-89, 93-96, 100-118, 128-139, 146-148, 152-154, 159, 164, 173-176, 180-181, 185-190, 194-198, 202-206, 211-213, 222, 226-233, 239, 244, 248\napp/core/db_optimizations.py                      82     82     0%   4-321\napp/core/exceptions.py                            97     36    63%   11-13, 25-26, 33, 49-50, 57, 64-66, 73-74, 101-102, 119-121, 128-133, 145-146, 163-165, 177-178, 200-203\napp/core/llm_manager.py                          162    120    26%   27-29, 33-39, 43-53, 58, 62-63, 73-78, 83-108, 112-114, 118-138, 145-148, 158-177, 186-204, 212-256, 260-270, 277-286, 290-291, 295, 303\napp/core/logger_manager.py                       279    203    27%   61-78, 83-131, 148-149, 156-159, 165-233, 240-243, 256-269, 286-309, 324-336, 347-352, 436-441, 483-530, 537-547, 554-583, 592-598, 606-620, 627-693, 703-743, 747-788\napp/core/performance_utils.py                    205    205     0%   4-412\napp/core/service_interface.py                    140     87    38%   33-36, 46-49, 56-73, 78, 84-99, 104, 110-135, 143, 148, 153, 161, 173-176, 180-181, 185-186, 191-199, 203-205, 209-210, 214-217, 226, 230-242, 246-248, 252\napp/core/streaming_handler.py                    121    121     0%   5-246\napp/core/tool_executor.py                        226    163    28%   58-60, 65-67, 74-80, 84-98, 102-112, 116-131, 143-147, 151-162, 171-176, 181-186, 190, 194-222, 230, 234-237, 241, 264-314, 323-331, 335-365, 379-384, 390-399, 404-411, 416-421, 424\napp/core/tool_registry.py                        156     98    37%   39-47, 63-71, 84-101, 139-188, 199, 203-206, 210-213, 217-239, 243-252, 256-260, 282, 296, 306-312, 319\napp/database.py                                    1      1     0%   5\napp/dependencies.py                                7      7     0%   2-12\napp/main.py                                      281    281     0%   5-639\napp/main_celery.py                               236    236     0%   4-491\napp/models.py                                    187      2    99%   11, 230\napp/orchestrator.py                                1      1     0%   4\napp/paralegal_agents/__init__.py                   3      3     0%   2-5\napp/paralegal_agents/refactored_agent_sdk.py     148    148     0%   6-429\napp/paralegal_agents/tool_wrappers.py            229    229     0%   6-652\napp/routes/__init__.py                             3      3     0%   4-7\napp/routes/auth_routes_refactored.py             120    120     0%   4-398\napp/routes/case_management_routes.py              52     52     0%   4-117\napp/services/__init__.py                          18     18     0%   4-48\napp/services/auth_service.py                      79     79     0%   1-123\napp/services/case_management_service.py          106    106     0%   1-312\napp/services/document_generation_service.py      140    140     0%   4-374\napp/services/optimized_statute_search.py          87     87     0%   4-233\napp/services/statute_search_service.py           102    102     0%   4-257\napp/services/supreme_court_service.py            149    149     0%   4-376\napp/task_processors.py                           172    172     0%   1-319\napp/validator.py                                  19     19     0%   1-183\n----------------------------------------------------------------------------\nTOTAL                                           4577   3878    15%\nCoverage HTML written to dir htmlcov\n\nFAIL Required test coverage of 80% not reached. Total coverage: 15.27%\n- Generated html report: file:///Volumes/code/cywil/ai-paralegal-poc/reports/20250823-233409/test_database_manager/test_database_manager.html -\n=========================== short test summary info ============================\nERROR tests/test_database_manager.py::TestDatabaseManagerInitialization::test_successful_initialization\nERROR tests/test_database_manager.py::TestDatabaseManagerInitialization::test_initialization_failure\nERROR tests/test_database_manager.py::TestDatabaseManagerInitialization::test_double_initialization\nERROR tests/test_database_manager.py::TestConnectionPooling::test_pool_configuration\nERROR tests/test_database_manager.py::TestConnectionPooling::test_pool_exhaustion\nERROR tests/test_database_manager.py::TestTransactionManagement::test_successful_transaction\nERROR tests/test_database_manager.py::TestTransactionManagement::test_transaction_rollback_on_exception\nERROR tests/test_database_manager.py::TestTransactionManagement::test_explicit_transaction_context\nERROR tests/test_database_manager.py::TestUnitOfWork::test_unit_of_work_commit\nERROR tests/test_database_manager.py::TestUnitOfWork::test_unit_of_work_rollback\nERROR tests/test_database_manager.py::TestUnitOfWork::test_unit_of_work_manual_commit\nERROR tests/test_database_manager.py::TestUnitOfWork::test_unit_of_work_double_commit_error\nERROR tests/test_database_manager.py::TestHealthCheck::test_healthy_database\nERROR tests/test_database_manager.py::TestHealthCheck::test_unhealthy_database\nERROR tests/test_database_manager.py::TestConcurrentAccess::test_concurrent_sessions\nERROR tests/test_database_manager.py::TestShutdown::test_engine_disposal - Mo...\n======================== 1 warning, 16 errors in 4.63s =========================\n",
      "stderr": "",
      "junit_xml": "/Volumes/code/cywil/ai-paralegal-poc/reports/20250823-233409/test_database_manager/test_database_manager.xml",
      "html_report": "/Volumes/code/cywil/ai-paralegal-poc/reports/20250823-233409/test_database_manager/test_database_manager.html",
      "json_report": "/Volumes/code/cywil/ai-paralegal-poc/reports/20250823-233409/test_database_manager/test_database_manager.json"
    },
    {
      "test_file": "/Volumes/code/cywil/ai-paralegal-poc/tests/test_integration.py",
      "exit_code": 2,
      "duration_seconds": 5.912436008453369,
      "stdout": "============================= test session starts ==============================\nplatform darwin -- Python 3.11.13, pytest-8.4.0, pluggy-1.6.0\nrootdir: /Volumes/code/cywil/ai-paralegal-poc/tests\nconfigfile: pytest.ini\nplugins: cov-5.0.0, html-4.1.1, json-report-1.5.0, metadata-3.1.1, anyio-4.10.0, asyncio-1.0.0\nasyncio: mode=Mode.AUTO, asyncio_default_fixture_loop_scope=None, asyncio_default_test_loop_scope=function\ncollected 0 items / 1 error\n\n==================================== ERRORS ====================================\n_____________________ ERROR collecting test_integration.py _____________________\nImportError while importing test module '/Volumes/code/cywil/ai-paralegal-poc/tests/test_integration.py'.\nHint: make sure your test modules/packages have valid Python names.\nTraceback:\n/opt/homebrew/Cellar/python@3.11/3.11.13/Frameworks/Python.framework/Versions/3.11/lib/python3.11/importlib/__init__.py:126: in import_module\n    return _bootstrap._gcd_import(name[level:], package, level)\n           ^^^^^^^^^^^^^^^^^^^^^^^^^^^^^^^^^^^^^^^^^^^^^^^^^^^^\ntests/test_integration.py:11: in <module>\n    from app.core import (\nE   ImportError: cannot import name 'service_container' from 'app.core' (/Volumes/code/cywil/ai-paralegal-poc/app/core/__init__.py)\n=============================== warnings summary ===============================\n.venv/lib/python3.11/site-packages/_pytest/config/__init__.py:1474\n  /Volumes/code/cywil/ai-paralegal-poc/.venv/lib/python3.11/site-packages/_pytest/config/__init__.py:1474: PytestConfigWarning: Unknown config option: timeout\n  \n    self._warn_or_fail_if_strict(f\"Unknown config option: {key}\\n\")\n\n-- Docs: https://docs.pytest.org/en/stable/how-to/capture-warnings.html\n- generated xml file: /Volumes/code/cywil/ai-paralegal-poc/reports/20250823-233409/test_integration/test_integration.xml -\n--------------------------------- JSON report ----------------------------------\nreport saved to: /Volumes/code/cywil/ai-paralegal-poc/reports/20250823-233409/test_integration/test_integration.json\n\n--------- coverage: platform darwin, python 3.11.13-final-0 ----------\nName                                           Stmts   Miss  Cover   Missing\n----------------------------------------------------------------------------\napp/__init__.py                                    0      0   100%\napp/auth.py                                       68     68     0%   1-126\napp/auth_routes.py                               133    133     0%   1-350\napp/core/__init__.py                               7      0   100%\napp/core/auth_middleware.py                       92     92     0%   4-212\napp/core/celery_service_wrapper.py               202    202     0%   5-520\napp/core/config_service.py                       166     56    66%   42, 60, 65, 80-82, 98-100, 117-119, 150-152, 156-159, 171-173, 177-183, 187, 191, 196-202, 207-212, 216, 222, 230, 234, 238, 242, 246, 250-252, 263-265\napp/core/conversation_manager.py                 171    171     0%   4-349\napp/core/database_manager.py                     130     86    34%   33-39, 44-89, 93-96, 100-118, 128-139, 146-148, 152-154, 159, 164, 173-176, 180-181, 185-190, 194-198, 202-206, 211-213, 222, 226-233, 239, 244, 248\napp/core/db_optimizations.py                      82     82     0%   4-321\napp/core/exceptions.py                            97     36    63%   11-13, 25-26, 33, 49-50, 57, 64-66, 73-74, 101-102, 119-121, 128-133, 145-146, 163-165, 177-178, 200-203\napp/core/llm_manager.py                          162    120    26%   27-29, 33-39, 43-53, 58, 62-63, 73-78, 83-108, 112-114, 118-138, 145-148, 158-177, 186-204, 212-256, 260-270, 277-286, 290-291, 295, 303\napp/core/logger_manager.py                       279    203    27%   61-78, 83-131, 148-149, 156-159, 165-233, 240-243, 256-269, 286-309, 324-336, 347-352, 436-441, 483-530, 537-547, 554-583, 592-598, 606-620, 627-693, 703-743, 747-788\napp/core/performance_utils.py                    205    205     0%   4-412\napp/core/service_interface.py                    140     87    38%   33-36, 46-49, 56-73, 78, 84-99, 104, 110-135, 143, 148, 153, 161, 173-176, 180-181, 185-186, 191-199, 203-205, 209-210, 214-217, 226, 230-242, 246-248, 252\napp/core/streaming_handler.py                    121    121     0%   5-246\napp/core/tool_executor.py                        226    163    28%   58-60, 65-67, 74-80, 84-98, 102-112, 116-131, 143-147, 151-162, 171-176, 181-186, 190, 194-222, 230, 234-237, 241, 264-314, 323-331, 335-365, 379-384, 390-399, 404-411, 416-421, 424\napp/core/tool_registry.py                        156     98    37%   39-47, 63-71, 84-101, 139-188, 199, 203-206, 210-213, 217-239, 243-252, 256-260, 282, 296, 306-312, 319\napp/database.py                                    1      1     0%   5\napp/dependencies.py                                7      7     0%   2-12\napp/main.py                                      281    281     0%   5-639\napp/main_celery.py                               236    236     0%   4-491\napp/models.py                                    187      2    99%   11, 230\napp/orchestrator.py                                1      1     0%   4\napp/paralegal_agents/__init__.py                   3      3     0%   2-5\napp/paralegal_agents/refactored_agent_sdk.py     148    148     0%   6-429\napp/paralegal_agents/tool_wrappers.py            229    229     0%   6-652\napp/routes/__init__.py                             3      3     0%   4-7\napp/routes/auth_routes_refactored.py             120    120     0%   4-398\napp/routes/case_management_routes.py              52     52     0%   4-117\napp/services/__init__.py                          18     18     0%   4-48\napp/services/auth_service.py                      79     79     0%   1-123\napp/services/case_management_service.py          106    106     0%   1-312\napp/services/document_generation_service.py      140    140     0%   4-374\napp/services/optimized_statute_search.py          87     87     0%   4-233\napp/services/statute_search_service.py           102    102     0%   4-257\napp/services/supreme_court_service.py            149    149     0%   4-376\napp/task_processors.py                           172    172     0%   1-319\napp/validator.py                                  19     19     0%   1-183\n----------------------------------------------------------------------------\nTOTAL                                           4577   3878    15%\nCoverage HTML written to dir htmlcov\n\nFAIL Required test coverage of 80% not reached. Total coverage: 15.27%\n- Generated html report: file:///Volumes/code/cywil/ai-paralegal-poc/reports/20250823-233409/test_integration/test_integration.html -\n=========================== short test summary info ============================\nERROR tests/test_integration.py\n!!!!!!!!!!!!!!!!!!!! Interrupted: 1 error during collection !!!!!!!!!!!!!!!!!!!!\n========================= 1 warning, 1 error in 4.65s ==========================\n",
      "stderr": "",
      "junit_xml": "/Volumes/code/cywil/ai-paralegal-poc/reports/20250823-233409/test_integration/test_integration.xml",
      "html_report": "/Volumes/code/cywil/ai-paralegal-poc/reports/20250823-233409/test_integration/test_integration.html",
      "json_report": "/Volumes/code/cywil/ai-paralegal-poc/reports/20250823-233409/test_integration/test_integration.json"
    },
    {
      "test_file": "/Volumes/code/cywil/ai-paralegal-poc/tests/test_integration_refactored.py",
      "exit_code": 2,
      "duration_seconds": 5.854994058609009,
      "stdout": "============================= test session starts ==============================\nplatform darwin -- Python 3.11.13, pytest-8.4.0, pluggy-1.6.0\nrootdir: /Volumes/code/cywil/ai-paralegal-poc/tests\nconfigfile: pytest.ini\nplugins: cov-5.0.0, html-4.1.1, json-report-1.5.0, metadata-3.1.1, anyio-4.10.0, asyncio-1.0.0\nasyncio: mode=Mode.AUTO, asyncio_default_fixture_loop_scope=None, asyncio_default_test_loop_scope=function\ncollected 0 items / 1 error\n\n==================================== ERRORS ====================================\n_______________ ERROR collecting test_integration_refactored.py ________________\nImportError while importing test module '/Volumes/code/cywil/ai-paralegal-poc/tests/test_integration_refactored.py'.\nHint: make sure your test modules/packages have valid Python names.\nTraceback:\n/opt/homebrew/Cellar/python@3.11/3.11.13/Frameworks/Python.framework/Versions/3.11/lib/python3.11/importlib/__init__.py:126: in import_module\n    return _bootstrap._gcd_import(name[level:], package, level)\n           ^^^^^^^^^^^^^^^^^^^^^^^^^^^^^^^^^^^^^^^^^^^^^^^^^^^^\ntests/test_integration_refactored.py:11: in <module>\n    from app.core import (\nE   ImportError: cannot import name 'service_container' from 'app.core' (/Volumes/code/cywil/ai-paralegal-poc/app/core/__init__.py)\n=============================== warnings summary ===============================\n.venv/lib/python3.11/site-packages/_pytest/config/__init__.py:1474\n  /Volumes/code/cywil/ai-paralegal-poc/.venv/lib/python3.11/site-packages/_pytest/config/__init__.py:1474: PytestConfigWarning: Unknown config option: timeout\n  \n    self._warn_or_fail_if_strict(f\"Unknown config option: {key}\\n\")\n\n-- Docs: https://docs.pytest.org/en/stable/how-to/capture-warnings.html\n- generated xml file: /Volumes/code/cywil/ai-paralegal-poc/reports/20250823-233409/test_integration_refactored/test_integration_refactored.xml -\n--------------------------------- JSON report ----------------------------------\nreport saved to: /Volumes/code/cywil/ai-paralegal-poc/reports/20250823-233409/test_integration_refactored/test_integration_refactored.json\n\n--------- coverage: platform darwin, python 3.11.13-final-0 ----------\nName                                           Stmts   Miss  Cover   Missing\n----------------------------------------------------------------------------\napp/__init__.py                                    0      0   100%\napp/auth.py                                       68     68     0%   1-126\napp/auth_routes.py                               133    133     0%   1-350\napp/core/__init__.py                               7      0   100%\napp/core/auth_middleware.py                       92     92     0%   4-212\napp/core/celery_service_wrapper.py               202    202     0%   5-520\napp/core/config_service.py                       166     56    66%   42, 60, 65, 80-82, 98-100, 117-119, 150-152, 156-159, 171-173, 177-183, 187, 191, 196-202, 207-212, 216, 222, 230, 234, 238, 242, 246, 250-252, 263-265\napp/core/conversation_manager.py                 171    171     0%   4-349\napp/core/database_manager.py                     130     86    34%   33-39, 44-89, 93-96, 100-118, 128-139, 146-148, 152-154, 159, 164, 173-176, 180-181, 185-190, 194-198, 202-206, 211-213, 222, 226-233, 239, 244, 248\napp/core/db_optimizations.py                      82     82     0%   4-321\napp/core/exceptions.py                            97     36    63%   11-13, 25-26, 33, 49-50, 57, 64-66, 73-74, 101-102, 119-121, 128-133, 145-146, 163-165, 177-178, 200-203\napp/core/llm_manager.py                          162    120    26%   27-29, 33-39, 43-53, 58, 62-63, 73-78, 83-108, 112-114, 118-138, 145-148, 158-177, 186-204, 212-256, 260-270, 277-286, 290-291, 295, 303\napp/core/logger_manager.py                       279    203    27%   61-78, 83-131, 148-149, 156-159, 165-233, 240-243, 256-269, 286-309, 324-336, 347-352, 436-441, 483-530, 537-547, 554-583, 592-598, 606-620, 627-693, 703-743, 747-788\napp/core/performance_utils.py                    205    205     0%   4-412\napp/core/service_interface.py                    140     87    38%   33-36, 46-49, 56-73, 78, 84-99, 104, 110-135, 143, 148, 153, 161, 173-176, 180-181, 185-186, 191-199, 203-205, 209-210, 214-217, 226, 230-242, 246-248, 252\napp/core/streaming_handler.py                    121    121     0%   5-246\napp/core/tool_executor.py                        226    163    28%   58-60, 65-67, 74-80, 84-98, 102-112, 116-131, 143-147, 151-162, 171-176, 181-186, 190, 194-222, 230, 234-237, 241, 264-314, 323-331, 335-365, 379-384, 390-399, 404-411, 416-421, 424\napp/core/tool_registry.py                        156     98    37%   39-47, 63-71, 84-101, 139-188, 199, 203-206, 210-213, 217-239, 243-252, 256-260, 282, 296, 306-312, 319\napp/database.py                                    1      1     0%   5\napp/dependencies.py                                7      7     0%   2-12\napp/main.py                                      281    281     0%   5-639\napp/main_celery.py                               236    236     0%   4-491\napp/models.py                                    187      2    99%   11, 230\napp/orchestrator.py                                1      1     0%   4\napp/paralegal_agents/__init__.py                   3      3     0%   2-5\napp/paralegal_agents/refactored_agent_sdk.py     148    148     0%   6-429\napp/paralegal_agents/tool_wrappers.py            229    229     0%   6-652\napp/routes/__init__.py                             3      3     0%   4-7\napp/routes/auth_routes_refactored.py             120    120     0%   4-398\napp/routes/case_management_routes.py              52     52     0%   4-117\napp/services/__init__.py                          18     18     0%   4-48\napp/services/auth_service.py                      79     79     0%   1-123\napp/services/case_management_service.py          106    106     0%   1-312\napp/services/document_generation_service.py      140    140     0%   4-374\napp/services/optimized_statute_search.py          87     87     0%   4-233\napp/services/statute_search_service.py           102    102     0%   4-257\napp/services/supreme_court_service.py            149    149     0%   4-376\napp/task_processors.py                           172    172     0%   1-319\napp/validator.py                                  19     19     0%   1-183\n----------------------------------------------------------------------------\nTOTAL                                           4577   3878    15%\nCoverage HTML written to dir htmlcov\n\nFAIL Required test coverage of 80% not reached. Total coverage: 15.27%\n- Generated html report: file:///Volumes/code/cywil/ai-paralegal-poc/reports/20250823-233409/test_integration_refactored/test_integration_refactored.html -\n=========================== short test summary info ============================\nERROR tests/test_integration_refactored.py\n!!!!!!!!!!!!!!!!!!!! Interrupted: 1 error during collection !!!!!!!!!!!!!!!!!!!!\n========================= 1 warning, 1 error in 4.61s ==========================\n",
      "stderr": "",
      "junit_xml": "/Volumes/code/cywil/ai-paralegal-poc/reports/20250823-233409/test_integration_refactored/test_integration_refactored.xml",
      "html_report": "/Volumes/code/cywil/ai-paralegal-poc/reports/20250823-233409/test_integration_refactored/test_integration_refactored.html",
      "json_report": "/Volumes/code/cywil/ai-paralegal-poc/reports/20250823-233409/test_integration_refactored/test_integration_refactored.json"
    },
    {
      "test_file": "/Volumes/code/cywil/ai-paralegal-poc/tests/test_performance_utils.py",
      "exit_code": 2,
      "duration_seconds": 5.894417762756348,
      "stdout": "============================= test session starts ==============================\nplatform darwin -- Python 3.11.13, pytest-8.4.0, pluggy-1.6.0\nrootdir: /Volumes/code/cywil/ai-paralegal-poc/tests\nconfigfile: pytest.ini\nplugins: cov-5.0.0, html-4.1.1, json-report-1.5.0, metadata-3.1.1, anyio-4.10.0, asyncio-1.0.0\nasyncio: mode=Mode.AUTO, asyncio_default_fixture_loop_scope=None, asyncio_default_test_loop_scope=function\ncollected 0 items / 1 error\n\n==================================== ERRORS ====================================\n__________________ ERROR collecting test_performance_utils.py __________________\nImportError while importing test module '/Volumes/code/cywil/ai-paralegal-poc/tests/test_performance_utils.py'.\nHint: make sure your test modules/packages have valid Python names.\nTraceback:\n/opt/homebrew/Cellar/python@3.11/3.11.13/Frameworks/Python.framework/Versions/3.11/lib/python3.11/importlib/__init__.py:126: in import_module\n    return _bootstrap._gcd_import(name[level:], package, level)\n           ^^^^^^^^^^^^^^^^^^^^^^^^^^^^^^^^^^^^^^^^^^^^^^^^^^^^\ntests/test_performance_utils.py:10: in <module>\n    from app.core.performance_utils import (\napp/core/performance_utils.py:14: in <module>\n    from .logging_utils import get_logger\nE   ModuleNotFoundError: No module named 'app.core.logging_utils'\n=============================== warnings summary ===============================\n.venv/lib/python3.11/site-packages/_pytest/config/__init__.py:1474\n  /Volumes/code/cywil/ai-paralegal-poc/.venv/lib/python3.11/site-packages/_pytest/config/__init__.py:1474: PytestConfigWarning: Unknown config option: timeout\n  \n    self._warn_or_fail_if_strict(f\"Unknown config option: {key}\\n\")\n\n-- Docs: https://docs.pytest.org/en/stable/how-to/capture-warnings.html\n- generated xml file: /Volumes/code/cywil/ai-paralegal-poc/reports/20250823-233409/test_performance_utils/test_performance_utils.xml -\n--------------------------------- JSON report ----------------------------------\nreport saved to: /Volumes/code/cywil/ai-paralegal-poc/reports/20250823-233409/test_performance_utils/test_performance_utils.json\n\n--------- coverage: platform darwin, python 3.11.13-final-0 ----------\nName                                           Stmts   Miss  Cover   Missing\n----------------------------------------------------------------------------\napp/__init__.py                                    0      0   100%\napp/auth.py                                       68     68     0%   1-126\napp/auth_routes.py                               133    133     0%   1-350\napp/core/__init__.py                               7      0   100%\napp/core/auth_middleware.py                       92     92     0%   4-212\napp/core/celery_service_wrapper.py               202    202     0%   5-520\napp/core/config_service.py                       166     56    66%   42, 60, 65, 80-82, 98-100, 117-119, 150-152, 156-159, 171-173, 177-183, 187, 191, 196-202, 207-212, 216, 222, 230, 234, 238, 242, 246, 250-252, 263-265\napp/core/conversation_manager.py                 171    171     0%   4-349\napp/core/database_manager.py                     130     86    34%   33-39, 44-89, 93-96, 100-118, 128-139, 146-148, 152-154, 159, 164, 173-176, 180-181, 185-190, 194-198, 202-206, 211-213, 222, 226-233, 239, 244, 248\napp/core/db_optimizations.py                      82     82     0%   4-321\napp/core/exceptions.py                            97     36    63%   11-13, 25-26, 33, 49-50, 57, 64-66, 73-74, 101-102, 119-121, 128-133, 145-146, 163-165, 177-178, 200-203\napp/core/llm_manager.py                          162    120    26%   27-29, 33-39, 43-53, 58, 62-63, 73-78, 83-108, 112-114, 118-138, 145-148, 158-177, 186-204, 212-256, 260-270, 277-286, 290-291, 295, 303\napp/core/logger_manager.py                       279    203    27%   61-78, 83-131, 148-149, 156-159, 165-233, 240-243, 256-269, 286-309, 324-336, 347-352, 436-441, 483-530, 537-547, 554-583, 592-598, 606-620, 627-693, 703-743, 747-788\napp/core/performance_utils.py                    205    195     5%   17-412\napp/core/service_interface.py                    140     87    38%   33-36, 46-49, 56-73, 78, 84-99, 104, 110-135, 143, 148, 153, 161, 173-176, 180-181, 185-186, 191-199, 203-205, 209-210, 214-217, 226, 230-242, 246-248, 252\napp/core/streaming_handler.py                    121    121     0%   5-246\napp/core/tool_executor.py                        226    163    28%   58-60, 65-67, 74-80, 84-98, 102-112, 116-131, 143-147, 151-162, 171-176, 181-186, 190, 194-222, 230, 234-237, 241, 264-314, 323-331, 335-365, 379-384, 390-399, 404-411, 416-421, 424\napp/core/tool_registry.py                        156     98    37%   39-47, 63-71, 84-101, 139-188, 199, 203-206, 210-213, 217-239, 243-252, 256-260, 282, 296, 306-312, 319\napp/database.py                                    1      1     0%   5\napp/dependencies.py                                7      7     0%   2-12\napp/main.py                                      281    281     0%   5-639\napp/main_celery.py                               236    236     0%   4-491\napp/models.py                                    187      2    99%   11, 230\napp/orchestrator.py                                1      1     0%   4\napp/paralegal_agents/__init__.py                   3      3     0%   2-5\napp/paralegal_agents/refactored_agent_sdk.py     148    148     0%   6-429\napp/paralegal_agents/tool_wrappers.py            229    229     0%   6-652\napp/routes/__init__.py                             3      3     0%   4-7\napp/routes/auth_routes_refactored.py             120    120     0%   4-398\napp/routes/case_management_routes.py              52     52     0%   4-117\napp/services/__init__.py                          18     18     0%   4-48\napp/services/auth_service.py                      79     79     0%   1-123\napp/services/case_management_service.py          106    106     0%   1-312\napp/services/document_generation_service.py      140    140     0%   4-374\napp/services/optimized_statute_search.py          87     87     0%   4-233\napp/services/statute_search_service.py           102    102     0%   4-257\napp/services/supreme_court_service.py            149    149     0%   4-376\napp/task_processors.py                           172    172     0%   1-319\napp/validator.py                                  19     19     0%   1-183\n----------------------------------------------------------------------------\nTOTAL                                           4577   3868    15%\nCoverage HTML written to dir htmlcov\n\nFAIL Required test coverage of 80% not reached. Total coverage: 15.49%\n- Generated html report: file:///Volumes/code/cywil/ai-paralegal-poc/reports/20250823-233409/test_performance_utils/test_performance_utils.html -\n=========================== short test summary info ============================\nERROR tests/test_performance_utils.py\n!!!!!!!!!!!!!!!!!!!! Interrupted: 1 error during collection !!!!!!!!!!!!!!!!!!!!\n========================= 1 warning, 1 error in 4.66s ==========================\n",
      "stderr": "",
      "junit_xml": "/Volumes/code/cywil/ai-paralegal-poc/reports/20250823-233409/test_performance_utils/test_performance_utils.xml",
      "html_report": "/Volumes/code/cywil/ai-paralegal-poc/reports/20250823-233409/test_performance_utils/test_performance_utils.html",
      "json_report": "/Volumes/code/cywil/ai-paralegal-poc/reports/20250823-233409/test_performance_utils/test_performance_utils.json"
    },
    {
      "test_file": "/Volumes/code/cywil/ai-paralegal-poc/tests/test_refactored_services.py",
      "exit_code": 2,
      "duration_seconds": 5.774281024932861,
      "stdout": "============================= test session starts ==============================\nplatform darwin -- Python 3.11.13, pytest-8.4.0, pluggy-1.6.0\nrootdir: /Volumes/code/cywil/ai-paralegal-poc/tests\nconfigfile: pytest.ini\nplugins: cov-5.0.0, html-4.1.1, json-report-1.5.0, metadata-3.1.1, anyio-4.10.0, asyncio-1.0.0\nasyncio: mode=Mode.AUTO, asyncio_default_fixture_loop_scope=None, asyncio_default_test_loop_scope=function\ncollected 0 items / 1 error\n\n==================================== ERRORS ====================================\n_________________ ERROR collecting test_refactored_services.py _________________\nImportError while importing test module '/Volumes/code/cywil/ai-paralegal-poc/tests/test_refactored_services.py'.\nHint: make sure your test modules/packages have valid Python names.\nTraceback:\n/opt/homebrew/Cellar/python@3.11/3.11.13/Frameworks/Python.framework/Versions/3.11/lib/python3.11/importlib/__init__.py:126: in import_module\n    return _bootstrap._gcd_import(name[level:], package, level)\n           ^^^^^^^^^^^^^^^^^^^^^^^^^^^^^^^^^^^^^^^^^^^^^^^^^^^^\ntests/test_refactored_services.py:9: in <module>\n    from app.core import (\nE   ImportError: cannot import name 'service_container' from 'app.core' (/Volumes/code/cywil/ai-paralegal-poc/app/core/__init__.py)\n=============================== warnings summary ===============================\n.venv/lib/python3.11/site-packages/_pytest/config/__init__.py:1474\n  /Volumes/code/cywil/ai-paralegal-poc/.venv/lib/python3.11/site-packages/_pytest/config/__init__.py:1474: PytestConfigWarning: Unknown config option: timeout\n  \n    self._warn_or_fail_if_strict(f\"Unknown config option: {key}\\n\")\n\n-- Docs: https://docs.pytest.org/en/stable/how-to/capture-warnings.html\n- generated xml file: /Volumes/code/cywil/ai-paralegal-poc/reports/20250823-233409/test_refactored_services/test_refactored_services.xml -\n--------------------------------- JSON report ----------------------------------\nreport saved to: /Volumes/code/cywil/ai-paralegal-poc/reports/20250823-233409/test_refactored_services/test_refactored_services.json\n\n--------- coverage: platform darwin, python 3.11.13-final-0 ----------\nName                                           Stmts   Miss  Cover   Missing\n----------------------------------------------------------------------------\napp/__init__.py                                    0      0   100%\napp/auth.py                                       68     68     0%   1-126\napp/auth_routes.py                               133    133     0%   1-350\napp/core/__init__.py                               7      0   100%\napp/core/auth_middleware.py                       92     92     0%   4-212\napp/core/celery_service_wrapper.py               202    202     0%   5-520\napp/core/config_service.py                       166     56    66%   42, 60, 65, 80-82, 98-100, 117-119, 150-152, 156-159, 171-173, 177-183, 187, 191, 196-202, 207-212, 216, 222, 230, 234, 238, 242, 246, 250-252, 263-265\napp/core/conversation_manager.py                 171    171     0%   4-349\napp/core/database_manager.py                     130     86    34%   33-39, 44-89, 93-96, 100-118, 128-139, 146-148, 152-154, 159, 164, 173-176, 180-181, 185-190, 194-198, 202-206, 211-213, 222, 226-233, 239, 244, 248\napp/core/db_optimizations.py                      82     82     0%   4-321\napp/core/exceptions.py                            97     36    63%   11-13, 25-26, 33, 49-50, 57, 64-66, 73-74, 101-102, 119-121, 128-133, 145-146, 163-165, 177-178, 200-203\napp/core/llm_manager.py                          162    120    26%   27-29, 33-39, 43-53, 58, 62-63, 73-78, 83-108, 112-114, 118-138, 145-148, 158-177, 186-204, 212-256, 260-270, 277-286, 290-291, 295, 303\napp/core/logger_manager.py                       279    203    27%   61-78, 83-131, 148-149, 156-159, 165-233, 240-243, 256-269, 286-309, 324-336, 347-352, 436-441, 483-530, 537-547, 554-583, 592-598, 606-620, 627-693, 703-743, 747-788\napp/core/performance_utils.py                    205    205     0%   4-412\napp/core/service_interface.py                    140     87    38%   33-36, 46-49, 56-73, 78, 84-99, 104, 110-135, 143, 148, 153, 161, 173-176, 180-181, 185-186, 191-199, 203-205, 209-210, 214-217, 226, 230-242, 246-248, 252\napp/core/streaming_handler.py                    121    121     0%   5-246\napp/core/tool_executor.py                        226    163    28%   58-60, 65-67, 74-80, 84-98, 102-112, 116-131, 143-147, 151-162, 171-176, 181-186, 190, 194-222, 230, 234-237, 241, 264-314, 323-331, 335-365, 379-384, 390-399, 404-411, 416-421, 424\napp/core/tool_registry.py                        156     98    37%   39-47, 63-71, 84-101, 139-188, 199, 203-206, 210-213, 217-239, 243-252, 256-260, 282, 296, 306-312, 319\napp/database.py                                    1      1     0%   5\napp/dependencies.py                                7      7     0%   2-12\napp/main.py                                      281    281     0%   5-639\napp/main_celery.py                               236    236     0%   4-491\napp/models.py                                    187      2    99%   11, 230\napp/orchestrator.py                                1      1     0%   4\napp/paralegal_agents/__init__.py                   3      3     0%   2-5\napp/paralegal_agents/refactored_agent_sdk.py     148    148     0%   6-429\napp/paralegal_agents/tool_wrappers.py            229    229     0%   6-652\napp/routes/__init__.py                             3      3     0%   4-7\napp/routes/auth_routes_refactored.py             120    120     0%   4-398\napp/routes/case_management_routes.py              52     52     0%   4-117\napp/services/__init__.py                          18     18     0%   4-48\napp/services/auth_service.py                      79     79     0%   1-123\napp/services/case_management_service.py          106    106     0%   1-312\napp/services/document_generation_service.py      140    140     0%   4-374\napp/services/optimized_statute_search.py          87     87     0%   4-233\napp/services/statute_search_service.py           102    102     0%   4-257\napp/services/supreme_court_service.py            149    149     0%   4-376\napp/task_processors.py                           172    172     0%   1-319\napp/validator.py                                  19     19     0%   1-183\n----------------------------------------------------------------------------\nTOTAL                                           4577   3878    15%\nCoverage HTML written to dir htmlcov\n\nFAIL Required test coverage of 80% not reached. Total coverage: 15.27%\n- Generated html report: file:///Volumes/code/cywil/ai-paralegal-poc/reports/20250823-233409/test_refactored_services/test_refactored_services.html -\n=========================== short test summary info ============================\nERROR tests/test_refactored_services.py\n!!!!!!!!!!!!!!!!!!!! Interrupted: 1 error during collection !!!!!!!!!!!!!!!!!!!!\n========================= 1 warning, 1 error in 4.51s ==========================\n",
      "stderr": "",
      "junit_xml": "/Volumes/code/cywil/ai-paralegal-poc/reports/20250823-233409/test_refactored_services/test_refactored_services.xml",
      "html_report": "/Volumes/code/cywil/ai-paralegal-poc/reports/20250823-233409/test_refactored_services/test_refactored_services.html",
      "json_report": "/Volumes/code/cywil/ai-paralegal-poc/reports/20250823-233409/test_refactored_services/test_refactored_services.json"
    },
    {
      "test_file": "/Volumes/code/cywil/ai-paralegal-poc/tests/test_streaming_handler.py",
      "exit_code": 2,
      "duration_seconds": 5.916372060775757,
      "stdout": "============================= test session starts ==============================\nplatform darwin -- Python 3.11.13, pytest-8.4.0, pluggy-1.6.0\nrootdir: /Volumes/code/cywil/ai-paralegal-poc/tests\nconfigfile: pytest.ini\nplugins: cov-5.0.0, html-4.1.1, json-report-1.5.0, metadata-3.1.1, anyio-4.10.0, asyncio-1.0.0\nasyncio: mode=Mode.AUTO, asyncio_default_fixture_loop_scope=None, asyncio_default_test_loop_scope=function\ncollected 0 items / 1 error\n\n==================================== ERRORS ====================================\n__________________ ERROR collecting test_streaming_handler.py __________________\nImportError while importing test module '/Volumes/code/cywil/ai-paralegal-poc/tests/test_streaming_handler.py'.\nHint: make sure your test modules/packages have valid Python names.\nTraceback:\n/opt/homebrew/Cellar/python@3.11/3.11.13/Frameworks/Python.framework/Versions/3.11/lib/python3.11/importlib/__init__.py:126: in import_module\n    return _bootstrap._gcd_import(name[level:], package, level)\n           ^^^^^^^^^^^^^^^^^^^^^^^^^^^^^^^^^^^^^^^^^^^^^^^^^^^^\ntests/test_streaming_handler.py:9: in <module>\n    from app.core.streaming_handler import (\nE   ImportError: cannot import name 'TextAccumulator' from 'app.core.streaming_handler' (/Volumes/code/cywil/ai-paralegal-poc/app/core/streaming_handler.py)\n=============================== warnings summary ===============================\n.venv/lib/python3.11/site-packages/_pytest/config/__init__.py:1474\n  /Volumes/code/cywil/ai-paralegal-poc/.venv/lib/python3.11/site-packages/_pytest/config/__init__.py:1474: PytestConfigWarning: Unknown config option: timeout\n  \n    self._warn_or_fail_if_strict(f\"Unknown config option: {key}\\n\")\n\n-- Docs: https://docs.pytest.org/en/stable/how-to/capture-warnings.html\n- generated xml file: /Volumes/code/cywil/ai-paralegal-poc/reports/20250823-233409/test_streaming_handler/test_streaming_handler.xml -\n--------------------------------- JSON report ----------------------------------\nreport saved to: /Volumes/code/cywil/ai-paralegal-poc/reports/20250823-233409/test_streaming_handler/test_streaming_handler.json\n\n--------- coverage: platform darwin, python 3.11.13-final-0 ----------\nName                                           Stmts   Miss  Cover   Missing\n----------------------------------------------------------------------------\napp/__init__.py                                    0      0   100%\napp/auth.py                                       68     68     0%   1-126\napp/auth_routes.py                               133    133     0%   1-350\napp/core/__init__.py                               7      0   100%\napp/core/auth_middleware.py                       92     92     0%   4-212\napp/core/celery_service_wrapper.py               202    202     0%   5-520\napp/core/config_service.py                       166     56    66%   42, 60, 65, 80-82, 98-100, 117-119, 150-152, 156-159, 171-173, 177-183, 187, 191, 196-202, 207-212, 216, 222, 230, 234, 238, 242, 246, 250-252, 263-265\napp/core/conversation_manager.py                 171    171     0%   4-349\napp/core/database_manager.py                     130     86    34%   33-39, 44-89, 93-96, 100-118, 128-139, 146-148, 152-154, 159, 164, 173-176, 180-181, 185-190, 194-198, 202-206, 211-213, 222, 226-233, 239, 244, 248\napp/core/db_optimizations.py                      82     82     0%   4-321\napp/core/exceptions.py                            97     36    63%   11-13, 25-26, 33, 49-50, 57, 64-66, 73-74, 101-102, 119-121, 128-133, 145-146, 163-165, 177-178, 200-203\napp/core/llm_manager.py                          162    120    26%   27-29, 33-39, 43-53, 58, 62-63, 73-78, 83-108, 112-114, 118-138, 145-148, 158-177, 186-204, 212-256, 260-270, 277-286, 290-291, 295, 303\napp/core/logger_manager.py                       279    203    27%   61-78, 83-131, 148-149, 156-159, 165-233, 240-243, 256-269, 286-309, 324-336, 347-352, 436-441, 483-530, 537-547, 554-583, 592-598, 606-620, 627-693, 703-743, 747-788\napp/core/performance_utils.py                    205    205     0%   4-412\napp/core/service_interface.py                    140     87    38%   33-36, 46-49, 56-73, 78, 84-99, 104, 110-135, 143, 148, 153, 161, 173-176, 180-181, 185-186, 191-199, 203-205, 209-210, 214-217, 226, 230-242, 246-248, 252\napp/core/streaming_handler.py                    121     81    33%   61-64, 68, 72-147, 154-184, 192-193, 200, 203-207, 210, 213, 220, 229-240, 243, 246\napp/core/tool_executor.py                        226    163    28%   58-60, 65-67, 74-80, 84-98, 102-112, 116-131, 143-147, 151-162, 171-176, 181-186, 190, 194-222, 230, 234-237, 241, 264-314, 323-331, 335-365, 379-384, 390-399, 404-411, 416-421, 424\napp/core/tool_registry.py                        156     98    37%   39-47, 63-71, 84-101, 139-188, 199, 203-206, 210-213, 217-239, 243-252, 256-260, 282, 296, 306-312, 319\napp/database.py                                    1      1     0%   5\napp/dependencies.py                                7      7     0%   2-12\napp/main.py                                      281    281     0%   5-639\napp/main_celery.py                               236    236     0%   4-491\napp/models.py                                    187      2    99%   11, 230\napp/orchestrator.py                                1      1     0%   4\napp/paralegal_agents/__init__.py                   3      3     0%   2-5\napp/paralegal_agents/refactored_agent_sdk.py     148    148     0%   6-429\napp/paralegal_agents/tool_wrappers.py            229    229     0%   6-652\napp/routes/__init__.py                             3      3     0%   4-7\napp/routes/auth_routes_refactored.py             120    120     0%   4-398\napp/routes/case_management_routes.py              52     52     0%   4-117\napp/services/__init__.py                          18     18     0%   4-48\napp/services/auth_service.py                      79     79     0%   1-123\napp/services/case_management_service.py          106    106     0%   1-312\napp/services/document_generation_service.py      140    140     0%   4-374\napp/services/optimized_statute_search.py          87     87     0%   4-233\napp/services/statute_search_service.py           102    102     0%   4-257\napp/services/supreme_court_service.py            149    149     0%   4-376\napp/task_processors.py                           172    172     0%   1-319\napp/validator.py                                  19     19     0%   1-183\n----------------------------------------------------------------------------\nTOTAL                                           4577   3838    16%\nCoverage HTML written to dir htmlcov\n\nFAIL Required test coverage of 80% not reached. Total coverage: 16.15%\n- Generated html report: file:///Volumes/code/cywil/ai-paralegal-poc/reports/20250823-233409/test_streaming_handler/test_streaming_handler.html -\n=========================== short test summary info ============================\nERROR tests/test_streaming_handler.py\n!!!!!!!!!!!!!!!!!!!! Interrupted: 1 error during collection !!!!!!!!!!!!!!!!!!!!\n========================= 1 warning, 1 error in 4.69s ==========================\n",
      "stderr": "",
      "junit_xml": "/Volumes/code/cywil/ai-paralegal-poc/reports/20250823-233409/test_streaming_handler/test_streaming_handler.xml",
      "html_report": "/Volumes/code/cywil/ai-paralegal-poc/reports/20250823-233409/test_streaming_handler/test_streaming_handler.html",
      "json_report": "/Volumes/code/cywil/ai-paralegal-poc/reports/20250823-233409/test_streaming_handler/test_streaming_handler.json"
    },
    {
      "test_file": "/Volumes/code/cywil/ai-paralegal-poc/tests/test_tool_executor.py",
      "exit_code": 1,
      "duration_seconds": 5.815180063247681,
      "stdout": "============================= test session starts ==============================\nplatform darwin -- Python 3.11.13, pytest-8.4.0, pluggy-1.6.0\nrootdir: /Volumes/code/cywil/ai-paralegal-poc/tests\nconfigfile: pytest.ini\nplugins: cov-5.0.0, html-4.1.1, json-report-1.5.0, metadata-3.1.1, anyio-4.10.0, asyncio-1.0.0\nasyncio: mode=Mode.AUTO, asyncio_default_fixture_loop_scope=None, asyncio_default_test_loop_scope=function\ncollected 24 items\n\ntests/test_tool_executor.py EEEEEEEEEEEEEEEEEEEEEEEE                     [100%]\n\n==================================== ERRORS ====================================\n___ ERROR at setup of TestCircuitBreaker.test_circuit_breaker_initial_state ____\n\n    @pytest.fixture(autouse=True)\n    def reset_singletons():\n        \"\"\"Reset singleton instances between tests\"\"\"\n        # Reset service container\n>       from app.core.service_container import service_container\nE       ModuleNotFoundError: No module named 'app.core.service_container'\n\ntests/conftest.py:26: ModuleNotFoundError\n_ ERROR at setup of TestCircuitBreaker.test_circuit_breaker_open_after_failures _\n\n    @pytest.fixture(autouse=True)\n    def reset_singletons():\n        \"\"\"Reset singleton instances between tests\"\"\"\n        # Reset service container\n>       from app.core.service_container import service_container\nE       ModuleNotFoundError: No module named 'app.core.service_container'\n\ntests/conftest.py:26: ModuleNotFoundError\n__ ERROR at setup of TestCircuitBreaker.test_circuit_breaker_recovery_timeout __\n\n    @pytest.fixture(autouse=True)\n    def reset_singletons():\n        \"\"\"Reset singleton instances between tests\"\"\"\n        # Reset service container\n>       from app.core.service_container import service_container\nE       ModuleNotFoundError: No module named 'app.core.service_container'\n\ntests/conftest.py:26: ModuleNotFoundError\n__ ERROR at setup of TestCircuitBreaker.test_circuit_breaker_recovery_success __\n\n    @pytest.fixture(autouse=True)\n    def reset_singletons():\n        \"\"\"Reset singleton instances between tests\"\"\"\n        # Reset service container\n>       from app.core.service_container import service_container\nE       ModuleNotFoundError: No module named 'app.core.service_container'\n\ntests/conftest.py:26: ModuleNotFoundError\n_ ERROR at setup of TestCircuitBreaker.test_circuit_breaker_reopen_on_half_open_failure _\n\n    @pytest.fixture(autouse=True)\n    def reset_singletons():\n        \"\"\"Reset singleton instances between tests\"\"\"\n        # Reset service container\n>       from app.core.service_container import service_container\nE       ModuleNotFoundError: No module named 'app.core.service_container'\n\ntests/conftest.py:26: ModuleNotFoundError\n______ ERROR at setup of TestCircuitBreaker.test_circuit_breaker_metrics _______\n\n    @pytest.fixture(autouse=True)\n    def reset_singletons():\n        \"\"\"Reset singleton instances between tests\"\"\"\n        # Reset service container\n>       from app.core.service_container import service_container\nE       ModuleNotFoundError: No module named 'app.core.service_container'\n\ntests/conftest.py:26: ModuleNotFoundError\n__________ ERROR at setup of TestRetryConfig.test_exponential_backoff __________\n\n    @pytest.fixture(autouse=True)\n    def reset_singletons():\n        \"\"\"Reset singleton instances between tests\"\"\"\n        # Reset service container\n>       from app.core.service_container import service_container\nE       ModuleNotFoundError: No module named 'app.core.service_container'\n\ntests/conftest.py:26: ModuleNotFoundError\n____________ ERROR at setup of TestRetryConfig.test_jitter_addition ____________\n\n    @pytest.fixture(autouse=True)\n    def reset_singletons():\n        \"\"\"Reset singleton instances between tests\"\"\"\n        # Reset service container\n>       from app.core.service_container import service_container\nE       ModuleNotFoundError: No module named 'app.core.service_container'\n\ntests/conftest.py:26: ModuleNotFoundError\n_____ ERROR at setup of TestToolExecutorInitialization.test_initialization _____\n\n    @pytest.fixture(autouse=True)\n    def reset_singletons():\n        \"\"\"Reset singleton instances between tests\"\"\"\n        # Reset service container\n>       from app.core.service_container import service_container\nE       ModuleNotFoundError: No module named 'app.core.service_container'\n\ntests/conftest.py:26: ModuleNotFoundError\n________ ERROR at setup of TestToolExecution.test_successful_execution _________\n\n    @pytest.fixture(autouse=True)\n    def reset_singletons():\n        \"\"\"Reset singleton instances between tests\"\"\"\n        # Reset service container\n>       from app.core.service_container import service_container\nE       ModuleNotFoundError: No module named 'app.core.service_container'\n\ntests/conftest.py:26: ModuleNotFoundError\n_________ ERROR at setup of TestToolExecution.test_circuit_open_error __________\n\n    @pytest.fixture(autouse=True)\n    def reset_singletons():\n        \"\"\"Reset singleton instances between tests\"\"\"\n        # Reset service container\n>       from app.core.service_container import service_container\nE       ModuleNotFoundError: No module named 'app.core.service_container'\n\ntests/conftest.py:26: ModuleNotFoundError\n__________ ERROR at setup of TestToolExecution.test_retry_on_failure ___________\n\n    @pytest.fixture(autouse=True)\n    def reset_singletons():\n        \"\"\"Reset singleton instances between tests\"\"\"\n        # Reset service container\n>       from app.core.service_container import service_container\nE       ModuleNotFoundError: No module named 'app.core.service_container'\n\ntests/conftest.py:26: ModuleNotFoundError\n____ ERROR at setup of TestToolExecution.test_no_retry_on_validation_error _____\n\n    @pytest.fixture(autouse=True)\n    def reset_singletons():\n        \"\"\"Reset singleton instances between tests\"\"\"\n        # Reset service container\n>       from app.core.service_container import service_container\nE       ModuleNotFoundError: No module named 'app.core.service_container'\n\ntests/conftest.py:26: ModuleNotFoundError\n__________ ERROR at setup of TestToolExecution.test_retry_exhaustion ___________\n\n    @pytest.fixture(autouse=True)\n    def reset_singletons():\n        \"\"\"Reset singleton instances between tests\"\"\"\n        # Reset service container\n>       from app.core.service_container import service_container\nE       ModuleNotFoundError: No module named 'app.core.service_container'\n\ntests/conftest.py:26: ModuleNotFoundError\n_______ ERROR at setup of TestMiddleware.test_middleware_execution_order _______\n\n    @pytest.fixture(autouse=True)\n    def reset_singletons():\n        \"\"\"Reset singleton instances between tests\"\"\"\n        # Reset service container\n>       from app.core.service_container import service_container\nE       ModuleNotFoundError: No module named 'app.core.service_container'\n\ntests/conftest.py:26: ModuleNotFoundError\n___________ ERROR at setup of TestMiddleware.test_logging_middleware ___________\n\n    @pytest.fixture(autouse=True)\n    def reset_singletons():\n        \"\"\"Reset singleton instances between tests\"\"\"\n        # Reset service container\n>       from app.core.service_container import service_container\nE       ModuleNotFoundError: No module named 'app.core.service_container'\n\ntests/conftest.py:26: ModuleNotFoundError\n_________ ERROR at setup of TestMiddleware.test_validation_middleware __________\n\n    @pytest.fixture(autouse=True)\n    def reset_singletons():\n        \"\"\"Reset singleton instances between tests\"\"\"\n        # Reset service container\n>       from app.core.service_container import service_container\nE       ModuleNotFoundError: No module named 'app.core.service_container'\n\ntests/conftest.py:26: ModuleNotFoundError\n__________ ERROR at setup of TestMetrics.test_individual_tool_metrics __________\n\n    @pytest.fixture(autouse=True)\n    def reset_singletons():\n        \"\"\"Reset singleton instances between tests\"\"\"\n        # Reset service container\n>       from app.core.service_container import service_container\nE       ModuleNotFoundError: No module named 'app.core.service_container'\n\ntests/conftest.py:26: ModuleNotFoundError\n_____________ ERROR at setup of TestMetrics.test_aggregate_metrics _____________\n\n    @pytest.fixture(autouse=True)\n    def reset_singletons():\n        \"\"\"Reset singleton instances between tests\"\"\"\n        # Reset service container\n>       from app.core.service_container import service_container\nE       ModuleNotFoundError: No module named 'app.core.service_container'\n\ntests/conftest.py:26: ModuleNotFoundError\n_____________ ERROR at setup of TestHealthCheck.test_healthy_state _____________\n\n    @pytest.fixture(autouse=True)\n    def reset_singletons():\n        \"\"\"Reset singleton instances between tests\"\"\"\n        # Reset service container\n>       from app.core.service_container import service_container\nE       ModuleNotFoundError: No module named 'app.core.service_container'\n\ntests/conftest.py:26: ModuleNotFoundError\n____________ ERROR at setup of TestHealthCheck.test_degraded_state _____________\n\n    @pytest.fixture(autouse=True)\n    def reset_singletons():\n        \"\"\"Reset singleton instances between tests\"\"\"\n        # Reset service container\n>       from app.core.service_container import service_container\nE       ModuleNotFoundError: No module named 'app.core.service_container'\n\ntests/conftest.py:26: ModuleNotFoundError\n____________ ERROR at setup of TestHealthCheck.test_unhealthy_state ____________\n\n    @pytest.fixture(autouse=True)\n    def reset_singletons():\n        \"\"\"Reset singleton instances between tests\"\"\"\n        # Reset service container\n>       from app.core.service_container import service_container\nE       ModuleNotFoundError: No module named 'app.core.service_container'\n\ntests/conftest.py:26: ModuleNotFoundError\n_______ ERROR at setup of TestManualOperations.test_manual_circuit_reset _______\n\n    @pytest.fixture(autouse=True)\n    def reset_singletons():\n        \"\"\"Reset singleton instances between tests\"\"\"\n        # Reset service container\n>       from app.core.service_container import service_container\nE       ModuleNotFoundError: No module named 'app.core.service_container'\n\ntests/conftest.py:26: ModuleNotFoundError\n____ ERROR at setup of TestManualOperations.test_configure_circuit_breaker _____\n\n    @pytest.fixture(autouse=True)\n    def reset_singletons():\n        \"\"\"Reset singleton instances between tests\"\"\"\n        # Reset service container\n>       from app.core.service_container import service_container\nE       ModuleNotFoundError: No module named 'app.core.service_container'\n\ntests/conftest.py:26: ModuleNotFoundError\n=============================== warnings summary ===============================\n.venv/lib/python3.11/site-packages/_pytest/config/__init__.py:1474\n  /Volumes/code/cywil/ai-paralegal-poc/.venv/lib/python3.11/site-packages/_pytest/config/__init__.py:1474: PytestConfigWarning: Unknown config option: timeout\n  \n    self._warn_or_fail_if_strict(f\"Unknown config option: {key}\\n\")\n\n-- Docs: https://docs.pytest.org/en/stable/how-to/capture-warnings.html\n- generated xml file: /Volumes/code/cywil/ai-paralegal-poc/reports/20250823-233409/test_tool_executor/test_tool_executor.xml -\n--------------------------------- JSON report ----------------------------------\nreport saved to: /Volumes/code/cywil/ai-paralegal-poc/reports/20250823-233409/test_tool_executor/test_tool_executor.json\n\n--------- coverage: platform darwin, python 3.11.13-final-0 ----------\nName                                           Stmts   Miss  Cover   Missing\n----------------------------------------------------------------------------\napp/__init__.py                                    0      0   100%\napp/auth.py                                       68     68     0%   1-126\napp/auth_routes.py                               133    133     0%   1-350\napp/core/__init__.py                               7      0   100%\napp/core/auth_middleware.py                       92     92     0%   4-212\napp/core/celery_service_wrapper.py               202    202     0%   5-520\napp/core/config_service.py                       166     56    66%   42, 60, 65, 80-82, 98-100, 117-119, 150-152, 156-159, 171-173, 177-183, 187, 191, 196-202, 207-212, 216, 222, 230, 234, 238, 242, 246, 250-252, 263-265\napp/core/conversation_manager.py                 171    171     0%   4-349\napp/core/database_manager.py                     130     86    34%   33-39, 44-89, 93-96, 100-118, 128-139, 146-148, 152-154, 159, 164, 173-176, 180-181, 185-190, 194-198, 202-206, 211-213, 222, 226-233, 239, 244, 248\napp/core/db_optimizations.py                      82     82     0%   4-321\napp/core/exceptions.py                            97     36    63%   11-13, 25-26, 33, 49-50, 57, 64-66, 73-74, 101-102, 119-121, 128-133, 145-146, 163-165, 177-178, 200-203\napp/core/llm_manager.py                          162    120    26%   27-29, 33-39, 43-53, 58, 62-63, 73-78, 83-108, 112-114, 118-138, 145-148, 158-177, 186-204, 212-256, 260-270, 277-286, 290-291, 295, 303\napp/core/logger_manager.py                       279    203    27%   61-78, 83-131, 148-149, 156-159, 165-233, 240-243, 256-269, 286-309, 324-336, 347-352, 436-441, 483-530, 537-547, 554-583, 592-598, 606-620, 627-693, 703-743, 747-788\napp/core/performance_utils.py                    205    205     0%   4-412\napp/core/service_interface.py                    140     87    38%   33-36, 46-49, 56-73, 78, 84-99, 104, 110-135, 143, 148, 153, 161, 173-176, 180-181, 185-186, 191-199, 203-205, 209-210, 214-217, 226, 230-242, 246-248, 252\napp/core/streaming_handler.py                    121    121     0%   5-246\napp/core/tool_executor.py                        226    163    28%   58-60, 65-67, 74-80, 84-98, 102-112, 116-131, 143-147, 151-162, 171-176, 181-186, 190, 194-222, 230, 234-237, 241, 264-314, 323-331, 335-365, 379-384, 390-399, 404-411, 416-421, 424\napp/core/tool_registry.py                        156     98    37%   39-47, 63-71, 84-101, 139-188, 199, 203-206, 210-213, 217-239, 243-252, 256-260, 282, 296, 306-312, 319\napp/database.py                                    1      1     0%   5\napp/dependencies.py                                7      7     0%   2-12\napp/main.py                                      281    281     0%   5-639\napp/main_celery.py                               236    236     0%   4-491\napp/models.py                                    187      2    99%   11, 230\napp/orchestrator.py                                1      1     0%   4\napp/paralegal_agents/__init__.py                   3      3     0%   2-5\napp/paralegal_agents/refactored_agent_sdk.py     148    148     0%   6-429\napp/paralegal_agents/tool_wrappers.py            229    229     0%   6-652\napp/routes/__init__.py                             3      3     0%   4-7\napp/routes/auth_routes_refactored.py             120    120     0%   4-398\napp/routes/case_management_routes.py              52     52     0%   4-117\napp/services/__init__.py                          18     18     0%   4-48\napp/services/auth_service.py                      79     79     0%   1-123\napp/services/case_management_service.py          106    106     0%   1-312\napp/services/document_generation_service.py      140    140     0%   4-374\napp/services/optimized_statute_search.py          87     87     0%   4-233\napp/services/statute_search_service.py           102    102     0%   4-257\napp/services/supreme_court_service.py            149    149     0%   4-376\napp/task_processors.py                           172    172     0%   1-319\napp/validator.py                                  19     19     0%   1-183\n----------------------------------------------------------------------------\nTOTAL                                           4577   3878    15%\nCoverage HTML written to dir htmlcov\n\nFAIL Required test coverage of 80% not reached. Total coverage: 15.27%\n- Generated html report: file:///Volumes/code/cywil/ai-paralegal-poc/reports/20250823-233409/test_tool_executor/test_tool_executor.html -\n=========================== short test summary info ============================\nERROR tests/test_tool_executor.py::TestCircuitBreaker::test_circuit_breaker_initial_state\nERROR tests/test_tool_executor.py::TestCircuitBreaker::test_circuit_breaker_open_after_failures\nERROR tests/test_tool_executor.py::TestCircuitBreaker::test_circuit_breaker_recovery_timeout\nERROR tests/test_tool_executor.py::TestCircuitBreaker::test_circuit_breaker_recovery_success\nERROR tests/test_tool_executor.py::TestCircuitBreaker::test_circuit_breaker_reopen_on_half_open_failure\nERROR tests/test_tool_executor.py::TestCircuitBreaker::test_circuit_breaker_metrics\nERROR tests/test_tool_executor.py::TestRetryConfig::test_exponential_backoff\nERROR tests/test_tool_executor.py::TestRetryConfig::test_jitter_addition - Mo...\nERROR tests/test_tool_executor.py::TestToolExecutorInitialization::test_initialization\nERROR tests/test_tool_executor.py::TestToolExecution::test_successful_execution\nERROR tests/test_tool_executor.py::TestToolExecution::test_circuit_open_error\nERROR tests/test_tool_executor.py::TestToolExecution::test_retry_on_failure\nERROR tests/test_tool_executor.py::TestToolExecution::test_no_retry_on_validation_error\nERROR tests/test_tool_executor.py::TestToolExecution::test_retry_exhaustion\nERROR tests/test_tool_executor.py::TestMiddleware::test_middleware_execution_order\nERROR tests/test_tool_executor.py::TestMiddleware::test_logging_middleware - ...\nERROR tests/test_tool_executor.py::TestMiddleware::test_validation_middleware\nERROR tests/test_tool_executor.py::TestMetrics::test_individual_tool_metrics\nERROR tests/test_tool_executor.py::TestMetrics::test_aggregate_metrics - Modu...\nERROR tests/test_tool_executor.py::TestHealthCheck::test_healthy_state - Modu...\nERROR tests/test_tool_executor.py::TestHealthCheck::test_degraded_state - Mod...\nERROR tests/test_tool_executor.py::TestHealthCheck::test_unhealthy_state - Mo...\nERROR tests/test_tool_executor.py::TestManualOperations::test_manual_circuit_reset\nERROR tests/test_tool_executor.py::TestManualOperations::test_configure_circuit_breaker\n======================== 1 warning, 24 errors in 4.56s =========================\n",
      "stderr": "",
      "junit_xml": "/Volumes/code/cywil/ai-paralegal-poc/reports/20250823-233409/test_tool_executor/test_tool_executor.xml",
      "html_report": "/Volumes/code/cywil/ai-paralegal-poc/reports/20250823-233409/test_tool_executor/test_tool_executor.html",
      "json_report": "/Volumes/code/cywil/ai-paralegal-poc/reports/20250823-233409/test_tool_executor/test_tool_executor.json"
    },
    {
      "test_file": "/Volumes/code/cywil/ai-paralegal-poc/tests/test_tool_registry.py",
      "exit_code": 1,
      "duration_seconds": 5.8178770542144775,
      "stdout": "============================= test session starts ==============================\nplatform darwin -- Python 3.11.13, pytest-8.4.0, pluggy-1.6.0\nrootdir: /Volumes/code/cywil/ai-paralegal-poc/tests\nconfigfile: pytest.ini\nplugins: cov-5.0.0, html-4.1.1, json-report-1.5.0, metadata-3.1.1, anyio-4.10.0, asyncio-1.0.0\nasyncio: mode=Mode.AUTO, asyncio_default_fixture_loop_scope=None, asyncio_default_test_loop_scope=function\ncollected 22 items\n\ntests/test_tool_registry.py EEEEEEEEEEEEEEEEEEEEEE                       [100%]\n\n==================================== ERRORS ====================================\n_______ ERROR at setup of TestToolParameter.test_tool_parameter_creation _______\n\n    @pytest.fixture(autouse=True)\n    def reset_singletons():\n        \"\"\"Reset singleton instances between tests\"\"\"\n        # Reset service container\n>       from app.core.service_container import service_container\nE       ModuleNotFoundError: No module named 'app.core.service_container'\n\ntests/conftest.py:26: ModuleNotFoundError\n___ ERROR at setup of TestToolParameter.test_tool_parameter_to_openai_schema ___\n\n    @pytest.fixture(autouse=True)\n    def reset_singletons():\n        \"\"\"Reset singleton instances between tests\"\"\"\n        # Reset service container\n>       from app.core.service_container import service_container\nE       ModuleNotFoundError: No module named 'app.core.service_container'\n\ntests/conftest.py:26: ModuleNotFoundError\n______ ERROR at setup of TestToolDefinition.test_tool_definition_creation ______\n\n    @pytest.fixture(autouse=True)\n    def reset_singletons():\n        \"\"\"Reset singleton instances between tests\"\"\"\n        # Reset service container\n>       from app.core.service_container import service_container\nE       ModuleNotFoundError: No module named 'app.core.service_container'\n\ntests/conftest.py:26: ModuleNotFoundError\n__ ERROR at setup of TestToolDefinition.test_tool_definition_to_openai_schema __\n\n    @pytest.fixture(autouse=True)\n    def reset_singletons():\n        \"\"\"Reset singleton instances between tests\"\"\"\n        # Reset service container\n>       from app.core.service_container import service_container\nE       ModuleNotFoundError: No module named 'app.core.service_container'\n\ntests/conftest.py:26: ModuleNotFoundError\n_______ ERROR at setup of TestToolDefinition.test_create_pydantic_model ________\n\n    @pytest.fixture(autouse=True)\n    def reset_singletons():\n        \"\"\"Reset singleton instances between tests\"\"\"\n        # Reset service container\n>       from app.core.service_container import service_container\nE       ModuleNotFoundError: No module named 'app.core.service_container'\n\ntests/conftest.py:26: ModuleNotFoundError\n_______ ERROR at setup of TestToolRegistry.test_registry_initialization ________\n\n    @pytest.fixture(autouse=True)\n    def reset_singletons():\n        \"\"\"Reset singleton instances between tests\"\"\"\n        # Reset service container\n>       from app.core.service_container import service_container\nE       ModuleNotFoundError: No module named 'app.core.service_container'\n\ntests/conftest.py:26: ModuleNotFoundError\n________ ERROR at setup of TestToolRegistry.test_register_tool_function ________\n\n    @pytest.fixture(autouse=True)\n    def reset_singletons():\n        \"\"\"Reset singleton instances between tests\"\"\"\n        # Reset service container\n>       from app.core.service_container import service_container\nE       ModuleNotFoundError: No module named 'app.core.service_container'\n\ntests/conftest.py:26: ModuleNotFoundError\n_______ ERROR at setup of TestToolRegistry.test_register_tool_decorator ________\n\n    @pytest.fixture(autouse=True)\n    def reset_singletons():\n        \"\"\"Reset singleton instances between tests\"\"\"\n        # Reset service container\n>       from app.core.service_container import service_container\nE       ModuleNotFoundError: No module named 'app.core.service_container'\n\ntests/conftest.py:26: ModuleNotFoundError\n_______ ERROR at setup of TestToolRegistry.test_register_duplicate_tool ________\n\n    @pytest.fixture(autouse=True)\n    def reset_singletons():\n        \"\"\"Reset singleton instances between tests\"\"\"\n        # Reset service container\n>       from app.core.service_container import service_container\nE       ModuleNotFoundError: No module named 'app.core.service_container'\n\ntests/conftest.py:26: ModuleNotFoundError\n_______________ ERROR at setup of TestToolRegistry.test_get_tool _______________\n\n    @pytest.fixture(autouse=True)\n    def reset_singletons():\n        \"\"\"Reset singleton instances between tests\"\"\"\n        # Reset service container\n>       from app.core.service_container import service_container\nE       ModuleNotFoundError: No module named 'app.core.service_container'\n\ntests/conftest.py:26: ModuleNotFoundError\n______________ ERROR at setup of TestToolRegistry.test_list_tools ______________\n\n    @pytest.fixture(autouse=True)\n    def reset_singletons():\n        \"\"\"Reset singleton instances between tests\"\"\"\n        # Reset service container\n>       from app.core.service_container import service_container\nE       ModuleNotFoundError: No module named 'app.core.service_container'\n\ntests/conftest.py:26: ModuleNotFoundError\n________ ERROR at setup of TestToolRegistry.test_list_tools_by_category ________\n\n    @pytest.fixture(autouse=True)\n    def reset_singletons():\n        \"\"\"Reset singleton instances between tests\"\"\"\n        # Reset service container\n>       from app.core.service_container import service_container\nE       ModuleNotFoundError: No module named 'app.core.service_container'\n\ntests/conftest.py:26: ModuleNotFoundError\n_____________ ERROR at setup of TestToolRegistry.test_get_schemas ______________\n\n    @pytest.fixture(autouse=True)\n    def reset_singletons():\n        \"\"\"Reset singleton instances between tests\"\"\"\n        # Reset service container\n>       from app.core.service_container import service_container\nE       ModuleNotFoundError: No module named 'app.core.service_container'\n\ntests/conftest.py:26: ModuleNotFoundError\n________ ERROR at setup of TestToolExecution.test_execute_tool_success _________\n\n    @pytest.fixture(autouse=True)\n    def reset_singletons():\n        \"\"\"Reset singleton instances between tests\"\"\"\n        # Reset service container\n>       from app.core.service_container import service_container\nE       ModuleNotFoundError: No module named 'app.core.service_container'\n\ntests/conftest.py:26: ModuleNotFoundError\n_______ ERROR at setup of TestToolExecution.test_execute_tool_not_found ________\n\n    @pytest.fixture(autouse=True)\n    def reset_singletons():\n        \"\"\"Reset singleton instances between tests\"\"\"\n        # Reset service container\n>       from app.core.service_container import service_container\nE       ModuleNotFoundError: No module named 'app.core.service_container'\n\ntests/conftest.py:26: ModuleNotFoundError\n_______ ERROR at setup of TestToolExecution.test_execute_tool_validation _______\n\n    @pytest.fixture(autouse=True)\n    def reset_singletons():\n        \"\"\"Reset singleton instances between tests\"\"\"\n        # Reset service container\n>       from app.core.service_container import service_container\nE       ModuleNotFoundError: No module named 'app.core.service_container'\n\ntests/conftest.py:26: ModuleNotFoundError\n_____ ERROR at setup of TestToolExecution.test_execute_tool_with_defaults ______\n\n    @pytest.fixture(autouse=True)\n    def reset_singletons():\n        \"\"\"Reset singleton instances between tests\"\"\"\n        # Reset service container\n>       from app.core.service_container import service_container\nE       ModuleNotFoundError: No module named 'app.core.service_container'\n\ntests/conftest.py:26: ModuleNotFoundError\n_____ ERROR at setup of TestToolExecution.test_execute_tool_error_handling _____\n\n    @pytest.fixture(autouse=True)\n    def reset_singletons():\n        \"\"\"Reset singleton instances between tests\"\"\"\n        # Reset service container\n>       from app.core.service_container import service_container\nE       ModuleNotFoundError: No module named 'app.core.service_container'\n\ntests/conftest.py:26: ModuleNotFoundError\n__________ ERROR at setup of TestToolExecution.test_execute_sync_tool __________\n\n    @pytest.fixture(autouse=True)\n    def reset_singletons():\n        \"\"\"Reset singleton instances between tests\"\"\"\n        # Reset service container\n>       from app.core.service_container import service_container\nE       ModuleNotFoundError: No module named 'app.core.service_container'\n\ntests/conftest.py:26: ModuleNotFoundError\n_____ ERROR at setup of TestGlobalRegistry.test_global_registry_singleton ______\n\n    @pytest.fixture(autouse=True)\n    def reset_singletons():\n        \"\"\"Reset singleton instances between tests\"\"\"\n        # Reset service container\n>       from app.core.service_container import service_container\nE       ModuleNotFoundError: No module named 'app.core.service_container'\n\ntests/conftest.py:26: ModuleNotFoundError\n_______ ERROR at setup of TestGlobalRegistry.test_global_registry_usage ________\n\n    @pytest.fixture(autouse=True)\n    def reset_singletons():\n        \"\"\"Reset singleton instances between tests\"\"\"\n        # Reset service container\n>       from app.core.service_container import service_container\nE       ModuleNotFoundError: No module named 'app.core.service_container'\n\ntests/conftest.py:26: ModuleNotFoundError\n______ ERROR at setup of TestParameterTypeConversion.test_type_conversion ______\n\n    @pytest.fixture(autouse=True)\n    def reset_singletons():\n        \"\"\"Reset singleton instances between tests\"\"\"\n        # Reset service container\n>       from app.core.service_container import service_container\nE       ModuleNotFoundError: No module named 'app.core.service_container'\n\ntests/conftest.py:26: ModuleNotFoundError\n=============================== warnings summary ===============================\n.venv/lib/python3.11/site-packages/_pytest/config/__init__.py:1474\n  /Volumes/code/cywil/ai-paralegal-poc/.venv/lib/python3.11/site-packages/_pytest/config/__init__.py:1474: PytestConfigWarning: Unknown config option: timeout\n  \n    self._warn_or_fail_if_strict(f\"Unknown config option: {key}\\n\")\n\n-- Docs: https://docs.pytest.org/en/stable/how-to/capture-warnings.html\n- generated xml file: /Volumes/code/cywil/ai-paralegal-poc/reports/20250823-233409/test_tool_registry/test_tool_registry.xml -\n--------------------------------- JSON report ----------------------------------\nreport saved to: /Volumes/code/cywil/ai-paralegal-poc/reports/20250823-233409/test_tool_registry/test_tool_registry.json\n\n--------- coverage: platform darwin, python 3.11.13-final-0 ----------\nName                                           Stmts   Miss  Cover   Missing\n----------------------------------------------------------------------------\napp/__init__.py                                    0      0   100%\napp/auth.py                                       68     68     0%   1-126\napp/auth_routes.py                               133    133     0%   1-350\napp/core/__init__.py                               7      0   100%\napp/core/auth_middleware.py                       92     92     0%   4-212\napp/core/celery_service_wrapper.py               202    202     0%   5-520\napp/core/config_service.py                       166     56    66%   42, 60, 65, 80-82, 98-100, 117-119, 150-152, 156-159, 171-173, 177-183, 187, 191, 196-202, 207-212, 216, 222, 230, 234, 238, 242, 246, 250-252, 263-265\napp/core/conversation_manager.py                 171    171     0%   4-349\napp/core/database_manager.py                     130     86    34%   33-39, 44-89, 93-96, 100-118, 128-139, 146-148, 152-154, 159, 164, 173-176, 180-181, 185-190, 194-198, 202-206, 211-213, 222, 226-233, 239, 244, 248\napp/core/db_optimizations.py                      82     82     0%   4-321\napp/core/exceptions.py                            97     36    63%   11-13, 25-26, 33, 49-50, 57, 64-66, 73-74, 101-102, 119-121, 128-133, 145-146, 163-165, 177-178, 200-203\napp/core/llm_manager.py                          162    120    26%   27-29, 33-39, 43-53, 58, 62-63, 73-78, 83-108, 112-114, 118-138, 145-148, 158-177, 186-204, 212-256, 260-270, 277-286, 290-291, 295, 303\napp/core/logger_manager.py                       279    203    27%   61-78, 83-131, 148-149, 156-159, 165-233, 240-243, 256-269, 286-309, 324-336, 347-352, 436-441, 483-530, 537-547, 554-583, 592-598, 606-620, 627-693, 703-743, 747-788\napp/core/performance_utils.py                    205    205     0%   4-412\napp/core/service_interface.py                    140     87    38%   33-36, 46-49, 56-73, 78, 84-99, 104, 110-135, 143, 148, 153, 161, 173-176, 180-181, 185-186, 191-199, 203-205, 209-210, 214-217, 226, 230-242, 246-248, 252\napp/core/streaming_handler.py                    121    121     0%   5-246\napp/core/tool_executor.py                        226    163    28%   58-60, 65-67, 74-80, 84-98, 102-112, 116-131, 143-147, 151-162, 171-176, 181-186, 190, 194-222, 230, 234-237, 241, 264-314, 323-331, 335-365, 379-384, 390-399, 404-411, 416-421, 424\napp/core/tool_registry.py                        156     98    37%   39-47, 63-71, 84-101, 139-188, 199, 203-206, 210-213, 217-239, 243-252, 256-260, 282, 296, 306-312, 319\napp/database.py                                    1      1     0%   5\napp/dependencies.py                                7      7     0%   2-12\napp/main.py                                      281    281     0%   5-639\napp/main_celery.py                               236    236     0%   4-491\napp/models.py                                    187      2    99%   11, 230\napp/orchestrator.py                                1      1     0%   4\napp/paralegal_agents/__init__.py                   3      3     0%   2-5\napp/paralegal_agents/refactored_agent_sdk.py     148    148     0%   6-429\napp/paralegal_agents/tool_wrappers.py            229    229     0%   6-652\napp/routes/__init__.py                             3      3     0%   4-7\napp/routes/auth_routes_refactored.py             120    120     0%   4-398\napp/routes/case_management_routes.py              52     52     0%   4-117\napp/services/__init__.py                          18     18     0%   4-48\napp/services/auth_service.py                      79     79     0%   1-123\napp/services/case_management_service.py          106    106     0%   1-312\napp/services/document_generation_service.py      140    140     0%   4-374\napp/services/optimized_statute_search.py          87     87     0%   4-233\napp/services/statute_search_service.py           102    102     0%   4-257\napp/services/supreme_court_service.py            149    149     0%   4-376\napp/task_processors.py                           172    172     0%   1-319\napp/validator.py                                  19     19     0%   1-183\n----------------------------------------------------------------------------\nTOTAL                                           4577   3878    15%\nCoverage HTML written to dir htmlcov\n\nFAIL Required test coverage of 80% not reached. Total coverage: 15.27%\n- Generated html report: file:///Volumes/code/cywil/ai-paralegal-poc/reports/20250823-233409/test_tool_registry/test_tool_registry.html -\n=========================== short test summary info ============================\nERROR tests/test_tool_registry.py::TestToolParameter::test_tool_parameter_creation\nERROR tests/test_tool_registry.py::TestToolParameter::test_tool_parameter_to_openai_schema\nERROR tests/test_tool_registry.py::TestToolDefinition::test_tool_definition_creation\nERROR tests/test_tool_registry.py::TestToolDefinition::test_tool_definition_to_openai_schema\nERROR tests/test_tool_registry.py::TestToolDefinition::test_create_pydantic_model\nERROR tests/test_tool_registry.py::TestToolRegistry::test_registry_initialization\nERROR tests/test_tool_registry.py::TestToolRegistry::test_register_tool_function\nERROR tests/test_tool_registry.py::TestToolRegistry::test_register_tool_decorator\nERROR tests/test_tool_registry.py::TestToolRegistry::test_register_duplicate_tool\nERROR tests/test_tool_registry.py::TestToolRegistry::test_get_tool - ModuleNo...\nERROR tests/test_tool_registry.py::TestToolRegistry::test_list_tools - Module...\nERROR tests/test_tool_registry.py::TestToolRegistry::test_list_tools_by_category\nERROR tests/test_tool_registry.py::TestToolRegistry::test_get_schemas - Modul...\nERROR tests/test_tool_registry.py::TestToolExecution::test_execute_tool_success\nERROR tests/test_tool_registry.py::TestToolExecution::test_execute_tool_not_found\nERROR tests/test_tool_registry.py::TestToolExecution::test_execute_tool_validation\nERROR tests/test_tool_registry.py::TestToolExecution::test_execute_tool_with_defaults\nERROR tests/test_tool_registry.py::TestToolExecution::test_execute_tool_error_handling\nERROR tests/test_tool_registry.py::TestToolExecution::test_execute_sync_tool\nERROR tests/test_tool_registry.py::TestGlobalRegistry::test_global_registry_singleton\nERROR tests/test_tool_registry.py::TestGlobalRegistry::test_global_registry_usage\nERROR tests/test_tool_registry.py::TestParameterTypeConversion::test_type_conversion\n======================== 1 warning, 22 errors in 4.58s =========================\n",
      "stderr": "",
      "junit_xml": "/Volumes/code/cywil/ai-paralegal-poc/reports/20250823-233409/test_tool_registry/test_tool_registry.xml",
      "html_report": "/Volumes/code/cywil/ai-paralegal-poc/reports/20250823-233409/test_tool_registry/test_tool_registry.html",
      "json_report": "/Volumes/code/cywil/ai-paralegal-poc/reports/20250823-233409/test_tool_registry/test_tool_registry.json"
    }
  ]
}